2024-08-08 22:01:50.010 [info] [main] Log level: Info
2024-08-08 22:01:50.010 [info] [main] Validating found git in: "git"
2024-08-08 22:01:50.010 [info] [main] Using git "2.46.0" from "git"
2024-08-08 22:01:50.010 [info] [Model][doInitialScan] Initial repository scan started
2024-08-08 22:01:50.010 [info] > git rev-parse --show-toplevel [4ms]
2024-08-08 22:01:50.010 [info] > git rev-parse --git-dir --git-common-dir [6ms]
2024-08-08 22:01:50.010 [info] [Model][openRepository] Opened repository: /home/urielsantiago/Documents/GitHub/dissertation
2024-08-08 22:01:50.010 [info] > git config --get commit.template [5ms]
2024-08-08 22:01:50.024 [info] > git rev-parse --show-toplevel [4ms]
2024-08-08 22:01:50.024 [info] > git for-each-ref --format=%(refname)%00%(upstream:short)%00%(objectname)%00%(upstream:track)%00%(upstream:remotename)%00%(upstream:remoteref) refs/heads/dev refs/remotes/dev [9ms]
2024-08-08 22:01:50.031 [info] > git rev-parse --show-toplevel [0ms]
2024-08-08 22:01:50.042 [info] > git rev-parse --show-toplevel [1ms]
2024-08-08 22:01:50.052 [info] > git status -z -uall [15ms]
2024-08-08 22:01:50.052 [info] > git rev-parse --show-toplevel [4ms]
2024-08-08 22:01:50.070 [info] > git for-each-ref --format=%(refname)%00%(upstream:short)%00%(objectname)%00%(upstream:track)%00%(upstream:remotename)%00%(upstream:remoteref) refs/heads/dev refs/remotes/dev [14ms]
2024-08-08 22:01:50.076 [info] > git config --local branch.dev.vscode-merge-base [1ms]
2024-08-08 22:01:50.081 [info] > git config --get commit.template [11ms]
2024-08-08 22:01:50.081 [info] > git rev-parse --show-toplevel [16ms]
2024-08-08 22:01:50.087 [info] > git for-each-ref --format=%(refname)%00%(upstream:short)%00%(objectname)%00%(upstream:track)%00%(upstream:remotename)%00%(upstream:remoteref) refs/heads/origin/main refs/remotes/origin/main [7ms]
2024-08-08 22:01:50.097 [info] > git rev-parse --show-toplevel [10ms]
2024-08-08 22:01:50.103 [info] > git merge-base refs/heads/dev refs/remotes/origin/dev [11ms]
2024-08-08 22:01:50.109 [info] > git for-each-ref --format=%(refname)%00%(upstream:short)%00%(objectname)%00%(upstream:track)%00%(upstream:remotename)%00%(upstream:remoteref) refs/heads/dev refs/remotes/dev [12ms]
2024-08-08 22:01:50.109 [info] > git rev-parse --show-toplevel [6ms]
2024-08-08 22:01:50.121 [info] > git rev-list --count --left-right refs/heads/dev...refs/remotes/origin/dev [13ms]
2024-08-08 22:01:50.128 [info] > git rev-parse --show-toplevel [8ms]
2024-08-08 22:01:50.128 [info] [Model][doInitialScan] Initial repository scan completed - repositories (1), closed repositories (0), parent repositories (0), unsafe repositories (0)
2024-08-08 22:01:50.128 [info] > git diff --name-status -z --diff-filter=ADMR bd5fe8c2f45e9be13ed6d2ee60327e879057aac6...refs/remotes/origin/dev [2ms]
2024-08-08 22:01:50.144 [info] > git status -z -uall [10ms]
2024-08-08 22:01:50.151 [info] > git for-each-ref --format=%(refname)%00%(upstream:short)%00%(objectname)%00%(upstream:track)%00%(upstream:remotename)%00%(upstream:remoteref) refs/heads/dev refs/remotes/dev [2ms]
2024-08-08 22:01:50.158 [info] > git config --local branch.dev.vscode-merge-base [2ms]
2024-08-08 22:01:50.168 [info] > git for-each-ref --format=%(refname)%00%(upstream:short)%00%(objectname)%00%(upstream:track)%00%(upstream:remotename)%00%(upstream:remoteref) refs/heads/origin/main refs/remotes/origin/main [5ms]
2024-08-08 22:01:50.328 [info] > git show --textconv :index.tex [6ms]
2024-08-08 22:01:50.329 [info] > git ls-files --stage -- /home/urielsantiago/Documents/GitHub/dissertation/index.tex [1ms]
2024-08-08 22:01:50.335 [info] > git cat-file -s f7279848b0ac19daf892298de020298f1b873b3a [3ms]
2024-08-08 22:01:50.502 [info] > git check-ignore -v -z --stdin [1ms]
