2024-08-08 09:27:46.936 [info] [main] Log level: Info
2024-08-08 09:27:46.936 [info] [main] Validating found git in: "git"
2024-08-08 09:27:46.936 [info] [main] Using git "2.46.0" from "git"
2024-08-08 09:27:46.936 [info] [Model][doInitialScan] Initial repository scan started
2024-08-08 09:27:46.936 [info] > git rev-parse --show-toplevel [8ms]
2024-08-08 09:27:46.936 [info] > git rev-parse --git-dir --git-common-dir [3ms]
2024-08-08 09:27:46.936 [info] [Model][openRepository] Opened repository: /home/urielsantiago/Documents/GitHub/dissertation
2024-08-08 09:27:46.937 [info] > git config --get commit.template [4ms]
2024-08-08 09:27:46.949 [info] > git for-each-ref --format=%(refname)%00%(upstream:short)%00%(objectname)%00%(upstream:track)%00%(upstream:remotename)%00%(upstream:remoteref) refs/heads/dev refs/remotes/dev [3ms]
2024-08-08 09:27:46.968 [info] > git status -z -uall [13ms]
2024-08-08 09:27:46.969 [info] > git rev-parse --show-toplevel [8ms]
2024-08-08 09:27:46.987 [info] > git for-each-ref --format=%(refname)%00%(upstream:short)%00%(objectname)%00%(upstream:track)%00%(upstream:remotename)%00%(upstream:remoteref) refs/heads/dev refs/remotes/dev [13ms]
2024-08-08 09:27:46.995 [info] > git config --get commit.template [9ms]
2024-08-08 09:27:46.995 [info] > git rev-parse --show-toplevel [13ms]
2024-08-08 09:27:47.002 [info] > git config --local branch.dev.vscode-merge-base [9ms]
2024-08-08 09:27:47.116 [info] > git rev-parse --show-toplevel [115ms]
2024-08-08 09:27:47.131 [info] > git for-each-ref --format=%(refname)%00%(upstream:short)%00%(objectname)%00%(upstream:track)%00%(upstream:remotename)%00%(upstream:remoteref) refs/heads/dev refs/remotes/dev [117ms]
2024-08-08 09:27:47.136 [info] > git for-each-ref --format=%(refname)%00%(upstream:short)%00%(objectname)%00%(upstream:track)%00%(upstream:remotename)%00%(upstream:remoteref) refs/heads/origin/main refs/remotes/origin/main [129ms]
2024-08-08 09:27:47.153 [info] > git status -z -uall [18ms]
2024-08-08 09:27:47.160 [info] > git rev-parse --show-toplevel [30ms]
2024-08-08 09:27:47.227 [info] > git for-each-ref --format=%(refname)%00%(upstream:short)%00%(objectname)%00%(upstream:track)%00%(upstream:remotename)%00%(upstream:remoteref) refs/heads/dev refs/remotes/dev [68ms]
2024-08-08 09:27:47.233 [info] > git config --local branch.dev.vscode-merge-base [1ms]
2024-08-08 09:27:47.239 [info] > git rev-parse --show-toplevel [73ms]
2024-08-08 09:27:47.247 [info] > git for-each-ref --format=%(refname)%00%(upstream:short)%00%(objectname)%00%(upstream:track)%00%(upstream:remotename)%00%(upstream:remoteref) refs/heads/origin/main refs/remotes/origin/main [8ms]
2024-08-08 09:27:47.248 [info] > git rev-parse --show-toplevel [2ms]
2024-08-08 09:27:47.256 [info] > git rev-parse --show-toplevel [3ms]
2024-08-08 09:27:47.264 [info] > git rev-parse --show-toplevel [2ms]
2024-08-08 09:27:47.311 [info] > git rev-parse --show-toplevel [33ms]
2024-08-08 09:27:47.311 [info] [Model][doInitialScan] Initial repository scan completed - repositories (1), closed repositories (0), parent repositories (0), unsafe repositories (0)
2024-08-08 09:27:47.469 [info] > git show --textconv :index.tex [6ms]
2024-08-08 09:27:47.474 [info] > git ls-files --stage -- /home/urielsantiago/Documents/GitHub/dissertation/index.tex [6ms]
2024-08-08 09:27:47.478 [info] > git check-ignore -v -z --stdin [5ms]
2024-08-08 09:27:47.479 [info] > git cat-file -s f7279848b0ac19daf892298de020298f1b873b3a [1ms]
2024-08-08 21:58:05.338 [info] > git check-ignore -v -z --stdin [1ms]
2024-08-08 22:01:28.723 [info] > git config --get commit.template [7ms]
2024-08-08 22:01:28.728 [info] > git ls-files --stage -- /home/urielsantiago/Documents/GitHub/dissertation/index.tex [7ms]
2024-08-08 22:01:28.733 [info] > git for-each-ref --format=%(refname)%00%(upstream:short)%00%(objectname)%00%(upstream:track)%00%(upstream:remotename)%00%(upstream:remoteref) refs/heads/dev refs/remotes/dev [6ms]
2024-08-08 22:01:28.734 [info] > git cat-file -s f7279848b0ac19daf892298de020298f1b873b3a [1ms]
2024-08-08 22:01:28.747 [info] > git show --textconv :index.tex [1ms]
2024-08-08 22:01:28.751 [info] > git status -z -uall [11ms]
2024-08-08 22:01:28.758 [info] > git for-each-ref --format=%(refname)%00%(upstream:short)%00%(objectname)%00%(upstream:track)%00%(upstream:remotename)%00%(upstream:remoteref) refs/heads/dev refs/remotes/dev [2ms]
2024-08-08 22:01:28.763 [info] > git config --local branch.dev.vscode-merge-base [1ms]
2024-08-08 22:01:28.769 [info] > git for-each-ref --format=%(refname)%00%(upstream:short)%00%(objectname)%00%(upstream:track)%00%(upstream:remotename)%00%(upstream:remoteref) refs/heads/origin/main refs/remotes/origin/main [1ms]
2024-08-08 22:01:28.775 [info] > git merge-base refs/heads/dev refs/remotes/origin/dev [1ms]
2024-08-08 22:01:28.781 [info] > git rev-list --count --left-right refs/heads/dev...refs/remotes/origin/dev [1ms]
2024-08-08 22:01:28.787 [info] > git diff --name-status -z --diff-filter=ADMR bd5fe8c2f45e9be13ed6d2ee60327e879057aac6...refs/remotes/origin/dev [1ms]
2024-08-08 22:01:29.223 [info] > git check-ignore -v -z --stdin [1ms]
2024-08-08 22:01:33.771 [info] > git config --get commit.template [1ms]
2024-08-08 22:01:33.776 [info] > git for-each-ref --format=%(refname)%00%(upstream:short)%00%(objectname)%00%(upstream:track)%00%(upstream:remotename)%00%(upstream:remoteref) refs/heads/dev refs/remotes/dev [0ms]
2024-08-08 22:01:33.790 [info] > git status -z -uall [9ms]
2024-08-08 22:01:33.798 [info] > git for-each-ref --format=%(refname)%00%(upstream:short)%00%(objectname)%00%(upstream:track)%00%(upstream:remotename)%00%(upstream:remoteref) refs/heads/dev refs/remotes/dev [2ms]
2024-08-08 22:01:33.803 [info] > git config --local branch.dev.vscode-merge-base [1ms]
2024-08-08 22:01:33.810 [info] > git for-each-ref --format=%(refname)%00%(upstream:short)%00%(objectname)%00%(upstream:track)%00%(upstream:remotename)%00%(upstream:remoteref) refs/heads/origin/main refs/remotes/origin/main [0ms]
