2024-08-10T02:05:45.054Z - info: [ui] [AppStore] loading 2 repositories from store
2024-08-10T02:05:45.056Z - info: [ui] [AppStore] found account: urielsantiago69 (urielsantiago69)
2024-08-10T02:05:45.131Z - info: [ui] [BranchPruner] No branches to prune.
2024-08-10T02:05:45.260Z - info: [ui] launching: 3.4.2-linux1 (Linux 6.10.3-arch1-2)
2024-08-10T02:05:45.260Z - info: [ui] execPath: '/opt/github-desktop/github-desktop'
2024-08-10T02:05:45.736Z - info: [ui] Subscribed 'urielsantiago69' to Alive channel
2024-08-10T02:05:45.896Z - info: [ui] Stats reported.
2024-08-10T02:05:49.822Z - info: [ui] credential-helper: found GitHub credential for https://github.com/ in store
2024-08-10T02:05:51.081Z - info: [ui] Executing fetch: git fetch --progress --prune --recurse-submodules=on-demand origin (took 1.807s)
2024-08-10T02:05:51.379Z - info: [ui] credential-helper: found GitHub credential for https://github.com/ in store
2024-08-10T02:06:06.298Z - info: [ui] credential-helper: found GitHub credential for https://github.com/ in store
2024-08-10T02:06:06.957Z - info: [ui] Executing pull: git -c rebase.backend=merge pull --ff --recurse-submodules --progress origin (took 1.058s)
2024-08-10T02:06:07.331Z - info: [ui] credential-helper: found GitHub credential for https://github.com/ in store
2024-08-10T02:06:08.040Z - info: [ui] Executing updateRemoteHEAD: git remote set-head -a origin (took 1.082s)
2024-08-10T02:06:17.909Z - info: [ui] [BranchPruner] Last prune took place 33 seconds ago - skipping
2024-08-10T02:06:18.190Z - info: [ui] [RepositoryIndicatorUpdater]: Refreshing sidebar indicators for 1 repositories took 0.4s of which 0.0s paused, total 0.4s
2024-08-10T02:06:20.445Z - info: [ui] [Timing] Action 'checkout branch from list' for 'emersonbanez/dissertation' took 0.073s
2024-08-10T02:07:46.812Z - info: [ui] [AppStore] adding repository at /home/urielsantiago/Documents/GitHub/dotfiles/dotfiles to store
2024-08-10T02:08:25.700Z - info: [ui] [BranchPruner] No branches to prune.
2024-08-10T02:08:25.884Z - info: [ui] credential-helper: found GitHub credential for https://github.com/ in store
2024-08-10T02:08:26.607Z - info: [ui] Executing fetch: git fetch --progress --prune --recurse-submodules=on-demand origin (took 1.151s)
2024-08-10T02:08:26.985Z - info: [ui] credential-helper: found GitHub credential for https://github.com/ in store
2024-08-10T02:08:48.392Z - info: [ui] [AppStore] loading 2 repositories from store
2024-08-10T02:08:48.394Z - info: [ui] [AppStore] found account: urielsantiago69 (urielsantiago69)
2024-08-10T02:08:48.419Z - info: [ui] [BranchPruner] Last prune took place 23 seconds ago - skipping
2024-08-10T02:08:48.730Z - info: [ui] launching: 3.4.2-linux1 (Linux 6.10.3-arch1-2)
2024-08-10T02:08:48.730Z - info: [ui] execPath: '/opt/github-desktop/github-desktop'
2024-08-10T02:08:49.201Z - info: [ui] Subscribed 'urielsantiago69' to Alive channel
2024-08-10T02:09:12.558Z - info: [ui] [AppStore] adding repository at /home/urielsantiago/Documents/GitHub/dotfiles to store
2024-08-10T02:17:29.639Z - info: [ui] [RepositoryIndicatorUpdater]: Refreshing sidebar indicators for 3 repositories took 0.6s of which 494.8s paused, total 495.4s
2024-08-10T02:17:55.620Z - info: [ui] [Timing] Action 'create commit' for 'dotfiles' took 0.061s
2024-08-10T02:18:21.025Z - info: [ui] credential-helper: found GitHub credential for https://github.com/ in store
2024-08-10T02:18:22.465Z - info: [ui] Executing push: git push origin main --set-upstream --progress (took 1.929s)
2024-08-10T02:18:24.602Z - info: [ui] [BranchPruner] No branches to prune.
