2024-07-31T23:06:42.028Z - info: [ui] [AppStore] loading 0 repositories from store
2024-07-31T23:06:42.107Z - info: [ui] [Welcome] no sign in step found. ignoring...
2024-07-31T23:06:42.109Z - info: [ui] launching: 3.4.2-linux1 (Linux 6.10.2-arch1-1)
2024-07-31T23:06:42.109Z - info: [ui] execPath: '/opt/github-desktop/github-desktop'
2024-07-31T23:06:42.306Z - info: [ui] [Welcome] no sign in step found. ignoring...
2024-07-31T23:06:44.442Z - info: [ui] Opt in reported.
2024-07-31T23:06:57.594Z - info: [ui] [Welcome] advancing to step: SignInToDotComWithBrowser
2024-07-31T23:06:57.598Z - info: [ui] [SignInStore] initializing OAuth flow
2024-07-31T23:06:57.598Z - info: [main] opening in browser: https://github.com/login/oauth/authorize?client_id=3a723b10ac5575cc5bb9&scope=repo%20user%20workflow&state=28a83a63-023c-4ef6-9616-ea6a070bb6a5
2024-07-31T23:06:57.598Z - info: [ui] [SignInStore] account resolved
2024-07-31T23:06:57.599Z - info: [ui] [Welcome] current sign in state not found. ignoring...
2024-07-31T23:07:00.827Z - info: [ui] [Welcome] kind Authentication is the same as Authentication. ignoring...
2024-07-31T23:07:08.144Z - info: [ui] [Welcome] kind Authentication is the same as Authentication. ignoring...
2024-07-31T23:12:09.348Z - info: [ui] [Welcome] kind Authentication is the same as Authentication. ignoring...
2024-07-31T23:21:06.345Z - info: [ui] [Welcome] kind Authentication is the same as Authentication. ignoring...
2024-07-31T23:21:08.893Z - info: [ui] [Welcome] kind Authentication is the same as Authentication. ignoring...
2024-07-31T23:22:30.971Z - info: [main] Received possible protocol arguments: 3
2024-07-31T23:22:30.971Z - info: [main] Processing protocol url
2024-07-31T23:22:30.979Z - info: [ui] [Welcome] kind Authentication is the same as Authentication. ignoring...
2024-07-31T23:22:30.979Z - info: [ui] [Welcome] kind Authentication is the same as Authentication. ignoring...
2024-07-31T23:22:31.030Z - info: [main] Received possible protocol arguments: 2
2024-07-31T23:22:31.034Z - info: [main] Processing protocol url
2024-07-31T23:22:32.674Z - info: [ui] [AppStore] adding account emersonbanez (Emerson Banez) to store
2024-07-31T23:22:32.675Z - info: [ui] [Welcome] advancing to step: ConfigureGit
2024-07-31T23:22:32.703Z - info: [ui] [Welcome] no sign in step found. ignoring...
2024-07-31T23:22:32.707Z - info: [ui] [Welcome] no sign in step found. ignoring...
2024-07-31T23:22:33.765Z - info: [ui] Subscribed 'emersonbanez' to Alive channel
2024-07-31T23:22:33.766Z - info: [ui] [Welcome] no sign in step found. ignoring...
