2024-08-07T23:27:31.441Z [Modules] Modules initializing
2024-08-07T23:27:31.441Z [Modules] Distribution: remote
2024-08-07T23:27:31.441Z [Modules] Host updates: enabled
2024-08-07T23:27:31.441Z [Modules] Module updates: enabled
2024-08-07T23:27:31.441Z [Modules] Module install path: /home/urielsantiago/.config/discord/0.0.63/modules
2024-08-07T23:27:31.441Z [Modules] Module installed file path: /home/urielsantiago/.config/discord/0.0.63/modules/installed.json
2024-08-07T23:27:31.441Z [Modules] Module download path: /home/urielsantiago/.config/discord/0.0.63/modules/pending
2024-08-07T23:27:31.634Z [Modules] Bootstrapping...
2024-08-07T23:27:31.634Z [Modules] Installing discord_desktop_core@0 from /opt/discord/resources/bootstrap/discord_desktop_core.zip
2024-08-07T23:27:31.636Z [Modules] Failed installing discord_desktop_core@0: Error: ENOENT: no such file or directory, open '/opt/discord/resources/bootstrap/discord_desktop_core.zip'
2024-08-07T23:27:31.636Z [Modules] Installing discord_erlpack@0 from /opt/discord/resources/bootstrap/discord_erlpack.zip
2024-08-07T23:27:31.636Z [Modules] Failed installing discord_erlpack@0: Error: ENOENT: no such file or directory, open '/opt/discord/resources/bootstrap/discord_erlpack.zip'
2024-08-07T23:27:31.636Z [Modules] Installing discord_spellcheck@0 from /opt/discord/resources/bootstrap/discord_spellcheck.zip
2024-08-07T23:27:31.637Z [Modules] Failed installing discord_spellcheck@0: Error: ENOENT: no such file or directory, open '/opt/discord/resources/bootstrap/discord_spellcheck.zip'
2024-08-07T23:27:31.637Z [Modules] Installing discord_utils@0 from /opt/discord/resources/bootstrap/discord_utils.zip
2024-08-07T23:27:31.637Z [Modules] Failed installing discord_utils@0: Error: ENOENT: no such file or directory, open '/opt/discord/resources/bootstrap/discord_utils.zip'
2024-08-07T23:27:31.637Z [Modules] Installing discord_voice@0 from /opt/discord/resources/bootstrap/discord_voice.zip
2024-08-07T23:27:31.637Z [Modules] Failed installing discord_voice@0: Error: ENOENT: no such file or directory, open '/opt/discord/resources/bootstrap/discord_voice.zip'
2024-08-07T23:27:31.637Z [Modules] Installing discord_zstd@0 from /opt/discord/resources/bootstrap/discord_zstd.zip
2024-08-07T23:27:31.638Z [Modules] Failed installing discord_zstd@0: Error: ENOENT: no such file or directory, open '/opt/discord/resources/bootstrap/discord_zstd.zip'
2024-08-07T23:27:31.638Z [Modules] Finished module installations. [success: 0] [failure: 6]
2024-08-07T23:27:31.638Z [Modules] Checking for host updates.
2024-08-07T23:27:32.107Z [Modules] Host is up to date.
2024-08-07T23:27:32.107Z [Modules] Checking for module updates at https://discord.com/api/modules/stable/versions.json
2024-08-07T23:27:32.155Z [Modules] Module update available: discord_desktop_core@1 [installed: 0]
2024-08-07T23:27:32.155Z [Modules] Module update available: discord_erlpack@1 [installed: 0]
2024-08-07T23:27:32.155Z [Modules] Module update available: discord_spellcheck@1 [installed: 0]
2024-08-07T23:27:32.155Z [Modules] Module update available: discord_utils@1 [installed: 0]
2024-08-07T23:27:32.155Z [Modules] Module update available: discord_voice@1 [installed: 0]
2024-08-07T23:27:32.155Z [Modules] Module update available: discord_zstd@1 [installed: 0]
2024-08-07T23:27:32.156Z [Modules] Fetching discord_desktop_core@1 from https://discord.com/api/modules/stable/discord_desktop_core/1
2024-08-07T23:27:32.156Z [Modules] Streaming discord_desktop_core@1 to /home/urielsantiago/.config/discord/0.0.63/modules/pending/discord_desktop_core-1.zip
2024-08-07T23:27:32.590Z [Modules] Streaming discord_desktop_core@1 to /home/urielsantiago/.config/discord/0.0.63/modules/pending/discord_desktop_core-1.zip: 3%
2024-08-07T23:27:32.602Z [Modules] Streaming discord_desktop_core@1 to /home/urielsantiago/.config/discord/0.0.63/modules/pending/discord_desktop_core-1.zip: 4%
2024-08-07T23:27:32.623Z [Modules] Streaming discord_desktop_core@1 to /home/urielsantiago/.config/discord/0.0.63/modules/pending/discord_desktop_core-1.zip: 5%
2024-08-07T23:27:32.663Z [Modules] Streaming discord_desktop_core@1 to /home/urielsantiago/.config/discord/0.0.63/modules/pending/discord_desktop_core-1.zip: 6%
2024-08-07T23:27:32.670Z [Modules] Streaming discord_desktop_core@1 to /home/urielsantiago/.config/discord/0.0.63/modules/pending/discord_desktop_core-1.zip: 7%
2024-08-07T23:27:32.674Z [Modules] Streaming discord_desktop_core@1 to /home/urielsantiago/.config/discord/0.0.63/modules/pending/discord_desktop_core-1.zip: 8%
2024-08-07T23:27:32.685Z [Modules] Streaming discord_desktop_core@1 to /home/urielsantiago/.config/discord/0.0.63/modules/pending/discord_desktop_core-1.zip: 9%
2024-08-07T23:27:32.719Z [Modules] Streaming discord_desktop_core@1 to /home/urielsantiago/.config/discord/0.0.63/modules/pending/discord_desktop_core-1.zip: 11%
2024-08-07T23:27:32.720Z [Modules] Streaming discord_desktop_core@1 to /home/urielsantiago/.config/discord/0.0.63/modules/pending/discord_desktop_core-1.zip: 14%
2024-08-07T23:27:32.738Z [Modules] Streaming discord_desktop_core@1 to /home/urielsantiago/.config/discord/0.0.63/modules/pending/discord_desktop_core-1.zip: 15%
2024-08-07T23:27:32.782Z [Modules] Streaming discord_desktop_core@1 to /home/urielsantiago/.config/discord/0.0.63/modules/pending/discord_desktop_core-1.zip: 16%
2024-08-07T23:27:32.785Z [Modules] Streaming discord_desktop_core@1 to /home/urielsantiago/.config/discord/0.0.63/modules/pending/discord_desktop_core-1.zip: 17%
2024-08-07T23:27:32.800Z [Modules] Streaming discord_desktop_core@1 to /home/urielsantiago/.config/discord/0.0.63/modules/pending/discord_desktop_core-1.zip: 18%
2024-08-07T23:27:32.802Z [Modules] Streaming discord_desktop_core@1 to /home/urielsantiago/.config/discord/0.0.63/modules/pending/discord_desktop_core-1.zip: 19%
2024-08-07T23:27:32.804Z [Modules] Streaming discord_desktop_core@1 to /home/urielsantiago/.config/discord/0.0.63/modules/pending/discord_desktop_core-1.zip: 22%
2024-08-07T23:27:32.805Z [Modules] Streaming discord_desktop_core@1 to /home/urielsantiago/.config/discord/0.0.63/modules/pending/discord_desktop_core-1.zip: 24%
2024-08-07T23:27:32.807Z [Modules] Streaming discord_desktop_core@1 to /home/urielsantiago/.config/discord/0.0.63/modules/pending/discord_desktop_core-1.zip: 27%
2024-08-07T23:27:32.808Z [Modules] Streaming discord_desktop_core@1 to /home/urielsantiago/.config/discord/0.0.63/modules/pending/discord_desktop_core-1.zip: 28%
2024-08-07T23:27:32.809Z [Modules] Streaming discord_desktop_core@1 to /home/urielsantiago/.config/discord/0.0.63/modules/pending/discord_desktop_core-1.zip: 29%
2024-08-07T23:27:32.813Z [Modules] Streaming discord_desktop_core@1 to /home/urielsantiago/.config/discord/0.0.63/modules/pending/discord_desktop_core-1.zip: 30%
2024-08-07T23:27:32.817Z [Modules] Streaming discord_desktop_core@1 to /home/urielsantiago/.config/discord/0.0.63/modules/pending/discord_desktop_core-1.zip: 33%
2024-08-07T23:27:32.818Z [Modules] Streaming discord_desktop_core@1 to /home/urielsantiago/.config/discord/0.0.63/modules/pending/discord_desktop_core-1.zip: 34%
2024-08-07T23:27:32.886Z [Modules] Streaming discord_desktop_core@1 to /home/urielsantiago/.config/discord/0.0.63/modules/pending/discord_desktop_core-1.zip: 36%
2024-08-07T23:27:32.887Z [Modules] Streaming discord_desktop_core@1 to /home/urielsantiago/.config/discord/0.0.63/modules/pending/discord_desktop_core-1.zip: 37%
2024-08-07T23:27:32.894Z [Modules] Streaming discord_desktop_core@1 to /home/urielsantiago/.config/discord/0.0.63/modules/pending/discord_desktop_core-1.zip: 38%
2024-08-07T23:27:32.931Z [Modules] Streaming discord_desktop_core@1 to /home/urielsantiago/.config/discord/0.0.63/modules/pending/discord_desktop_core-1.zip: 40%
2024-08-07T23:27:32.933Z [Modules] Streaming discord_desktop_core@1 to /home/urielsantiago/.config/discord/0.0.63/modules/pending/discord_desktop_core-1.zip: 42%
2024-08-07T23:27:32.934Z [Modules] Streaming discord_desktop_core@1 to /home/urielsantiago/.config/discord/0.0.63/modules/pending/discord_desktop_core-1.zip: 44%
2024-08-07T23:27:32.935Z [Modules] Streaming discord_desktop_core@1 to /home/urielsantiago/.config/discord/0.0.63/modules/pending/discord_desktop_core-1.zip: 47%
2024-08-07T23:27:32.935Z [Modules] Streaming discord_desktop_core@1 to /home/urielsantiago/.config/discord/0.0.63/modules/pending/discord_desktop_core-1.zip: 50%
2024-08-07T23:27:32.936Z [Modules] Streaming discord_desktop_core@1 to /home/urielsantiago/.config/discord/0.0.63/modules/pending/discord_desktop_core-1.zip: 51%
2024-08-07T23:27:32.969Z [Modules] Streaming discord_desktop_core@1 to /home/urielsantiago/.config/discord/0.0.63/modules/pending/discord_desktop_core-1.zip: 54%
2024-08-07T23:27:32.970Z [Modules] Streaming discord_desktop_core@1 to /home/urielsantiago/.config/discord/0.0.63/modules/pending/discord_desktop_core-1.zip: 58%
2024-08-07T23:27:32.976Z [Modules] Streaming discord_desktop_core@1 to /home/urielsantiago/.config/discord/0.0.63/modules/pending/discord_desktop_core-1.zip: 60%
2024-08-07T23:27:32.977Z [Modules] Streaming discord_desktop_core@1 to /home/urielsantiago/.config/discord/0.0.63/modules/pending/discord_desktop_core-1.zip: 63%
2024-08-07T23:27:32.977Z [Modules] Streaming discord_desktop_core@1 to /home/urielsantiago/.config/discord/0.0.63/modules/pending/discord_desktop_core-1.zip: 64%
2024-08-07T23:27:32.995Z [Modules] Streaming discord_desktop_core@1 to /home/urielsantiago/.config/discord/0.0.63/modules/pending/discord_desktop_core-1.zip: 67%
2024-08-07T23:27:33.001Z [Modules] Streaming discord_desktop_core@1 to /home/urielsantiago/.config/discord/0.0.63/modules/pending/discord_desktop_core-1.zip: 68%
2024-08-07T23:27:33.002Z [Modules] Streaming discord_desktop_core@1 to /home/urielsantiago/.config/discord/0.0.63/modules/pending/discord_desktop_core-1.zip: 73%
2024-08-07T23:27:33.002Z [Modules] Streaming discord_desktop_core@1 to /home/urielsantiago/.config/discord/0.0.63/modules/pending/discord_desktop_core-1.zip: 79%
2024-08-07T23:27:33.003Z [Modules] Streaming discord_desktop_core@1 to /home/urielsantiago/.config/discord/0.0.63/modules/pending/discord_desktop_core-1.zip: 82%
2024-08-07T23:27:33.003Z [Modules] Streaming discord_desktop_core@1 to /home/urielsantiago/.config/discord/0.0.63/modules/pending/discord_desktop_core-1.zip: 86%
2024-08-07T23:27:33.004Z [Modules] Streaming discord_desktop_core@1 to /home/urielsantiago/.config/discord/0.0.63/modules/pending/discord_desktop_core-1.zip: 88%
2024-08-07T23:27:33.005Z [Modules] Streaming discord_desktop_core@1 to /home/urielsantiago/.config/discord/0.0.63/modules/pending/discord_desktop_core-1.zip: 89%
2024-08-07T23:27:33.005Z [Modules] Streaming discord_desktop_core@1 to /home/urielsantiago/.config/discord/0.0.63/modules/pending/discord_desktop_core-1.zip: 92%
2024-08-07T23:27:33.005Z [Modules] Streaming discord_desktop_core@1 to /home/urielsantiago/.config/discord/0.0.63/modules/pending/discord_desktop_core-1.zip: 97%
2024-08-07T23:27:33.337Z [Modules] Streaming discord_desktop_core@1 to /home/urielsantiago/.config/discord/0.0.63/modules/pending/discord_desktop_core-1.zip: 98%
2024-08-07T23:27:33.339Z [Modules] Streaming discord_desktop_core@1 to /home/urielsantiago/.config/discord/0.0.63/modules/pending/discord_desktop_core-1.zip: 99%
2024-08-07T23:27:33.355Z [Modules] Streaming discord_desktop_core@1 to /home/urielsantiago/.config/discord/0.0.63/modules/pending/discord_desktop_core-1.zip: 100%
2024-08-07T23:27:33.357Z [Modules] Fetching discord_erlpack@1 from https://discord.com/api/modules/stable/discord_erlpack/1
2024-08-07T23:27:33.357Z [Modules] Streaming discord_erlpack@1 to /home/urielsantiago/.config/discord/0.0.63/modules/pending/discord_erlpack-1.zip
2024-08-07T23:27:33.624Z [Modules] Streaming discord_erlpack@1 to /home/urielsantiago/.config/discord/0.0.63/modules/pending/discord_erlpack-1.zip: 1%
2024-08-07T23:27:33.627Z [Modules] Streaming discord_erlpack@1 to /home/urielsantiago/.config/discord/0.0.63/modules/pending/discord_erlpack-1.zip: 2%
2024-08-07T23:27:33.692Z [Modules] Streaming discord_erlpack@1 to /home/urielsantiago/.config/discord/0.0.63/modules/pending/discord_erlpack-1.zip: 3%
2024-08-07T23:27:33.694Z [Modules] Streaming discord_erlpack@1 to /home/urielsantiago/.config/discord/0.0.63/modules/pending/discord_erlpack-1.zip: 4%
2024-08-07T23:27:33.698Z [Modules] Streaming discord_erlpack@1 to /home/urielsantiago/.config/discord/0.0.63/modules/pending/discord_erlpack-1.zip: 5%
2024-08-07T23:27:33.699Z [Modules] Streaming discord_erlpack@1 to /home/urielsantiago/.config/discord/0.0.63/modules/pending/discord_erlpack-1.zip: 8%
2024-08-07T23:27:33.700Z [Modules] Streaming discord_erlpack@1 to /home/urielsantiago/.config/discord/0.0.63/modules/pending/discord_erlpack-1.zip: 12%
2024-08-07T23:27:33.700Z [Modules] Streaming discord_erlpack@1 to /home/urielsantiago/.config/discord/0.0.63/modules/pending/discord_erlpack-1.zip: 15%
2024-08-07T23:27:33.700Z [Modules] Streaming discord_erlpack@1 to /home/urielsantiago/.config/discord/0.0.63/modules/pending/discord_erlpack-1.zip: 17%
2024-08-07T23:27:33.769Z [Modules] Streaming discord_erlpack@1 to /home/urielsantiago/.config/discord/0.0.63/modules/pending/discord_erlpack-1.zip: 18%
2024-08-07T23:27:33.803Z [Modules] Streaming discord_erlpack@1 to /home/urielsantiago/.config/discord/0.0.63/modules/pending/discord_erlpack-1.zip: 20%
2024-08-07T23:27:33.866Z [Modules] Streaming discord_erlpack@1 to /home/urielsantiago/.config/discord/0.0.63/modules/pending/discord_erlpack-1.zip: 23%
2024-08-07T23:27:33.867Z [Modules] Streaming discord_erlpack@1 to /home/urielsantiago/.config/discord/0.0.63/modules/pending/discord_erlpack-1.zip: 27%
2024-08-07T23:27:33.868Z [Modules] Streaming discord_erlpack@1 to /home/urielsantiago/.config/discord/0.0.63/modules/pending/discord_erlpack-1.zip: 33%
2024-08-07T23:27:33.868Z [Modules] Streaming discord_erlpack@1 to /home/urielsantiago/.config/discord/0.0.63/modules/pending/discord_erlpack-1.zip: 39%
2024-08-07T23:27:33.868Z [Modules] Streaming discord_erlpack@1 to /home/urielsantiago/.config/discord/0.0.63/modules/pending/discord_erlpack-1.zip: 42%
2024-08-07T23:27:33.869Z [Modules] Streaming discord_erlpack@1 to /home/urielsantiago/.config/discord/0.0.63/modules/pending/discord_erlpack-1.zip: 46%
2024-08-07T23:27:33.907Z [Modules] Streaming discord_erlpack@1 to /home/urielsantiago/.config/discord/0.0.63/modules/pending/discord_erlpack-1.zip: 49%
2024-08-07T23:27:33.908Z [Modules] Streaming discord_erlpack@1 to /home/urielsantiago/.config/discord/0.0.63/modules/pending/discord_erlpack-1.zip: 53%
2024-08-07T23:27:33.909Z [Modules] Streaming discord_erlpack@1 to /home/urielsantiago/.config/discord/0.0.63/modules/pending/discord_erlpack-1.zip: 59%
2024-08-07T23:27:33.909Z [Modules] Streaming discord_erlpack@1 to /home/urielsantiago/.config/discord/0.0.63/modules/pending/discord_erlpack-1.zip: 65%
2024-08-07T23:27:33.910Z [Modules] Streaming discord_erlpack@1 to /home/urielsantiago/.config/discord/0.0.63/modules/pending/discord_erlpack-1.zip: 76%
2024-08-07T23:27:33.921Z [Modules] Streaming discord_erlpack@1 to /home/urielsantiago/.config/discord/0.0.63/modules/pending/discord_erlpack-1.zip: 79%
2024-08-07T23:27:33.922Z [Modules] Streaming discord_erlpack@1 to /home/urielsantiago/.config/discord/0.0.63/modules/pending/discord_erlpack-1.zip: 83%
2024-08-07T23:27:33.922Z [Modules] Streaming discord_erlpack@1 to /home/urielsantiago/.config/discord/0.0.63/modules/pending/discord_erlpack-1.zip: 89%
2024-08-07T23:27:33.922Z [Modules] Streaming discord_erlpack@1 to /home/urielsantiago/.config/discord/0.0.63/modules/pending/discord_erlpack-1.zip: 94%
2024-08-07T23:27:33.924Z [Modules] Streaming discord_erlpack@1 to /home/urielsantiago/.config/discord/0.0.63/modules/pending/discord_erlpack-1.zip: 97%
2024-08-07T23:27:33.925Z [Modules] Streaming discord_erlpack@1 to /home/urielsantiago/.config/discord/0.0.63/modules/pending/discord_erlpack-1.zip: 100%
2024-08-07T23:27:33.926Z [Modules] Fetching discord_spellcheck@1 from https://discord.com/api/modules/stable/discord_spellcheck/1
2024-08-07T23:27:33.926Z [Modules] Streaming discord_spellcheck@1 to /home/urielsantiago/.config/discord/0.0.63/modules/pending/discord_spellcheck-1.zip
2024-08-07T23:27:34.213Z [Modules] Streaming discord_spellcheck@1 to /home/urielsantiago/.config/discord/0.0.63/modules/pending/discord_spellcheck-1.zip: 1%
2024-08-07T23:27:34.243Z [Modules] Streaming discord_spellcheck@1 to /home/urielsantiago/.config/discord/0.0.63/modules/pending/discord_spellcheck-1.zip: 2%
2024-08-07T23:27:34.279Z [Modules] Streaming discord_spellcheck@1 to /home/urielsantiago/.config/discord/0.0.63/modules/pending/discord_spellcheck-1.zip: 3%
2024-08-07T23:27:34.285Z [Modules] Streaming discord_spellcheck@1 to /home/urielsantiago/.config/discord/0.0.63/modules/pending/discord_spellcheck-1.zip: 4%
2024-08-07T23:27:34.350Z [Modules] Streaming discord_spellcheck@1 to /home/urielsantiago/.config/discord/0.0.63/modules/pending/discord_spellcheck-1.zip: 5%
2024-08-07T23:27:34.351Z [Modules] Streaming discord_spellcheck@1 to /home/urielsantiago/.config/discord/0.0.63/modules/pending/discord_spellcheck-1.zip: 6%
2024-08-07T23:27:34.351Z [Modules] Streaming discord_spellcheck@1 to /home/urielsantiago/.config/discord/0.0.63/modules/pending/discord_spellcheck-1.zip: 7%
2024-08-07T23:27:34.351Z [Modules] Streaming discord_spellcheck@1 to /home/urielsantiago/.config/discord/0.0.63/modules/pending/discord_spellcheck-1.zip: 8%
2024-08-07T23:27:34.352Z [Modules] Streaming discord_spellcheck@1 to /home/urielsantiago/.config/discord/0.0.63/modules/pending/discord_spellcheck-1.zip: 9%
2024-08-07T23:27:34.370Z [Modules] Streaming discord_spellcheck@1 to /home/urielsantiago/.config/discord/0.0.63/modules/pending/discord_spellcheck-1.zip: 10%
2024-08-07T23:27:34.370Z [Modules] Streaming discord_spellcheck@1 to /home/urielsantiago/.config/discord/0.0.63/modules/pending/discord_spellcheck-1.zip: 11%
2024-08-07T23:27:34.371Z [Modules] Streaming discord_spellcheck@1 to /home/urielsantiago/.config/discord/0.0.63/modules/pending/discord_spellcheck-1.zip: 13%
2024-08-07T23:27:34.371Z [Modules] Streaming discord_spellcheck@1 to /home/urielsantiago/.config/discord/0.0.63/modules/pending/discord_spellcheck-1.zip: 14%
2024-08-07T23:27:34.372Z [Modules] Streaming discord_spellcheck@1 to /home/urielsantiago/.config/discord/0.0.63/modules/pending/discord_spellcheck-1.zip: 15%
2024-08-07T23:27:34.375Z [Modules] Streaming discord_spellcheck@1 to /home/urielsantiago/.config/discord/0.0.63/modules/pending/discord_spellcheck-1.zip: 16%
2024-08-07T23:27:34.376Z [Modules] Streaming discord_spellcheck@1 to /home/urielsantiago/.config/discord/0.0.63/modules/pending/discord_spellcheck-1.zip: 17%
2024-08-07T23:27:34.383Z [Modules] Streaming discord_spellcheck@1 to /home/urielsantiago/.config/discord/0.0.63/modules/pending/discord_spellcheck-1.zip: 18%
2024-08-07T23:27:34.383Z [Modules] Streaming discord_spellcheck@1 to /home/urielsantiago/.config/discord/0.0.63/modules/pending/discord_spellcheck-1.zip: 19%
2024-08-07T23:27:34.433Z [Modules] Streaming discord_spellcheck@1 to /home/urielsantiago/.config/discord/0.0.63/modules/pending/discord_spellcheck-1.zip: 20%
2024-08-07T23:27:34.434Z [Modules] Streaming discord_spellcheck@1 to /home/urielsantiago/.config/discord/0.0.63/modules/pending/discord_spellcheck-1.zip: 21%
2024-08-07T23:27:34.452Z [Modules] Streaming discord_spellcheck@1 to /home/urielsantiago/.config/discord/0.0.63/modules/pending/discord_spellcheck-1.zip: 22%
2024-08-07T23:27:34.459Z [Modules] Streaming discord_spellcheck@1 to /home/urielsantiago/.config/discord/0.0.63/modules/pending/discord_spellcheck-1.zip: 23%
2024-08-07T23:27:34.460Z [Modules] Streaming discord_spellcheck@1 to /home/urielsantiago/.config/discord/0.0.63/modules/pending/discord_spellcheck-1.zip: 24%
2024-08-07T23:27:34.463Z [Modules] Streaming discord_spellcheck@1 to /home/urielsantiago/.config/discord/0.0.63/modules/pending/discord_spellcheck-1.zip: 25%
2024-08-07T23:27:34.468Z [Modules] Streaming discord_spellcheck@1 to /home/urielsantiago/.config/discord/0.0.63/modules/pending/discord_spellcheck-1.zip: 26%
2024-08-07T23:27:34.470Z [Modules] Streaming discord_spellcheck@1 to /home/urielsantiago/.config/discord/0.0.63/modules/pending/discord_spellcheck-1.zip: 27%
2024-08-07T23:27:34.501Z [Modules] Streaming discord_spellcheck@1 to /home/urielsantiago/.config/discord/0.0.63/modules/pending/discord_spellcheck-1.zip: 28%
2024-08-07T23:27:34.501Z [Modules] Streaming discord_spellcheck@1 to /home/urielsantiago/.config/discord/0.0.63/modules/pending/discord_spellcheck-1.zip: 29%
2024-08-07T23:27:34.502Z [Modules] Streaming discord_spellcheck@1 to /home/urielsantiago/.config/discord/0.0.63/modules/pending/discord_spellcheck-1.zip: 31%
2024-08-07T23:27:34.507Z [Modules] Streaming discord_spellcheck@1 to /home/urielsantiago/.config/discord/0.0.63/modules/pending/discord_spellcheck-1.zip: 32%
2024-08-07T23:27:34.515Z [Modules] Streaming discord_spellcheck@1 to /home/urielsantiago/.config/discord/0.0.63/modules/pending/discord_spellcheck-1.zip: 33%
2024-08-07T23:27:34.522Z [Modules] Streaming discord_spellcheck@1 to /home/urielsantiago/.config/discord/0.0.63/modules/pending/discord_spellcheck-1.zip: 34%
2024-08-07T23:27:34.530Z [Modules] Streaming discord_spellcheck@1 to /home/urielsantiago/.config/discord/0.0.63/modules/pending/discord_spellcheck-1.zip: 35%
2024-08-07T23:27:34.539Z [Modules] Streaming discord_spellcheck@1 to /home/urielsantiago/.config/discord/0.0.63/modules/pending/discord_spellcheck-1.zip: 36%
2024-08-07T23:27:34.546Z [Modules] Streaming discord_spellcheck@1 to /home/urielsantiago/.config/discord/0.0.63/modules/pending/discord_spellcheck-1.zip: 37%
2024-08-07T23:27:34.587Z [Modules] Streaming discord_spellcheck@1 to /home/urielsantiago/.config/discord/0.0.63/modules/pending/discord_spellcheck-1.zip: 38%
2024-08-07T23:27:34.595Z [Modules] Streaming discord_spellcheck@1 to /home/urielsantiago/.config/discord/0.0.63/modules/pending/discord_spellcheck-1.zip: 39%
2024-08-07T23:27:34.602Z [Modules] Streaming discord_spellcheck@1 to /home/urielsantiago/.config/discord/0.0.63/modules/pending/discord_spellcheck-1.zip: 40%
2024-08-07T23:27:34.608Z [Modules] Streaming discord_spellcheck@1 to /home/urielsantiago/.config/discord/0.0.63/modules/pending/discord_spellcheck-1.zip: 41%
2024-08-07T23:27:34.620Z [Modules] Streaming discord_spellcheck@1 to /home/urielsantiago/.config/discord/0.0.63/modules/pending/discord_spellcheck-1.zip: 42%
2024-08-07T23:27:34.620Z [Modules] Streaming discord_spellcheck@1 to /home/urielsantiago/.config/discord/0.0.63/modules/pending/discord_spellcheck-1.zip: 43%
2024-08-07T23:27:34.621Z [Modules] Streaming discord_spellcheck@1 to /home/urielsantiago/.config/discord/0.0.63/modules/pending/discord_spellcheck-1.zip: 44%
2024-08-07T23:27:34.647Z [Modules] Streaming discord_spellcheck@1 to /home/urielsantiago/.config/discord/0.0.63/modules/pending/discord_spellcheck-1.zip: 45%
2024-08-07T23:27:34.653Z [Modules] Streaming discord_spellcheck@1 to /home/urielsantiago/.config/discord/0.0.63/modules/pending/discord_spellcheck-1.zip: 46%
2024-08-07T23:27:34.660Z [Modules] Streaming discord_spellcheck@1 to /home/urielsantiago/.config/discord/0.0.63/modules/pending/discord_spellcheck-1.zip: 47%
2024-08-07T23:27:34.665Z [Modules] Streaming discord_spellcheck@1 to /home/urielsantiago/.config/discord/0.0.63/modules/pending/discord_spellcheck-1.zip: 48%
2024-08-07T23:27:34.666Z [Modules] Streaming discord_spellcheck@1 to /home/urielsantiago/.config/discord/0.0.63/modules/pending/discord_spellcheck-1.zip: 49%
2024-08-07T23:27:34.666Z [Modules] Streaming discord_spellcheck@1 to /home/urielsantiago/.config/discord/0.0.63/modules/pending/discord_spellcheck-1.zip: 50%
2024-08-07T23:27:34.670Z [Modules] Streaming discord_spellcheck@1 to /home/urielsantiago/.config/discord/0.0.63/modules/pending/discord_spellcheck-1.zip: 51%
2024-08-07T23:27:34.677Z [Modules] Streaming discord_spellcheck@1 to /home/urielsantiago/.config/discord/0.0.63/modules/pending/discord_spellcheck-1.zip: 52%
2024-08-07T23:27:34.686Z [Modules] Streaming discord_spellcheck@1 to /home/urielsantiago/.config/discord/0.0.63/modules/pending/discord_spellcheck-1.zip: 53%
2024-08-07T23:27:34.695Z [Modules] Streaming discord_spellcheck@1 to /home/urielsantiago/.config/discord/0.0.63/modules/pending/discord_spellcheck-1.zip: 54%
2024-08-07T23:27:34.736Z [Modules] Streaming discord_spellcheck@1 to /home/urielsantiago/.config/discord/0.0.63/modules/pending/discord_spellcheck-1.zip: 55%
2024-08-07T23:27:34.743Z [Modules] Streaming discord_spellcheck@1 to /home/urielsantiago/.config/discord/0.0.63/modules/pending/discord_spellcheck-1.zip: 56%
2024-08-07T23:27:34.753Z [Modules] Streaming discord_spellcheck@1 to /home/urielsantiago/.config/discord/0.0.63/modules/pending/discord_spellcheck-1.zip: 57%
2024-08-07T23:27:34.759Z [Modules] Streaming discord_spellcheck@1 to /home/urielsantiago/.config/discord/0.0.63/modules/pending/discord_spellcheck-1.zip: 58%
2024-08-07T23:27:34.764Z [Modules] Streaming discord_spellcheck@1 to /home/urielsantiago/.config/discord/0.0.63/modules/pending/discord_spellcheck-1.zip: 59%
2024-08-07T23:27:34.775Z [Modules] Streaming discord_spellcheck@1 to /home/urielsantiago/.config/discord/0.0.63/modules/pending/discord_spellcheck-1.zip: 60%
2024-08-07T23:27:34.783Z [Modules] Streaming discord_spellcheck@1 to /home/urielsantiago/.config/discord/0.0.63/modules/pending/discord_spellcheck-1.zip: 61%
2024-08-07T23:27:34.786Z [Modules] Streaming discord_spellcheck@1 to /home/urielsantiago/.config/discord/0.0.63/modules/pending/discord_spellcheck-1.zip: 62%
2024-08-07T23:27:34.787Z [Modules] Streaming discord_spellcheck@1 to /home/urielsantiago/.config/discord/0.0.63/modules/pending/discord_spellcheck-1.zip: 63%
2024-08-07T23:27:34.807Z [Modules] Streaming discord_spellcheck@1 to /home/urielsantiago/.config/discord/0.0.63/modules/pending/discord_spellcheck-1.zip: 64%
2024-08-07T23:27:34.813Z [Modules] Streaming discord_spellcheck@1 to /home/urielsantiago/.config/discord/0.0.63/modules/pending/discord_spellcheck-1.zip: 65%
2024-08-07T23:27:34.820Z [Modules] Streaming discord_spellcheck@1 to /home/urielsantiago/.config/discord/0.0.63/modules/pending/discord_spellcheck-1.zip: 66%
2024-08-07T23:27:34.821Z [Modules] Streaming discord_spellcheck@1 to /home/urielsantiago/.config/discord/0.0.63/modules/pending/discord_spellcheck-1.zip: 67%
2024-08-07T23:27:34.821Z [Modules] Streaming discord_spellcheck@1 to /home/urielsantiago/.config/discord/0.0.63/modules/pending/discord_spellcheck-1.zip: 68%
2024-08-07T23:27:34.824Z [Modules] Streaming discord_spellcheck@1 to /home/urielsantiago/.config/discord/0.0.63/modules/pending/discord_spellcheck-1.zip: 69%
2024-08-07T23:27:34.832Z [Modules] Streaming discord_spellcheck@1 to /home/urielsantiago/.config/discord/0.0.63/modules/pending/discord_spellcheck-1.zip: 70%
2024-08-07T23:27:34.840Z [Modules] Streaming discord_spellcheck@1 to /home/urielsantiago/.config/discord/0.0.63/modules/pending/discord_spellcheck-1.zip: 71%
2024-08-07T23:27:34.853Z [Modules] Streaming discord_spellcheck@1 to /home/urielsantiago/.config/discord/0.0.63/modules/pending/discord_spellcheck-1.zip: 72%
2024-08-07T23:27:34.860Z [Modules] Streaming discord_spellcheck@1 to /home/urielsantiago/.config/discord/0.0.63/modules/pending/discord_spellcheck-1.zip: 73%
2024-08-07T23:27:34.900Z [Modules] Streaming discord_spellcheck@1 to /home/urielsantiago/.config/discord/0.0.63/modules/pending/discord_spellcheck-1.zip: 74%
2024-08-07T23:27:34.905Z [Modules] Streaming discord_spellcheck@1 to /home/urielsantiago/.config/discord/0.0.63/modules/pending/discord_spellcheck-1.zip: 75%
2024-08-07T23:27:34.915Z [Modules] Streaming discord_spellcheck@1 to /home/urielsantiago/.config/discord/0.0.63/modules/pending/discord_spellcheck-1.zip: 76%
2024-08-07T23:27:34.924Z [Modules] Streaming discord_spellcheck@1 to /home/urielsantiago/.config/discord/0.0.63/modules/pending/discord_spellcheck-1.zip: 77%
2024-08-07T23:27:34.928Z [Modules] Streaming discord_spellcheck@1 to /home/urielsantiago/.config/discord/0.0.63/modules/pending/discord_spellcheck-1.zip: 78%
2024-08-07T23:27:34.942Z [Modules] Streaming discord_spellcheck@1 to /home/urielsantiago/.config/discord/0.0.63/modules/pending/discord_spellcheck-1.zip: 80%
2024-08-07T23:27:34.959Z [Modules] Streaming discord_spellcheck@1 to /home/urielsantiago/.config/discord/0.0.63/modules/pending/discord_spellcheck-1.zip: 81%
2024-08-07T23:27:34.964Z [Modules] Streaming discord_spellcheck@1 to /home/urielsantiago/.config/discord/0.0.63/modules/pending/discord_spellcheck-1.zip: 82%
2024-08-07T23:27:34.970Z [Modules] Streaming discord_spellcheck@1 to /home/urielsantiago/.config/discord/0.0.63/modules/pending/discord_spellcheck-1.zip: 83%
2024-08-07T23:27:34.977Z [Modules] Streaming discord_spellcheck@1 to /home/urielsantiago/.config/discord/0.0.63/modules/pending/discord_spellcheck-1.zip: 84%
2024-08-07T23:27:34.979Z [Modules] Streaming discord_spellcheck@1 to /home/urielsantiago/.config/discord/0.0.63/modules/pending/discord_spellcheck-1.zip: 85%
2024-08-07T23:27:34.981Z [Modules] Streaming discord_spellcheck@1 to /home/urielsantiago/.config/discord/0.0.63/modules/pending/discord_spellcheck-1.zip: 86%
2024-08-07T23:27:34.981Z [Modules] Streaming discord_spellcheck@1 to /home/urielsantiago/.config/discord/0.0.63/modules/pending/discord_spellcheck-1.zip: 87%
2024-08-07T23:27:34.988Z [Modules] Streaming discord_spellcheck@1 to /home/urielsantiago/.config/discord/0.0.63/modules/pending/discord_spellcheck-1.zip: 88%
2024-08-07T23:27:34.999Z [Modules] Streaming discord_spellcheck@1 to /home/urielsantiago/.config/discord/0.0.63/modules/pending/discord_spellcheck-1.zip: 89%
2024-08-07T23:27:35.008Z [Modules] Streaming discord_spellcheck@1 to /home/urielsantiago/.config/discord/0.0.63/modules/pending/discord_spellcheck-1.zip: 90%
2024-08-07T23:27:35.048Z [Modules] Streaming discord_spellcheck@1 to /home/urielsantiago/.config/discord/0.0.63/modules/pending/discord_spellcheck-1.zip: 91%
2024-08-07T23:27:35.053Z [Modules] Streaming discord_spellcheck@1 to /home/urielsantiago/.config/discord/0.0.63/modules/pending/discord_spellcheck-1.zip: 92%
2024-08-07T23:27:35.061Z [Modules] Streaming discord_spellcheck@1 to /home/urielsantiago/.config/discord/0.0.63/modules/pending/discord_spellcheck-1.zip: 93%
2024-08-07T23:27:35.071Z [Modules] Streaming discord_spellcheck@1 to /home/urielsantiago/.config/discord/0.0.63/modules/pending/discord_spellcheck-1.zip: 94%
2024-08-07T23:27:35.078Z [Modules] Streaming discord_spellcheck@1 to /home/urielsantiago/.config/discord/0.0.63/modules/pending/discord_spellcheck-1.zip: 95%
2024-08-07T23:27:35.087Z [Modules] Streaming discord_spellcheck@1 to /home/urielsantiago/.config/discord/0.0.63/modules/pending/discord_spellcheck-1.zip: 96%
2024-08-07T23:27:35.088Z [Modules] Streaming discord_spellcheck@1 to /home/urielsantiago/.config/discord/0.0.63/modules/pending/discord_spellcheck-1.zip: 97%
2024-08-07T23:27:35.102Z [Modules] Streaming discord_spellcheck@1 to /home/urielsantiago/.config/discord/0.0.63/modules/pending/discord_spellcheck-1.zip: 98%
2024-08-07T23:27:35.118Z [Modules] Streaming discord_spellcheck@1 to /home/urielsantiago/.config/discord/0.0.63/modules/pending/discord_spellcheck-1.zip: 99%
2024-08-07T23:27:35.139Z [Modules] Streaming discord_spellcheck@1 to /home/urielsantiago/.config/discord/0.0.63/modules/pending/discord_spellcheck-1.zip: 100%
2024-08-07T23:27:35.141Z [Modules] Fetching discord_utils@1 from https://discord.com/api/modules/stable/discord_utils/1
2024-08-07T23:27:35.141Z [Modules] Streaming discord_utils@1 to /home/urielsantiago/.config/discord/0.0.63/modules/pending/discord_utils-1.zip
2024-08-07T23:27:35.449Z [Modules] Streaming discord_utils@1 to /home/urielsantiago/.config/discord/0.0.63/modules/pending/discord_utils-1.zip: 1%
2024-08-07T23:27:35.453Z [Modules] Streaming discord_utils@1 to /home/urielsantiago/.config/discord/0.0.63/modules/pending/discord_utils-1.zip: 2%
2024-08-07T23:27:35.457Z [Modules] Streaming discord_utils@1 to /home/urielsantiago/.config/discord/0.0.63/modules/pending/discord_utils-1.zip: 4%
2024-08-07T23:27:35.460Z [Modules] Streaming discord_utils@1 to /home/urielsantiago/.config/discord/0.0.63/modules/pending/discord_utils-1.zip: 5%
2024-08-07T23:27:35.462Z [Modules] Streaming discord_utils@1 to /home/urielsantiago/.config/discord/0.0.63/modules/pending/discord_utils-1.zip: 6%
2024-08-07T23:27:35.465Z [Modules] Streaming discord_utils@1 to /home/urielsantiago/.config/discord/0.0.63/modules/pending/discord_utils-1.zip: 7%
2024-08-07T23:27:35.471Z [Modules] Streaming discord_utils@1 to /home/urielsantiago/.config/discord/0.0.63/modules/pending/discord_utils-1.zip: 9%
2024-08-07T23:27:35.474Z [Modules] Streaming discord_utils@1 to /home/urielsantiago/.config/discord/0.0.63/modules/pending/discord_utils-1.zip: 10%
2024-08-07T23:27:35.476Z [Modules] Streaming discord_utils@1 to /home/urielsantiago/.config/discord/0.0.63/modules/pending/discord_utils-1.zip: 11%
2024-08-07T23:27:35.479Z [Modules] Streaming discord_utils@1 to /home/urielsantiago/.config/discord/0.0.63/modules/pending/discord_utils-1.zip: 12%
2024-08-07T23:27:35.483Z [Modules] Streaming discord_utils@1 to /home/urielsantiago/.config/discord/0.0.63/modules/pending/discord_utils-1.zip: 13%
2024-08-07T23:27:35.484Z [Modules] Streaming discord_utils@1 to /home/urielsantiago/.config/discord/0.0.63/modules/pending/discord_utils-1.zip: 14%
2024-08-07T23:27:35.489Z [Modules] Streaming discord_utils@1 to /home/urielsantiago/.config/discord/0.0.63/modules/pending/discord_utils-1.zip: 15%
2024-08-07T23:27:35.494Z [Modules] Streaming discord_utils@1 to /home/urielsantiago/.config/discord/0.0.63/modules/pending/discord_utils-1.zip: 17%
2024-08-07T23:27:35.497Z [Modules] Streaming discord_utils@1 to /home/urielsantiago/.config/discord/0.0.63/modules/pending/discord_utils-1.zip: 18%
2024-08-07T23:27:35.500Z [Modules] Streaming discord_utils@1 to /home/urielsantiago/.config/discord/0.0.63/modules/pending/discord_utils-1.zip: 19%
2024-08-07T23:27:35.504Z [Modules] Streaming discord_utils@1 to /home/urielsantiago/.config/discord/0.0.63/modules/pending/discord_utils-1.zip: 20%
2024-08-07T23:27:35.506Z [Modules] Streaming discord_utils@1 to /home/urielsantiago/.config/discord/0.0.63/modules/pending/discord_utils-1.zip: 21%
2024-08-07T23:27:35.509Z [Modules] Streaming discord_utils@1 to /home/urielsantiago/.config/discord/0.0.63/modules/pending/discord_utils-1.zip: 22%
2024-08-07T23:27:35.511Z [Modules] Streaming discord_utils@1 to /home/urielsantiago/.config/discord/0.0.63/modules/pending/discord_utils-1.zip: 23%
2024-08-07T23:27:35.515Z [Modules] Streaming discord_utils@1 to /home/urielsantiago/.config/discord/0.0.63/modules/pending/discord_utils-1.zip: 25%
2024-08-07T23:27:35.520Z [Modules] Streaming discord_utils@1 to /home/urielsantiago/.config/discord/0.0.63/modules/pending/discord_utils-1.zip: 26%
2024-08-07T23:27:35.522Z [Modules] Streaming discord_utils@1 to /home/urielsantiago/.config/discord/0.0.63/modules/pending/discord_utils-1.zip: 27%
2024-08-07T23:27:35.528Z [Modules] Streaming discord_utils@1 to /home/urielsantiago/.config/discord/0.0.63/modules/pending/discord_utils-1.zip: 29%
2024-08-07T23:27:35.561Z [Modules] Streaming discord_utils@1 to /home/urielsantiago/.config/discord/0.0.63/modules/pending/discord_utils-1.zip: 31%
2024-08-07T23:27:35.563Z [Modules] Streaming discord_utils@1 to /home/urielsantiago/.config/discord/0.0.63/modules/pending/discord_utils-1.zip: 32%
2024-08-07T23:27:35.565Z [Modules] Streaming discord_utils@1 to /home/urielsantiago/.config/discord/0.0.63/modules/pending/discord_utils-1.zip: 34%
2024-08-07T23:27:35.570Z [Modules] Streaming discord_utils@1 to /home/urielsantiago/.config/discord/0.0.63/modules/pending/discord_utils-1.zip: 35%
2024-08-07T23:27:35.573Z [Modules] Streaming discord_utils@1 to /home/urielsantiago/.config/discord/0.0.63/modules/pending/discord_utils-1.zip: 36%
2024-08-07T23:27:35.574Z [Modules] Streaming discord_utils@1 to /home/urielsantiago/.config/discord/0.0.63/modules/pending/discord_utils-1.zip: 38%
2024-08-07T23:27:35.577Z [Modules] Streaming discord_utils@1 to /home/urielsantiago/.config/discord/0.0.63/modules/pending/discord_utils-1.zip: 40%
2024-08-07T23:27:35.577Z [Modules] Streaming discord_utils@1 to /home/urielsantiago/.config/discord/0.0.63/modules/pending/discord_utils-1.zip: 42%
2024-08-07T23:27:35.578Z [Modules] Streaming discord_utils@1 to /home/urielsantiago/.config/discord/0.0.63/modules/pending/discord_utils-1.zip: 46%
2024-08-07T23:27:35.579Z [Modules] Streaming discord_utils@1 to /home/urielsantiago/.config/discord/0.0.63/modules/pending/discord_utils-1.zip: 47%
2024-08-07T23:27:35.583Z [Modules] Streaming discord_utils@1 to /home/urielsantiago/.config/discord/0.0.63/modules/pending/discord_utils-1.zip: 48%
2024-08-07T23:27:35.585Z [Modules] Streaming discord_utils@1 to /home/urielsantiago/.config/discord/0.0.63/modules/pending/discord_utils-1.zip: 49%
2024-08-07T23:27:35.590Z [Modules] Streaming discord_utils@1 to /home/urielsantiago/.config/discord/0.0.63/modules/pending/discord_utils-1.zip: 50%
2024-08-07T23:27:35.593Z [Modules] Streaming discord_utils@1 to /home/urielsantiago/.config/discord/0.0.63/modules/pending/discord_utils-1.zip: 51%
2024-08-07T23:27:35.596Z [Modules] Streaming discord_utils@1 to /home/urielsantiago/.config/discord/0.0.63/modules/pending/discord_utils-1.zip: 52%
2024-08-07T23:27:35.598Z [Modules] Streaming discord_utils@1 to /home/urielsantiago/.config/discord/0.0.63/modules/pending/discord_utils-1.zip: 53%
2024-08-07T23:27:35.600Z [Modules] Streaming discord_utils@1 to /home/urielsantiago/.config/discord/0.0.63/modules/pending/discord_utils-1.zip: 54%
2024-08-07T23:27:35.605Z [Modules] Streaming discord_utils@1 to /home/urielsantiago/.config/discord/0.0.63/modules/pending/discord_utils-1.zip: 55%
2024-08-07T23:27:35.607Z [Modules] Streaming discord_utils@1 to /home/urielsantiago/.config/discord/0.0.63/modules/pending/discord_utils-1.zip: 56%
2024-08-07T23:27:35.609Z [Modules] Streaming discord_utils@1 to /home/urielsantiago/.config/discord/0.0.63/modules/pending/discord_utils-1.zip: 57%
2024-08-07T23:27:35.613Z [Modules] Streaming discord_utils@1 to /home/urielsantiago/.config/discord/0.0.63/modules/pending/discord_utils-1.zip: 58%
2024-08-07T23:27:35.616Z [Modules] Streaming discord_utils@1 to /home/urielsantiago/.config/discord/0.0.63/modules/pending/discord_utils-1.zip: 59%
2024-08-07T23:27:35.620Z [Modules] Streaming discord_utils@1 to /home/urielsantiago/.config/discord/0.0.63/modules/pending/discord_utils-1.zip: 61%
2024-08-07T23:27:35.623Z [Modules] Streaming discord_utils@1 to /home/urielsantiago/.config/discord/0.0.63/modules/pending/discord_utils-1.zip: 62%
2024-08-07T23:27:35.624Z [Modules] Streaming discord_utils@1 to /home/urielsantiago/.config/discord/0.0.63/modules/pending/discord_utils-1.zip: 63%
2024-08-07T23:27:35.628Z [Modules] Streaming discord_utils@1 to /home/urielsantiago/.config/discord/0.0.63/modules/pending/discord_utils-1.zip: 64%
2024-08-07T23:27:35.633Z [Modules] Streaming discord_utils@1 to /home/urielsantiago/.config/discord/0.0.63/modules/pending/discord_utils-1.zip: 65%
2024-08-07T23:27:35.638Z [Modules] Streaming discord_utils@1 to /home/urielsantiago/.config/discord/0.0.63/modules/pending/discord_utils-1.zip: 67%
2024-08-07T23:27:35.643Z [Modules] Streaming discord_utils@1 to /home/urielsantiago/.config/discord/0.0.63/modules/pending/discord_utils-1.zip: 69%
2024-08-07T23:27:35.647Z [Modules] Streaming discord_utils@1 to /home/urielsantiago/.config/discord/0.0.63/modules/pending/discord_utils-1.zip: 70%
2024-08-07T23:27:35.650Z [Modules] Streaming discord_utils@1 to /home/urielsantiago/.config/discord/0.0.63/modules/pending/discord_utils-1.zip: 71%
2024-08-07T23:27:35.653Z [Modules] Streaming discord_utils@1 to /home/urielsantiago/.config/discord/0.0.63/modules/pending/discord_utils-1.zip: 72%
2024-08-07T23:27:35.657Z [Modules] Streaming discord_utils@1 to /home/urielsantiago/.config/discord/0.0.63/modules/pending/discord_utils-1.zip: 73%
2024-08-07T23:27:35.660Z [Modules] Streaming discord_utils@1 to /home/urielsantiago/.config/discord/0.0.63/modules/pending/discord_utils-1.zip: 75%
2024-08-07T23:27:35.667Z [Modules] Streaming discord_utils@1 to /home/urielsantiago/.config/discord/0.0.63/modules/pending/discord_utils-1.zip: 77%
2024-08-07T23:27:35.672Z [Modules] Streaming discord_utils@1 to /home/urielsantiago/.config/discord/0.0.63/modules/pending/discord_utils-1.zip: 78%
2024-08-07T23:27:35.673Z [Modules] Streaming discord_utils@1 to /home/urielsantiago/.config/discord/0.0.63/modules/pending/discord_utils-1.zip: 79%
2024-08-07T23:27:35.675Z [Modules] Streaming discord_utils@1 to /home/urielsantiago/.config/discord/0.0.63/modules/pending/discord_utils-1.zip: 80%
2024-08-07T23:27:35.680Z [Modules] Streaming discord_utils@1 to /home/urielsantiago/.config/discord/0.0.63/modules/pending/discord_utils-1.zip: 82%
2024-08-07T23:27:35.684Z [Modules] Streaming discord_utils@1 to /home/urielsantiago/.config/discord/0.0.63/modules/pending/discord_utils-1.zip: 83%
2024-08-07T23:27:35.687Z [Modules] Streaming discord_utils@1 to /home/urielsantiago/.config/discord/0.0.63/modules/pending/discord_utils-1.zip: 84%
2024-08-07T23:27:35.689Z [Modules] Streaming discord_utils@1 to /home/urielsantiago/.config/discord/0.0.63/modules/pending/discord_utils-1.zip: 85%
2024-08-07T23:27:35.692Z [Modules] Streaming discord_utils@1 to /home/urielsantiago/.config/discord/0.0.63/modules/pending/discord_utils-1.zip: 86%
2024-08-07T23:27:35.695Z [Modules] Streaming discord_utils@1 to /home/urielsantiago/.config/discord/0.0.63/modules/pending/discord_utils-1.zip: 87%
2024-08-07T23:27:35.728Z [Modules] Streaming discord_utils@1 to /home/urielsantiago/.config/discord/0.0.63/modules/pending/discord_utils-1.zip: 89%
2024-08-07T23:27:35.730Z [Modules] Streaming discord_utils@1 to /home/urielsantiago/.config/discord/0.0.63/modules/pending/discord_utils-1.zip: 91%
2024-08-07T23:27:35.733Z [Modules] Streaming discord_utils@1 to /home/urielsantiago/.config/discord/0.0.63/modules/pending/discord_utils-1.zip: 92%
2024-08-07T23:27:35.742Z [Modules] Streaming discord_utils@1 to /home/urielsantiago/.config/discord/0.0.63/modules/pending/discord_utils-1.zip: 94%
2024-08-07T23:27:35.743Z [Modules] Streaming discord_utils@1 to /home/urielsantiago/.config/discord/0.0.63/modules/pending/discord_utils-1.zip: 95%
2024-08-07T23:27:35.743Z [Modules] Streaming discord_utils@1 to /home/urielsantiago/.config/discord/0.0.63/modules/pending/discord_utils-1.zip: 97%
2024-08-07T23:27:35.743Z [Modules] Streaming discord_utils@1 to /home/urielsantiago/.config/discord/0.0.63/modules/pending/discord_utils-1.zip: 100%
2024-08-07T23:27:35.744Z [Modules] Fetching discord_voice@1 from https://discord.com/api/modules/stable/discord_voice/1
2024-08-07T23:27:35.744Z [Modules] Streaming discord_voice@1 to /home/urielsantiago/.config/discord/0.0.63/modules/pending/discord_voice-1.zip
2024-08-07T23:27:36.093Z [Modules] Streaming discord_voice@1 to /home/urielsantiago/.config/discord/0.0.63/modules/pending/discord_voice-1.zip: 1%
2024-08-07T23:27:36.114Z [Modules] Streaming discord_voice@1 to /home/urielsantiago/.config/discord/0.0.63/modules/pending/discord_voice-1.zip: 2%
2024-08-07T23:27:36.137Z [Modules] Streaming discord_voice@1 to /home/urielsantiago/.config/discord/0.0.63/modules/pending/discord_voice-1.zip: 3%
2024-08-07T23:27:36.180Z [Modules] Streaming discord_voice@1 to /home/urielsantiago/.config/discord/0.0.63/modules/pending/discord_voice-1.zip: 4%
2024-08-07T23:27:36.207Z [Modules] Streaming discord_voice@1 to /home/urielsantiago/.config/discord/0.0.63/modules/pending/discord_voice-1.zip: 5%
2024-08-07T23:27:36.208Z [Modules] Streaming discord_voice@1 to /home/urielsantiago/.config/discord/0.0.63/modules/pending/discord_voice-1.zip: 6%
2024-08-07T23:27:36.215Z [Modules] Streaming discord_voice@1 to /home/urielsantiago/.config/discord/0.0.63/modules/pending/discord_voice-1.zip: 7%
2024-08-07T23:27:36.241Z [Modules] Streaming discord_voice@1 to /home/urielsantiago/.config/discord/0.0.63/modules/pending/discord_voice-1.zip: 8%
2024-08-07T23:27:36.260Z [Modules] Streaming discord_voice@1 to /home/urielsantiago/.config/discord/0.0.63/modules/pending/discord_voice-1.zip: 9%
2024-08-07T23:27:36.282Z [Modules] Streaming discord_voice@1 to /home/urielsantiago/.config/discord/0.0.63/modules/pending/discord_voice-1.zip: 10%
2024-08-07T23:27:36.331Z [Modules] Streaming discord_voice@1 to /home/urielsantiago/.config/discord/0.0.63/modules/pending/discord_voice-1.zip: 11%
2024-08-07T23:27:36.352Z [Modules] Streaming discord_voice@1 to /home/urielsantiago/.config/discord/0.0.63/modules/pending/discord_voice-1.zip: 12%
2024-08-07T23:27:36.370Z [Modules] Streaming discord_voice@1 to /home/urielsantiago/.config/discord/0.0.63/modules/pending/discord_voice-1.zip: 13%
2024-08-07T23:27:36.371Z [Modules] Streaming discord_voice@1 to /home/urielsantiago/.config/discord/0.0.63/modules/pending/discord_voice-1.zip: 14%
2024-08-07T23:27:36.386Z [Modules] Streaming discord_voice@1 to /home/urielsantiago/.config/discord/0.0.63/modules/pending/discord_voice-1.zip: 15%
2024-08-07T23:27:36.405Z [Modules] Streaming discord_voice@1 to /home/urielsantiago/.config/discord/0.0.63/modules/pending/discord_voice-1.zip: 16%
2024-08-07T23:27:36.451Z [Modules] Streaming discord_voice@1 to /home/urielsantiago/.config/discord/0.0.63/modules/pending/discord_voice-1.zip: 17%
2024-08-07T23:27:36.471Z [Modules] Streaming discord_voice@1 to /home/urielsantiago/.config/discord/0.0.63/modules/pending/discord_voice-1.zip: 18%
2024-08-07T23:27:36.472Z [Modules] Streaming discord_voice@1 to /home/urielsantiago/.config/discord/0.0.63/modules/pending/discord_voice-1.zip: 19%
2024-08-07T23:27:36.488Z [Modules] Streaming discord_voice@1 to /home/urielsantiago/.config/discord/0.0.63/modules/pending/discord_voice-1.zip: 20%
2024-08-07T23:27:36.535Z [Modules] Streaming discord_voice@1 to /home/urielsantiago/.config/discord/0.0.63/modules/pending/discord_voice-1.zip: 21%
2024-08-07T23:27:36.539Z [Modules] Streaming discord_voice@1 to /home/urielsantiago/.config/discord/0.0.63/modules/pending/discord_voice-1.zip: 22%
2024-08-07T23:27:36.549Z [Modules] Streaming discord_voice@1 to /home/urielsantiago/.config/discord/0.0.63/modules/pending/discord_voice-1.zip: 23%
2024-08-07T23:27:36.571Z [Modules] Streaming discord_voice@1 to /home/urielsantiago/.config/discord/0.0.63/modules/pending/discord_voice-1.zip: 24%
2024-08-07T23:27:36.619Z [Modules] Streaming discord_voice@1 to /home/urielsantiago/.config/discord/0.0.63/modules/pending/discord_voice-1.zip: 25%
2024-08-07T23:27:36.630Z [Modules] Streaming discord_voice@1 to /home/urielsantiago/.config/discord/0.0.63/modules/pending/discord_voice-1.zip: 26%
2024-08-07T23:27:36.631Z [Modules] Streaming discord_voice@1 to /home/urielsantiago/.config/discord/0.0.63/modules/pending/discord_voice-1.zip: 27%
2024-08-07T23:27:36.655Z [Modules] Streaming discord_voice@1 to /home/urielsantiago/.config/discord/0.0.63/modules/pending/discord_voice-1.zip: 28%
2024-08-07T23:27:36.697Z [Modules] Streaming discord_voice@1 to /home/urielsantiago/.config/discord/0.0.63/modules/pending/discord_voice-1.zip: 29%
2024-08-07T23:27:36.702Z [Modules] Streaming discord_voice@1 to /home/urielsantiago/.config/discord/0.0.63/modules/pending/discord_voice-1.zip: 30%
2024-08-07T23:27:36.714Z [Modules] Streaming discord_voice@1 to /home/urielsantiago/.config/discord/0.0.63/modules/pending/discord_voice-1.zip: 31%
2024-08-07T23:27:36.766Z [Modules] Streaming discord_voice@1 to /home/urielsantiago/.config/discord/0.0.63/modules/pending/discord_voice-1.zip: 32%
2024-08-07T23:27:36.780Z [Modules] Streaming discord_voice@1 to /home/urielsantiago/.config/discord/0.0.63/modules/pending/discord_voice-1.zip: 33%
2024-08-07T23:27:36.803Z [Modules] Streaming discord_voice@1 to /home/urielsantiago/.config/discord/0.0.63/modules/pending/discord_voice-1.zip: 34%
2024-08-07T23:27:36.808Z [Modules] Streaming discord_voice@1 to /home/urielsantiago/.config/discord/0.0.63/modules/pending/discord_voice-1.zip: 35%
2024-08-07T23:27:36.843Z [Modules] Streaming discord_voice@1 to /home/urielsantiago/.config/discord/0.0.63/modules/pending/discord_voice-1.zip: 36%
2024-08-07T23:27:36.855Z [Modules] Streaming discord_voice@1 to /home/urielsantiago/.config/discord/0.0.63/modules/pending/discord_voice-1.zip: 37%
2024-08-07T23:27:36.861Z [Modules] Streaming discord_voice@1 to /home/urielsantiago/.config/discord/0.0.63/modules/pending/discord_voice-1.zip: 38%
2024-08-07T23:27:36.877Z [Modules] Streaming discord_voice@1 to /home/urielsantiago/.config/discord/0.0.63/modules/pending/discord_voice-1.zip: 39%
2024-08-07T23:27:36.899Z [Modules] Streaming discord_voice@1 to /home/urielsantiago/.config/discord/0.0.63/modules/pending/discord_voice-1.zip: 40%
2024-08-07T23:27:36.918Z [Modules] Streaming discord_voice@1 to /home/urielsantiago/.config/discord/0.0.63/modules/pending/discord_voice-1.zip: 41%
2024-08-07T23:27:36.938Z [Modules] Streaming discord_voice@1 to /home/urielsantiago/.config/discord/0.0.63/modules/pending/discord_voice-1.zip: 42%
2024-08-07T23:27:36.989Z [Modules] Streaming discord_voice@1 to /home/urielsantiago/.config/discord/0.0.63/modules/pending/discord_voice-1.zip: 43%
2024-08-07T23:27:37.004Z [Modules] Streaming discord_voice@1 to /home/urielsantiago/.config/discord/0.0.63/modules/pending/discord_voice-1.zip: 44%
2024-08-07T23:27:37.016Z [Modules] Streaming discord_voice@1 to /home/urielsantiago/.config/discord/0.0.63/modules/pending/discord_voice-1.zip: 45%
2024-08-07T23:27:37.022Z [Modules] Streaming discord_voice@1 to /home/urielsantiago/.config/discord/0.0.63/modules/pending/discord_voice-1.zip: 46%
2024-08-07T23:27:37.043Z [Modules] Streaming discord_voice@1 to /home/urielsantiago/.config/discord/0.0.63/modules/pending/discord_voice-1.zip: 47%
2024-08-07T23:27:37.061Z [Modules] Streaming discord_voice@1 to /home/urielsantiago/.config/discord/0.0.63/modules/pending/discord_voice-1.zip: 48%
2024-08-07T23:27:37.083Z [Modules] Streaming discord_voice@1 to /home/urielsantiago/.config/discord/0.0.63/modules/pending/discord_voice-1.zip: 49%
2024-08-07T23:27:37.131Z [Modules] Streaming discord_voice@1 to /home/urielsantiago/.config/discord/0.0.63/modules/pending/discord_voice-1.zip: 50%
2024-08-07T23:27:37.151Z [Modules] Streaming discord_voice@1 to /home/urielsantiago/.config/discord/0.0.63/modules/pending/discord_voice-1.zip: 51%
2024-08-07T23:27:37.169Z [Modules] Streaming discord_voice@1 to /home/urielsantiago/.config/discord/0.0.63/modules/pending/discord_voice-1.zip: 52%
2024-08-07T23:27:37.170Z [Modules] Streaming discord_voice@1 to /home/urielsantiago/.config/discord/0.0.63/modules/pending/discord_voice-1.zip: 53%
2024-08-07T23:27:37.186Z [Modules] Streaming discord_voice@1 to /home/urielsantiago/.config/discord/0.0.63/modules/pending/discord_voice-1.zip: 54%
2024-08-07T23:27:37.206Z [Modules] Streaming discord_voice@1 to /home/urielsantiago/.config/discord/0.0.63/modules/pending/discord_voice-1.zip: 55%
2024-08-07T23:27:37.226Z [Modules] Streaming discord_voice@1 to /home/urielsantiago/.config/discord/0.0.63/modules/pending/discord_voice-1.zip: 56%
2024-08-07T23:27:37.289Z [Modules] Streaming discord_voice@1 to /home/urielsantiago/.config/discord/0.0.63/modules/pending/discord_voice-1.zip: 57%
2024-08-07T23:27:37.314Z [Modules] Streaming discord_voice@1 to /home/urielsantiago/.config/discord/0.0.63/modules/pending/discord_voice-1.zip: 58%
2024-08-07T23:27:37.318Z [Modules] Streaming discord_voice@1 to /home/urielsantiago/.config/discord/0.0.63/modules/pending/discord_voice-1.zip: 59%
2024-08-07T23:27:37.330Z [Modules] Streaming discord_voice@1 to /home/urielsantiago/.config/discord/0.0.63/modules/pending/discord_voice-1.zip: 60%
2024-08-07T23:27:37.350Z [Modules] Streaming discord_voice@1 to /home/urielsantiago/.config/discord/0.0.63/modules/pending/discord_voice-1.zip: 61%
2024-08-07T23:27:37.373Z [Modules] Streaming discord_voice@1 to /home/urielsantiago/.config/discord/0.0.63/modules/pending/discord_voice-1.zip: 62%
2024-08-07T23:27:37.420Z [Modules] Streaming discord_voice@1 to /home/urielsantiago/.config/discord/0.0.63/modules/pending/discord_voice-1.zip: 63%
2024-08-07T23:27:37.438Z [Modules] Streaming discord_voice@1 to /home/urielsantiago/.config/discord/0.0.63/modules/pending/discord_voice-1.zip: 64%
2024-08-07T23:27:37.457Z [Modules] Streaming discord_voice@1 to /home/urielsantiago/.config/discord/0.0.63/modules/pending/discord_voice-1.zip: 65%
2024-08-07T23:27:37.480Z [Modules] Streaming discord_voice@1 to /home/urielsantiago/.config/discord/0.0.63/modules/pending/discord_voice-1.zip: 66%
2024-08-07T23:27:37.490Z [Modules] Streaming discord_voice@1 to /home/urielsantiago/.config/discord/0.0.63/modules/pending/discord_voice-1.zip: 67%
2024-08-07T23:27:37.494Z [Modules] Streaming discord_voice@1 to /home/urielsantiago/.config/discord/0.0.63/modules/pending/discord_voice-1.zip: 68%
2024-08-07T23:27:37.515Z [Modules] Streaming discord_voice@1 to /home/urielsantiago/.config/discord/0.0.63/modules/pending/discord_voice-1.zip: 69%
2024-08-07T23:27:37.563Z [Modules] Streaming discord_voice@1 to /home/urielsantiago/.config/discord/0.0.63/modules/pending/discord_voice-1.zip: 70%
2024-08-07T23:27:37.582Z [Modules] Streaming discord_voice@1 to /home/urielsantiago/.config/discord/0.0.63/modules/pending/discord_voice-1.zip: 71%
2024-08-07T23:27:37.605Z [Modules] Streaming discord_voice@1 to /home/urielsantiago/.config/discord/0.0.63/modules/pending/discord_voice-1.zip: 72%
2024-08-07T23:27:37.626Z [Modules] Streaming discord_voice@1 to /home/urielsantiago/.config/discord/0.0.63/modules/pending/discord_voice-1.zip: 73%
2024-08-07T23:27:37.640Z [Modules] Streaming discord_voice@1 to /home/urielsantiago/.config/discord/0.0.63/modules/pending/discord_voice-1.zip: 74%
2024-08-07T23:27:37.652Z [Modules] Streaming discord_voice@1 to /home/urielsantiago/.config/discord/0.0.63/modules/pending/discord_voice-1.zip: 75%
2024-08-07T23:27:37.657Z [Modules] Streaming discord_voice@1 to /home/urielsantiago/.config/discord/0.0.63/modules/pending/discord_voice-1.zip: 76%
2024-08-07T23:27:37.680Z [Modules] Streaming discord_voice@1 to /home/urielsantiago/.config/discord/0.0.63/modules/pending/discord_voice-1.zip: 77%
2024-08-07T23:27:37.728Z [Modules] Streaming discord_voice@1 to /home/urielsantiago/.config/discord/0.0.63/modules/pending/discord_voice-1.zip: 78%
2024-08-07T23:27:37.741Z [Modules] Streaming discord_voice@1 to /home/urielsantiago/.config/discord/0.0.63/modules/pending/discord_voice-1.zip: 79%
2024-08-07T23:27:37.746Z [Modules] Streaming discord_voice@1 to /home/urielsantiago/.config/discord/0.0.63/modules/pending/discord_voice-1.zip: 80%
2024-08-07T23:27:37.769Z [Modules] Streaming discord_voice@1 to /home/urielsantiago/.config/discord/0.0.63/modules/pending/discord_voice-1.zip: 81%
2024-08-07T23:27:37.809Z [Modules] Streaming discord_voice@1 to /home/urielsantiago/.config/discord/0.0.63/modules/pending/discord_voice-1.zip: 82%
2024-08-07T23:27:37.809Z [Modules] Streaming discord_voice@1 to /home/urielsantiago/.config/discord/0.0.63/modules/pending/discord_voice-1.zip: 83%
2024-08-07T23:27:37.831Z [Modules] Streaming discord_voice@1 to /home/urielsantiago/.config/discord/0.0.63/modules/pending/discord_voice-1.zip: 84%
2024-08-07T23:27:37.851Z [Modules] Streaming discord_voice@1 to /home/urielsantiago/.config/discord/0.0.63/modules/pending/discord_voice-1.zip: 85%
2024-08-07T23:27:37.871Z [Modules] Streaming discord_voice@1 to /home/urielsantiago/.config/discord/0.0.63/modules/pending/discord_voice-1.zip: 86%
2024-08-07T23:27:37.895Z [Modules] Streaming discord_voice@1 to /home/urielsantiago/.config/discord/0.0.63/modules/pending/discord_voice-1.zip: 87%
2024-08-07T23:27:37.945Z [Modules] Streaming discord_voice@1 to /home/urielsantiago/.config/discord/0.0.63/modules/pending/discord_voice-1.zip: 88%
2024-08-07T23:27:37.958Z [Modules] Streaming discord_voice@1 to /home/urielsantiago/.config/discord/0.0.63/modules/pending/discord_voice-1.zip: 89%
2024-08-07T23:27:37.961Z [Modules] Streaming discord_voice@1 to /home/urielsantiago/.config/discord/0.0.63/modules/pending/discord_voice-1.zip: 90%
2024-08-07T23:27:37.979Z [Modules] Streaming discord_voice@1 to /home/urielsantiago/.config/discord/0.0.63/modules/pending/discord_voice-1.zip: 91%
2024-08-07T23:27:38.000Z [Modules] Streaming discord_voice@1 to /home/urielsantiago/.config/discord/0.0.63/modules/pending/discord_voice-1.zip: 92%
2024-08-07T23:27:38.022Z [Modules] Streaming discord_voice@1 to /home/urielsantiago/.config/discord/0.0.63/modules/pending/discord_voice-1.zip: 93%
2024-08-07T23:27:38.040Z [Modules] Streaming discord_voice@1 to /home/urielsantiago/.config/discord/0.0.63/modules/pending/discord_voice-1.zip: 94%
2024-08-07T23:27:38.062Z [Modules] Streaming discord_voice@1 to /home/urielsantiago/.config/discord/0.0.63/modules/pending/discord_voice-1.zip: 95%
2024-08-07T23:27:38.110Z [Modules] Streaming discord_voice@1 to /home/urielsantiago/.config/discord/0.0.63/modules/pending/discord_voice-1.zip: 96%
2024-08-07T23:27:38.122Z [Modules] Streaming discord_voice@1 to /home/urielsantiago/.config/discord/0.0.63/modules/pending/discord_voice-1.zip: 97%
2024-08-07T23:27:38.125Z [Modules] Streaming discord_voice@1 to /home/urielsantiago/.config/discord/0.0.63/modules/pending/discord_voice-1.zip: 98%
2024-08-07T23:27:38.145Z [Modules] Streaming discord_voice@1 to /home/urielsantiago/.config/discord/0.0.63/modules/pending/discord_voice-1.zip: 99%
2024-08-07T23:27:38.161Z [Modules] Streaming discord_voice@1 to /home/urielsantiago/.config/discord/0.0.63/modules/pending/discord_voice-1.zip: 100%
2024-08-07T23:27:38.162Z [Modules] Fetching discord_zstd@1 from https://discord.com/api/modules/stable/discord_zstd/1
2024-08-07T23:27:38.162Z [Modules] Streaming discord_zstd@1 to /home/urielsantiago/.config/discord/0.0.63/modules/pending/discord_zstd-1.zip
2024-08-07T23:27:38.529Z [Modules] Streaming discord_zstd@1 to /home/urielsantiago/.config/discord/0.0.63/modules/pending/discord_zstd-1.zip: 7%
2024-08-07T23:27:38.531Z [Modules] Streaming discord_zstd@1 to /home/urielsantiago/.config/discord/0.0.63/modules/pending/discord_zstd-1.zip: 15%
2024-08-07T23:27:38.536Z [Modules] Streaming discord_zstd@1 to /home/urielsantiago/.config/discord/0.0.63/modules/pending/discord_zstd-1.zip: 31%
2024-08-07T23:27:38.539Z [Modules] Streaming discord_zstd@1 to /home/urielsantiago/.config/discord/0.0.63/modules/pending/discord_zstd-1.zip: 39%
2024-08-07T23:27:38.543Z [Modules] Streaming discord_zstd@1 to /home/urielsantiago/.config/discord/0.0.63/modules/pending/discord_zstd-1.zip: 47%
2024-08-07T23:27:38.546Z [Modules] Streaming discord_zstd@1 to /home/urielsantiago/.config/discord/0.0.63/modules/pending/discord_zstd-1.zip: 56%
2024-08-07T23:27:38.548Z [Modules] Streaming discord_zstd@1 to /home/urielsantiago/.config/discord/0.0.63/modules/pending/discord_zstd-1.zip: 64%
2024-08-07T23:27:38.550Z [Modules] Streaming discord_zstd@1 to /home/urielsantiago/.config/discord/0.0.63/modules/pending/discord_zstd-1.zip: 68%
2024-08-07T23:27:38.552Z [Modules] Streaming discord_zstd@1 to /home/urielsantiago/.config/discord/0.0.63/modules/pending/discord_zstd-1.zip: 76%
2024-08-07T23:27:38.554Z [Modules] Streaming discord_zstd@1 to /home/urielsantiago/.config/discord/0.0.63/modules/pending/discord_zstd-1.zip: 80%
2024-08-07T23:27:38.556Z [Modules] Streaming discord_zstd@1 to /home/urielsantiago/.config/discord/0.0.63/modules/pending/discord_zstd-1.zip: 84%
2024-08-07T23:27:38.557Z [Modules] Streaming discord_zstd@1 to /home/urielsantiago/.config/discord/0.0.63/modules/pending/discord_zstd-1.zip: 88%
2024-08-07T23:27:38.559Z [Modules] Streaming discord_zstd@1 to /home/urielsantiago/.config/discord/0.0.63/modules/pending/discord_zstd-1.zip: 92%
2024-08-07T23:27:38.563Z [Modules] Streaming discord_zstd@1 to /home/urielsantiago/.config/discord/0.0.63/modules/pending/discord_zstd-1.zip: 96%
2024-08-07T23:27:38.581Z [Modules] Streaming discord_zstd@1 to /home/urielsantiago/.config/discord/0.0.63/modules/pending/discord_zstd-1.zip: 100%
2024-08-07T23:27:38.582Z [Modules] Finished module downloads. [success: 6] [failure: 0]
2024-08-07T23:27:38.582Z [Modules] Installing updates...
2024-08-07T23:27:38.583Z [Modules] Installing discord_desktop_core@1 from /home/urielsantiago/.config/discord/0.0.63/modules/pending/discord_desktop_core-1.zip
2024-08-07T23:27:38.635Z [Modules] Installing discord_erlpack@1 from /home/urielsantiago/.config/discord/0.0.63/modules/pending/discord_erlpack-1.zip
2024-08-07T23:27:38.668Z [Modules] Installing discord_spellcheck@1 from /home/urielsantiago/.config/discord/0.0.63/modules/pending/discord_spellcheck-1.zip
2024-08-07T23:27:39.018Z [Modules] Installing discord_utils@1 from /home/urielsantiago/.config/discord/0.0.63/modules/pending/discord_utils-1.zip
2024-08-07T23:27:39.081Z [Modules] Installing discord_voice@1 from /home/urielsantiago/.config/discord/0.0.63/modules/pending/discord_voice-1.zip
2024-08-07T23:27:39.374Z [Modules] Installing discord_zstd@1 from /home/urielsantiago/.config/discord/0.0.63/modules/pending/discord_zstd-1.zip
2024-08-07T23:27:39.381Z [Modules] Finished module installations. [success: 6] [failure: 0]
2024-08-07T23:27:39.381Z [Modules] Checking for host updates.
2024-08-07T23:27:39.725Z [Modules] Host is up to date.
2024-08-07T23:27:39.725Z [Modules] Checking for module updates at https://discord.com/api/modules/stable/versions.json
2024-08-07T23:27:39.728Z [Modules] No module updates available.
2024-08-07T23:27:40.752Z [Modules] Starting to install discord_krisp...
2024-08-07T23:27:40.752Z [Modules] Fetching discord_krisp@1 from https://discord.com/api/modules/stable/discord_krisp/1
2024-08-07T23:27:40.752Z [Modules] Streaming discord_krisp@1 to /home/urielsantiago/.config/discord/0.0.63/modules/pending/discord_krisp-1.zip
2024-08-07T23:27:40.757Z [Modules] Starting to install discord_game_utils...
2024-08-07T23:27:41.084Z [Modules] Streaming discord_krisp@1 to /home/urielsantiago/.config/discord/0.0.63/modules/pending/discord_krisp-1.zip: 1%
2024-08-07T23:27:41.097Z [Modules] Streaming discord_krisp@1 to /home/urielsantiago/.config/discord/0.0.63/modules/pending/discord_krisp-1.zip: 2%
2024-08-07T23:27:41.119Z [Modules] Streaming discord_krisp@1 to /home/urielsantiago/.config/discord/0.0.63/modules/pending/discord_krisp-1.zip: 3%
2024-08-07T23:27:41.140Z [Modules] Streaming discord_krisp@1 to /home/urielsantiago/.config/discord/0.0.63/modules/pending/discord_krisp-1.zip: 4%
2024-08-07T23:27:41.162Z [Modules] Streaming discord_krisp@1 to /home/urielsantiago/.config/discord/0.0.63/modules/pending/discord_krisp-1.zip: 5%
2024-08-07T23:27:41.181Z [Modules] Streaming discord_krisp@1 to /home/urielsantiago/.config/discord/0.0.63/modules/pending/discord_krisp-1.zip: 6%
2024-08-07T23:27:41.204Z [Modules] Streaming discord_krisp@1 to /home/urielsantiago/.config/discord/0.0.63/modules/pending/discord_krisp-1.zip: 7%
2024-08-07T23:27:41.223Z [Modules] Streaming discord_krisp@1 to /home/urielsantiago/.config/discord/0.0.63/modules/pending/discord_krisp-1.zip: 8%
2024-08-07T23:27:41.274Z [Modules] Streaming discord_krisp@1 to /home/urielsantiago/.config/discord/0.0.63/modules/pending/discord_krisp-1.zip: 9%
2024-08-07T23:27:41.287Z [Modules] Streaming discord_krisp@1 to /home/urielsantiago/.config/discord/0.0.63/modules/pending/discord_krisp-1.zip: 10%
2024-08-07T23:27:41.293Z [Modules] Streaming discord_krisp@1 to /home/urielsantiago/.config/discord/0.0.63/modules/pending/discord_krisp-1.zip: 11%
2024-08-07T23:27:41.307Z [Modules] Streaming discord_krisp@1 to /home/urielsantiago/.config/discord/0.0.63/modules/pending/discord_krisp-1.zip: 12%
2024-08-07T23:27:41.327Z [Modules] Streaming discord_krisp@1 to /home/urielsantiago/.config/discord/0.0.63/modules/pending/discord_krisp-1.zip: 13%
2024-08-07T23:27:41.349Z [Modules] Streaming discord_krisp@1 to /home/urielsantiago/.config/discord/0.0.63/modules/pending/discord_krisp-1.zip: 14%
2024-08-07T23:27:41.395Z [Modules] Streaming discord_krisp@1 to /home/urielsantiago/.config/discord/0.0.63/modules/pending/discord_krisp-1.zip: 15%
2024-08-07T23:27:41.417Z [Modules] Streaming discord_krisp@1 to /home/urielsantiago/.config/discord/0.0.63/modules/pending/discord_krisp-1.zip: 16%
2024-08-07T23:27:41.418Z [Modules] Streaming discord_krisp@1 to /home/urielsantiago/.config/discord/0.0.63/modules/pending/discord_krisp-1.zip: 17%
2024-08-07T23:27:41.452Z [Modules] Streaming discord_krisp@1 to /home/urielsantiago/.config/discord/0.0.63/modules/pending/discord_krisp-1.zip: 18%
2024-08-07T23:27:41.453Z [Modules] Streaming discord_krisp@1 to /home/urielsantiago/.config/discord/0.0.63/modules/pending/discord_krisp-1.zip: 19%
2024-08-07T23:27:41.474Z [Modules] Streaming discord_krisp@1 to /home/urielsantiago/.config/discord/0.0.63/modules/pending/discord_krisp-1.zip: 20%
2024-08-07T23:27:41.493Z [Modules] Streaming discord_krisp@1 to /home/urielsantiago/.config/discord/0.0.63/modules/pending/discord_krisp-1.zip: 21%
2024-08-07T23:27:41.542Z [Modules] Streaming discord_krisp@1 to /home/urielsantiago/.config/discord/0.0.63/modules/pending/discord_krisp-1.zip: 22%
2024-08-07T23:27:41.562Z [Modules] Streaming discord_krisp@1 to /home/urielsantiago/.config/discord/0.0.63/modules/pending/discord_krisp-1.zip: 23%
2024-08-07T23:27:41.578Z [Modules] Streaming discord_krisp@1 to /home/urielsantiago/.config/discord/0.0.63/modules/pending/discord_krisp-1.zip: 24%
2024-08-07T23:27:41.606Z [Modules] Streaming discord_krisp@1 to /home/urielsantiago/.config/discord/0.0.63/modules/pending/discord_krisp-1.zip: 25%
2024-08-07T23:27:41.609Z [Modules] Streaming discord_krisp@1 to /home/urielsantiago/.config/discord/0.0.63/modules/pending/discord_krisp-1.zip: 26%
2024-08-07T23:27:41.617Z [Modules] Streaming discord_krisp@1 to /home/urielsantiago/.config/discord/0.0.63/modules/pending/discord_krisp-1.zip: 27%
2024-08-07T23:27:41.638Z [Modules] Streaming discord_krisp@1 to /home/urielsantiago/.config/discord/0.0.63/modules/pending/discord_krisp-1.zip: 28%
2024-08-07T23:27:41.683Z [Modules] Streaming discord_krisp@1 to /home/urielsantiago/.config/discord/0.0.63/modules/pending/discord_krisp-1.zip: 29%
2024-08-07T23:27:41.715Z [Modules] Streaming discord_krisp@1 to /home/urielsantiago/.config/discord/0.0.63/modules/pending/discord_krisp-1.zip: 30%
2024-08-07T23:27:41.718Z [Modules] Streaming discord_krisp@1 to /home/urielsantiago/.config/discord/0.0.63/modules/pending/discord_krisp-1.zip: 31%
2024-08-07T23:27:41.723Z [Modules] Streaming discord_krisp@1 to /home/urielsantiago/.config/discord/0.0.63/modules/pending/discord_krisp-1.zip: 32%
2024-08-07T23:27:41.752Z [Modules] Streaming discord_krisp@1 to /home/urielsantiago/.config/discord/0.0.63/modules/pending/discord_krisp-1.zip: 33%
2024-08-07T23:27:41.789Z [Modules] Streaming discord_krisp@1 to /home/urielsantiago/.config/discord/0.0.63/modules/pending/discord_krisp-1.zip: 34%
2024-08-07T23:27:41.793Z [Modules] Streaming discord_krisp@1 to /home/urielsantiago/.config/discord/0.0.63/modules/pending/discord_krisp-1.zip: 35%
2024-08-07T23:27:41.812Z [Modules] Streaming discord_krisp@1 to /home/urielsantiago/.config/discord/0.0.63/modules/pending/discord_krisp-1.zip: 36%
2024-08-07T23:27:41.837Z [Modules] Streaming discord_krisp@1 to /home/urielsantiago/.config/discord/0.0.63/modules/pending/discord_krisp-1.zip: 37%
2024-08-07T23:27:41.854Z [Modules] Streaming discord_krisp@1 to /home/urielsantiago/.config/discord/0.0.63/modules/pending/discord_krisp-1.zip: 38%
2024-08-07T23:27:41.903Z [Modules] Streaming discord_krisp@1 to /home/urielsantiago/.config/discord/0.0.63/modules/pending/discord_krisp-1.zip: 39%
2024-08-07T23:27:41.922Z [Modules] Streaming discord_krisp@1 to /home/urielsantiago/.config/discord/0.0.63/modules/pending/discord_krisp-1.zip: 40%
2024-08-07T23:27:41.924Z [Modules] Streaming discord_krisp@1 to /home/urielsantiago/.config/discord/0.0.63/modules/pending/discord_krisp-1.zip: 41%
2024-08-07T23:27:41.938Z [Modules] Streaming discord_krisp@1 to /home/urielsantiago/.config/discord/0.0.63/modules/pending/discord_krisp-1.zip: 42%
2024-08-07T23:27:41.958Z [Modules] Streaming discord_krisp@1 to /home/urielsantiago/.config/discord/0.0.63/modules/pending/discord_krisp-1.zip: 43%
2024-08-07T23:27:41.980Z [Modules] Streaming discord_krisp@1 to /home/urielsantiago/.config/discord/0.0.63/modules/pending/discord_krisp-1.zip: 44%
2024-08-07T23:27:42.032Z [Modules] Streaming discord_krisp@1 to /home/urielsantiago/.config/discord/0.0.63/modules/pending/discord_krisp-1.zip: 45%
2024-08-07T23:27:42.047Z [Modules] Streaming discord_krisp@1 to /home/urielsantiago/.config/discord/0.0.63/modules/pending/discord_krisp-1.zip: 46%
2024-08-07T23:27:42.068Z [Modules] Streaming discord_krisp@1 to /home/urielsantiago/.config/discord/0.0.63/modules/pending/discord_krisp-1.zip: 47%
2024-08-07T23:27:42.088Z [Modules] Streaming discord_krisp@1 to /home/urielsantiago/.config/discord/0.0.63/modules/pending/discord_krisp-1.zip: 48%
2024-08-07T23:27:42.095Z [Modules] Streaming discord_krisp@1 to /home/urielsantiago/.config/discord/0.0.63/modules/pending/discord_krisp-1.zip: 49%
2024-08-07T23:27:42.105Z [Modules] Streaming discord_krisp@1 to /home/urielsantiago/.config/discord/0.0.63/modules/pending/discord_krisp-1.zip: 50%
2024-08-07T23:27:42.126Z [Modules] Streaming discord_krisp@1 to /home/urielsantiago/.config/discord/0.0.63/modules/pending/discord_krisp-1.zip: 51%
2024-08-07T23:27:42.146Z [Modules] Streaming discord_krisp@1 to /home/urielsantiago/.config/discord/0.0.63/modules/pending/discord_krisp-1.zip: 52%
2024-08-07T23:27:42.192Z [Modules] Streaming discord_krisp@1 to /home/urielsantiago/.config/discord/0.0.63/modules/pending/discord_krisp-1.zip: 53%
2024-08-07T23:27:42.215Z [Modules] Streaming discord_krisp@1 to /home/urielsantiago/.config/discord/0.0.63/modules/pending/discord_krisp-1.zip: 54%
2024-08-07T23:27:42.234Z [Modules] Streaming discord_krisp@1 to /home/urielsantiago/.config/discord/0.0.63/modules/pending/discord_krisp-1.zip: 55%
2024-08-07T23:27:42.249Z [Modules] Streaming discord_krisp@1 to /home/urielsantiago/.config/discord/0.0.63/modules/pending/discord_krisp-1.zip: 56%
2024-08-07T23:27:42.249Z [Modules] Streaming discord_krisp@1 to /home/urielsantiago/.config/discord/0.0.63/modules/pending/discord_krisp-1.zip: 57%
2024-08-07T23:27:42.270Z [Modules] Streaming discord_krisp@1 to /home/urielsantiago/.config/discord/0.0.63/modules/pending/discord_krisp-1.zip: 58%
2024-08-07T23:27:42.308Z [Modules] Streaming discord_krisp@1 to /home/urielsantiago/.config/discord/0.0.63/modules/pending/discord_krisp-1.zip: 59%
2024-08-07T23:27:42.323Z [Modules] Streaming discord_krisp@1 to /home/urielsantiago/.config/discord/0.0.63/modules/pending/discord_krisp-1.zip: 60%
2024-08-07T23:27:42.353Z [Modules] Streaming discord_krisp@1 to /home/urielsantiago/.config/discord/0.0.63/modules/pending/discord_krisp-1.zip: 61%
2024-08-07T23:27:42.368Z [Modules] Streaming discord_krisp@1 to /home/urielsantiago/.config/discord/0.0.63/modules/pending/discord_krisp-1.zip: 62%
2024-08-07T23:27:42.392Z [Modules] Streaming discord_krisp@1 to /home/urielsantiago/.config/discord/0.0.63/modules/pending/discord_krisp-1.zip: 63%
2024-08-07T23:27:42.436Z [Modules] Streaming discord_krisp@1 to /home/urielsantiago/.config/discord/0.0.63/modules/pending/discord_krisp-1.zip: 64%
2024-08-07T23:27:42.437Z [Modules] Streaming discord_krisp@1 to /home/urielsantiago/.config/discord/0.0.63/modules/pending/discord_krisp-1.zip: 65%
2024-08-07T23:27:42.453Z [Modules] Streaming discord_krisp@1 to /home/urielsantiago/.config/discord/0.0.63/modules/pending/discord_krisp-1.zip: 66%
2024-08-07T23:27:42.471Z [Modules] Streaming discord_krisp@1 to /home/urielsantiago/.config/discord/0.0.63/modules/pending/discord_krisp-1.zip: 67%
2024-08-07T23:27:42.526Z [Modules] Streaming discord_krisp@1 to /home/urielsantiago/.config/discord/0.0.63/modules/pending/discord_krisp-1.zip: 68%
2024-08-07T23:27:42.542Z [Modules] Streaming discord_krisp@1 to /home/urielsantiago/.config/discord/0.0.63/modules/pending/discord_krisp-1.zip: 69%
2024-08-07T23:27:42.561Z [Modules] Streaming discord_krisp@1 to /home/urielsantiago/.config/discord/0.0.63/modules/pending/discord_krisp-1.zip: 70%
2024-08-07T23:27:42.582Z [Modules] Streaming discord_krisp@1 to /home/urielsantiago/.config/discord/0.0.63/modules/pending/discord_krisp-1.zip: 71%
2024-08-07T23:27:42.596Z [Modules] Streaming discord_krisp@1 to /home/urielsantiago/.config/discord/0.0.63/modules/pending/discord_krisp-1.zip: 72%
2024-08-07T23:27:42.597Z [Modules] Streaming discord_krisp@1 to /home/urielsantiago/.config/discord/0.0.63/modules/pending/discord_krisp-1.zip: 73%
2024-08-07T23:27:42.645Z [Modules] Streaming discord_krisp@1 to /home/urielsantiago/.config/discord/0.0.63/modules/pending/discord_krisp-1.zip: 74%
2024-08-07T23:27:42.665Z [Modules] Streaming discord_krisp@1 to /home/urielsantiago/.config/discord/0.0.63/modules/pending/discord_krisp-1.zip: 75%
2024-08-07T23:27:42.674Z [Modules] Streaming discord_krisp@1 to /home/urielsantiago/.config/discord/0.0.63/modules/pending/discord_krisp-1.zip: 76%
2024-08-07T23:27:42.711Z [Modules] Streaming discord_krisp@1 to /home/urielsantiago/.config/discord/0.0.63/modules/pending/discord_krisp-1.zip: 77%
2024-08-07T23:27:42.729Z [Modules] Streaming discord_krisp@1 to /home/urielsantiago/.config/discord/0.0.63/modules/pending/discord_krisp-1.zip: 78%
2024-08-07T23:27:42.743Z [Modules] Streaming discord_krisp@1 to /home/urielsantiago/.config/discord/0.0.63/modules/pending/discord_krisp-1.zip: 79%
2024-08-07T23:27:42.757Z [Modules] Streaming discord_krisp@1 to /home/urielsantiago/.config/discord/0.0.63/modules/pending/discord_krisp-1.zip: 80%
2024-08-07T23:27:42.764Z [Modules] Streaming discord_krisp@1 to /home/urielsantiago/.config/discord/0.0.63/modules/pending/discord_krisp-1.zip: 81%
2024-08-07T23:27:42.782Z [Modules] Streaming discord_krisp@1 to /home/urielsantiago/.config/discord/0.0.63/modules/pending/discord_krisp-1.zip: 82%
2024-08-07T23:27:42.853Z [Modules] Streaming discord_krisp@1 to /home/urielsantiago/.config/discord/0.0.63/modules/pending/discord_krisp-1.zip: 83%
2024-08-07T23:27:42.862Z [Modules] Streaming discord_krisp@1 to /home/urielsantiago/.config/discord/0.0.63/modules/pending/discord_krisp-1.zip: 84%
2024-08-07T23:27:42.872Z [Modules] Streaming discord_krisp@1 to /home/urielsantiago/.config/discord/0.0.63/modules/pending/discord_krisp-1.zip: 85%
2024-08-07T23:27:42.887Z [Modules] Streaming discord_krisp@1 to /home/urielsantiago/.config/discord/0.0.63/modules/pending/discord_krisp-1.zip: 86%
2024-08-07T23:27:42.906Z [Modules] Streaming discord_krisp@1 to /home/urielsantiago/.config/discord/0.0.63/modules/pending/discord_krisp-1.zip: 87%
2024-08-07T23:27:42.953Z [Modules] Streaming discord_krisp@1 to /home/urielsantiago/.config/discord/0.0.63/modules/pending/discord_krisp-1.zip: 88%
2024-08-07T23:27:42.967Z [Modules] Streaming discord_krisp@1 to /home/urielsantiago/.config/discord/0.0.63/modules/pending/discord_krisp-1.zip: 89%
2024-08-07T23:27:42.972Z [Modules] Streaming discord_krisp@1 to /home/urielsantiago/.config/discord/0.0.63/modules/pending/discord_krisp-1.zip: 90%
2024-08-07T23:27:43.007Z [Modules] Streaming discord_krisp@1 to /home/urielsantiago/.config/discord/0.0.63/modules/pending/discord_krisp-1.zip: 91%
2024-08-07T23:27:43.026Z [Modules] Streaming discord_krisp@1 to /home/urielsantiago/.config/discord/0.0.63/modules/pending/discord_krisp-1.zip: 92%
2024-08-07T23:27:43.045Z [Modules] Streaming discord_krisp@1 to /home/urielsantiago/.config/discord/0.0.63/modules/pending/discord_krisp-1.zip: 93%
2024-08-07T23:27:43.066Z [Modules] Streaming discord_krisp@1 to /home/urielsantiago/.config/discord/0.0.63/modules/pending/discord_krisp-1.zip: 94%
2024-08-07T23:27:43.112Z [Modules] Streaming discord_krisp@1 to /home/urielsantiago/.config/discord/0.0.63/modules/pending/discord_krisp-1.zip: 95%
2024-08-07T23:27:43.116Z [Modules] Streaming discord_krisp@1 to /home/urielsantiago/.config/discord/0.0.63/modules/pending/discord_krisp-1.zip: 96%
2024-08-07T23:27:43.129Z [Modules] Streaming discord_krisp@1 to /home/urielsantiago/.config/discord/0.0.63/modules/pending/discord_krisp-1.zip: 97%
2024-08-07T23:27:43.152Z [Modules] Streaming discord_krisp@1 to /home/urielsantiago/.config/discord/0.0.63/modules/pending/discord_krisp-1.zip: 98%
2024-08-07T23:27:43.172Z [Modules] Streaming discord_krisp@1 to /home/urielsantiago/.config/discord/0.0.63/modules/pending/discord_krisp-1.zip: 99%
2024-08-07T23:27:43.193Z [Modules] Streaming discord_krisp@1 to /home/urielsantiago/.config/discord/0.0.63/modules/pending/discord_krisp-1.zip: 100%
2024-08-07T23:27:43.194Z [Modules] Fetching discord_game_utils@1 from https://discord.com/api/modules/stable/discord_game_utils/1
2024-08-07T23:27:43.194Z [Modules] Streaming discord_game_utils@1 to /home/urielsantiago/.config/discord/0.0.63/modules/pending/discord_game_utils-1.zip
2024-08-07T23:27:43.195Z [Modules] Installing discord_krisp@1 from /home/urielsantiago/.config/discord/0.0.63/modules/pending/discord_krisp-1.zip
2024-08-07T23:27:43.392Z [Modules] Finished module installations. [success: 1] [failure: 0]
2024-08-07T23:27:43.456Z [Modules] Streaming discord_game_utils@1 to /home/urielsantiago/.config/discord/0.0.63/modules/pending/discord_game_utils-1.zip: 1%
2024-08-07T23:27:43.460Z [Modules] Streaming discord_game_utils@1 to /home/urielsantiago/.config/discord/0.0.63/modules/pending/discord_game_utils-1.zip: 2%
2024-08-07T23:27:43.462Z [Modules] Streaming discord_game_utils@1 to /home/urielsantiago/.config/discord/0.0.63/modules/pending/discord_game_utils-1.zip: 3%
2024-08-07T23:27:43.463Z [Modules] Streaming discord_game_utils@1 to /home/urielsantiago/.config/discord/0.0.63/modules/pending/discord_game_utils-1.zip: 4%
2024-08-07T23:27:43.467Z [Modules] Streaming discord_game_utils@1 to /home/urielsantiago/.config/discord/0.0.63/modules/pending/discord_game_utils-1.zip: 6%
2024-08-07T23:27:43.472Z [Modules] Streaming discord_game_utils@1 to /home/urielsantiago/.config/discord/0.0.63/modules/pending/discord_game_utils-1.zip: 8%
2024-08-07T23:27:43.478Z [Modules] Streaming discord_game_utils@1 to /home/urielsantiago/.config/discord/0.0.63/modules/pending/discord_game_utils-1.zip: 10%
2024-08-07T23:27:43.481Z [Modules] Streaming discord_game_utils@1 to /home/urielsantiago/.config/discord/0.0.63/modules/pending/discord_game_utils-1.zip: 11%
2024-08-07T23:27:43.482Z [Modules] Streaming discord_game_utils@1 to /home/urielsantiago/.config/discord/0.0.63/modules/pending/discord_game_utils-1.zip: 12%
2024-08-07T23:27:43.486Z [Modules] Streaming discord_game_utils@1 to /home/urielsantiago/.config/discord/0.0.63/modules/pending/discord_game_utils-1.zip: 14%
2024-08-07T23:27:43.492Z [Modules] Streaming discord_game_utils@1 to /home/urielsantiago/.config/discord/0.0.63/modules/pending/discord_game_utils-1.zip: 15%
2024-08-07T23:27:43.493Z [Modules] Streaming discord_game_utils@1 to /home/urielsantiago/.config/discord/0.0.63/modules/pending/discord_game_utils-1.zip: 16%
2024-08-07T23:27:43.526Z [Modules] Streaming discord_game_utils@1 to /home/urielsantiago/.config/discord/0.0.63/modules/pending/discord_game_utils-1.zip: 17%
2024-08-07T23:27:43.527Z [Modules] Streaming discord_game_utils@1 to /home/urielsantiago/.config/discord/0.0.63/modules/pending/discord_game_utils-1.zip: 18%
2024-08-07T23:27:43.528Z [Modules] Streaming discord_game_utils@1 to /home/urielsantiago/.config/discord/0.0.63/modules/pending/discord_game_utils-1.zip: 21%
2024-08-07T23:27:43.528Z [Modules] Streaming discord_game_utils@1 to /home/urielsantiago/.config/discord/0.0.63/modules/pending/discord_game_utils-1.zip: 22%
2024-08-07T23:27:43.528Z [Modules] Streaming discord_game_utils@1 to /home/urielsantiago/.config/discord/0.0.63/modules/pending/discord_game_utils-1.zip: 24%
2024-08-07T23:27:43.529Z [Modules] Streaming discord_game_utils@1 to /home/urielsantiago/.config/discord/0.0.63/modules/pending/discord_game_utils-1.zip: 27%
2024-08-07T23:27:43.529Z [Modules] Streaming discord_game_utils@1 to /home/urielsantiago/.config/discord/0.0.63/modules/pending/discord_game_utils-1.zip: 29%
2024-08-07T23:27:43.529Z [Modules] Streaming discord_game_utils@1 to /home/urielsantiago/.config/discord/0.0.63/modules/pending/discord_game_utils-1.zip: 31%
2024-08-07T23:27:43.531Z [Modules] Streaming discord_game_utils@1 to /home/urielsantiago/.config/discord/0.0.63/modules/pending/discord_game_utils-1.zip: 32%
2024-08-07T23:27:43.532Z [Modules] Streaming discord_game_utils@1 to /home/urielsantiago/.config/discord/0.0.63/modules/pending/discord_game_utils-1.zip: 33%
2024-08-07T23:27:43.539Z [Modules] Streaming discord_game_utils@1 to /home/urielsantiago/.config/discord/0.0.63/modules/pending/discord_game_utils-1.zip: 36%
2024-08-07T23:27:43.544Z [Modules] Streaming discord_game_utils@1 to /home/urielsantiago/.config/discord/0.0.63/modules/pending/discord_game_utils-1.zip: 37%
2024-08-07T23:27:43.548Z [Modules] Streaming discord_game_utils@1 to /home/urielsantiago/.config/discord/0.0.63/modules/pending/discord_game_utils-1.zip: 39%
2024-08-07T23:27:43.550Z [Modules] Streaming discord_game_utils@1 to /home/urielsantiago/.config/discord/0.0.63/modules/pending/discord_game_utils-1.zip: 40%
2024-08-07T23:27:43.552Z [Modules] Streaming discord_game_utils@1 to /home/urielsantiago/.config/discord/0.0.63/modules/pending/discord_game_utils-1.zip: 41%
2024-08-07T23:27:43.556Z [Modules] Streaming discord_game_utils@1 to /home/urielsantiago/.config/discord/0.0.63/modules/pending/discord_game_utils-1.zip: 43%
2024-08-07T23:27:43.559Z [Modules] Streaming discord_game_utils@1 to /home/urielsantiago/.config/discord/0.0.63/modules/pending/discord_game_utils-1.zip: 44%
2024-08-07T23:27:43.562Z [Modules] Streaming discord_game_utils@1 to /home/urielsantiago/.config/discord/0.0.63/modules/pending/discord_game_utils-1.zip: 45%
2024-08-07T23:27:43.564Z [Modules] Streaming discord_game_utils@1 to /home/urielsantiago/.config/discord/0.0.63/modules/pending/discord_game_utils-1.zip: 46%
2024-08-07T23:27:43.566Z [Modules] Streaming discord_game_utils@1 to /home/urielsantiago/.config/discord/0.0.63/modules/pending/discord_game_utils-1.zip: 47%
2024-08-07T23:27:43.569Z [Modules] Streaming discord_game_utils@1 to /home/urielsantiago/.config/discord/0.0.63/modules/pending/discord_game_utils-1.zip: 48%
2024-08-07T23:27:43.603Z [Modules] Streaming discord_game_utils@1 to /home/urielsantiago/.config/discord/0.0.63/modules/pending/discord_game_utils-1.zip: 50%
2024-08-07T23:27:43.606Z [Modules] Streaming discord_game_utils@1 to /home/urielsantiago/.config/discord/0.0.63/modules/pending/discord_game_utils-1.zip: 51%
2024-08-07T23:27:43.609Z [Modules] Streaming discord_game_utils@1 to /home/urielsantiago/.config/discord/0.0.63/modules/pending/discord_game_utils-1.zip: 53%
2024-08-07T23:27:43.612Z [Modules] Streaming discord_game_utils@1 to /home/urielsantiago/.config/discord/0.0.63/modules/pending/discord_game_utils-1.zip: 56%
2024-08-07T23:27:43.616Z [Modules] Streaming discord_game_utils@1 to /home/urielsantiago/.config/discord/0.0.63/modules/pending/discord_game_utils-1.zip: 57%
2024-08-07T23:27:43.621Z [Modules] Streaming discord_game_utils@1 to /home/urielsantiago/.config/discord/0.0.63/modules/pending/discord_game_utils-1.zip: 59%
2024-08-07T23:27:43.626Z [Modules] Streaming discord_game_utils@1 to /home/urielsantiago/.config/discord/0.0.63/modules/pending/discord_game_utils-1.zip: 61%
2024-08-07T23:27:43.628Z [Modules] Streaming discord_game_utils@1 to /home/urielsantiago/.config/discord/0.0.63/modules/pending/discord_game_utils-1.zip: 62%
2024-08-07T23:27:43.631Z [Modules] Streaming discord_game_utils@1 to /home/urielsantiago/.config/discord/0.0.63/modules/pending/discord_game_utils-1.zip: 63%
2024-08-07T23:27:43.632Z [Modules] Streaming discord_game_utils@1 to /home/urielsantiago/.config/discord/0.0.63/modules/pending/discord_game_utils-1.zip: 64%
2024-08-07T23:27:43.635Z [Modules] Streaming discord_game_utils@1 to /home/urielsantiago/.config/discord/0.0.63/modules/pending/discord_game_utils-1.zip: 66%
2024-08-07T23:27:43.635Z [Modules] Streaming discord_game_utils@1 to /home/urielsantiago/.config/discord/0.0.63/modules/pending/discord_game_utils-1.zip: 69%
2024-08-07T23:27:43.635Z [Modules] Streaming discord_game_utils@1 to /home/urielsantiago/.config/discord/0.0.63/modules/pending/discord_game_utils-1.zip: 72%
2024-08-07T23:27:43.635Z [Modules] Streaming discord_game_utils@1 to /home/urielsantiago/.config/discord/0.0.63/modules/pending/discord_game_utils-1.zip: 74%
2024-08-07T23:27:43.636Z [Modules] Streaming discord_game_utils@1 to /home/urielsantiago/.config/discord/0.0.63/modules/pending/discord_game_utils-1.zip: 75%
2024-08-07T23:27:43.636Z [Modules] Streaming discord_game_utils@1 to /home/urielsantiago/.config/discord/0.0.63/modules/pending/discord_game_utils-1.zip: 76%
2024-08-07T23:27:43.638Z [Modules] Streaming discord_game_utils@1 to /home/urielsantiago/.config/discord/0.0.63/modules/pending/discord_game_utils-1.zip: 77%
2024-08-07T23:27:43.640Z [Modules] Streaming discord_game_utils@1 to /home/urielsantiago/.config/discord/0.0.63/modules/pending/discord_game_utils-1.zip: 78%
2024-08-07T23:27:43.672Z [Modules] Streaming discord_game_utils@1 to /home/urielsantiago/.config/discord/0.0.63/modules/pending/discord_game_utils-1.zip: 79%
2024-08-07T23:27:43.676Z [Modules] Streaming discord_game_utils@1 to /home/urielsantiago/.config/discord/0.0.63/modules/pending/discord_game_utils-1.zip: 82%
2024-08-07T23:27:43.681Z [Modules] Streaming discord_game_utils@1 to /home/urielsantiago/.config/discord/0.0.63/modules/pending/discord_game_utils-1.zip: 83%
2024-08-07T23:27:43.684Z [Modules] Streaming discord_game_utils@1 to /home/urielsantiago/.config/discord/0.0.63/modules/pending/discord_game_utils-1.zip: 86%
2024-08-07T23:27:43.684Z [Modules] Streaming discord_game_utils@1 to /home/urielsantiago/.config/discord/0.0.63/modules/pending/discord_game_utils-1.zip: 89%
2024-08-07T23:27:43.685Z [Modules] Streaming discord_game_utils@1 to /home/urielsantiago/.config/discord/0.0.63/modules/pending/discord_game_utils-1.zip: 94%
2024-08-07T23:27:43.685Z [Modules] Streaming discord_game_utils@1 to /home/urielsantiago/.config/discord/0.0.63/modules/pending/discord_game_utils-1.zip: 96%
2024-08-07T23:27:43.687Z [Modules] Streaming discord_game_utils@1 to /home/urielsantiago/.config/discord/0.0.63/modules/pending/discord_game_utils-1.zip: 97%
2024-08-07T23:27:43.688Z [Modules] Streaming discord_game_utils@1 to /home/urielsantiago/.config/discord/0.0.63/modules/pending/discord_game_utils-1.zip: 98%
2024-08-07T23:27:43.691Z [Modules] Streaming discord_game_utils@1 to /home/urielsantiago/.config/discord/0.0.63/modules/pending/discord_game_utils-1.zip: 99%
2024-08-07T23:27:43.692Z [Modules] Streaming discord_game_utils@1 to /home/urielsantiago/.config/discord/0.0.63/modules/pending/discord_game_utils-1.zip: 100%
2024-08-07T23:27:43.693Z [Modules] Finished module downloads. [success: 2] [failure: 0]
2024-08-07T23:27:43.693Z [Modules] Installing discord_game_utils@1 from /home/urielsantiago/.config/discord/0.0.63/modules/pending/discord_game_utils-1.zip
2024-08-07T23:27:43.732Z [Modules] Finished module installations. [success: 1] [failure: 0]
2024-08-07T23:27:52.932Z [Modules] Checking for host updates.
2024-08-07T23:27:52.986Z [Modules] Starting to install discord_rpc...
2024-08-07T23:27:52.986Z [Modules] Fetching discord_rpc@1 from https://discord.com/api/modules/stable/discord_rpc/1
2024-08-07T23:27:52.986Z [Modules] Streaming discord_rpc@1 to /home/urielsantiago/.config/discord/0.0.63/modules/pending/discord_rpc-1.zip
2024-08-07T23:27:53.184Z [Modules] Host is up to date.
2024-08-07T23:27:53.184Z [Modules] Checking for module updates at https://discord.com/api/modules/stable/versions.json
2024-08-07T23:27:53.186Z [Modules] No module updates available.
2024-08-07T23:27:53.235Z [Modules] Streaming discord_rpc@1 to /home/urielsantiago/.config/discord/0.0.63/modules/pending/discord_rpc-1.zip: 38%
2024-08-07T23:27:53.237Z [Modules] Streaming discord_rpc@1 to /home/urielsantiago/.config/discord/0.0.63/modules/pending/discord_rpc-1.zip: 75%
2024-08-07T23:27:53.242Z [Modules] Streaming discord_rpc@1 to /home/urielsantiago/.config/discord/0.0.63/modules/pending/discord_rpc-1.zip: 100%
2024-08-07T23:27:53.243Z [Modules] Finished module downloads. [success: 1] [failure: 0]
2024-08-07T23:27:53.243Z [Modules] Installing discord_rpc@1 from /home/urielsantiago/.config/discord/0.0.63/modules/pending/discord_rpc-1.zip
2024-08-07T23:27:53.251Z [Modules] Finished module installations. [success: 1] [failure: 0]
2024-08-07T23:34:21.779Z [Modules] Modules initializing
2024-08-07T23:34:21.779Z [Modules] Distribution: remote
2024-08-07T23:34:21.779Z [Modules] Host updates: enabled
2024-08-07T23:34:21.779Z [Modules] Module updates: enabled
2024-08-07T23:34:21.779Z [Modules] Module install path: /home/urielsantiago/.config/discord/0.0.63/modules
2024-08-07T23:34:21.779Z [Modules] Module installed file path: /home/urielsantiago/.config/discord/0.0.63/modules/installed.json
2024-08-07T23:34:21.779Z [Modules] Module download path: /home/urielsantiago/.config/discord/0.0.63/modules/pending
2024-08-07T23:34:21.962Z [Modules] No updates to install
2024-08-07T23:34:21.963Z [Modules] Checking for host updates.
2024-08-07T23:34:22.353Z [Modules] Host is up to date.
2024-08-07T23:34:22.353Z [Modules] Checking for module updates at https://discord.com/api/modules/stable/versions.json
2024-08-07T23:34:22.391Z [Modules] No module updates available.
2024-08-07T23:34:24.100Z [Modules] Checking for host updates.
2024-08-07T23:34:24.401Z [Modules] Host is up to date.
2024-08-07T23:34:24.401Z [Modules] Checking for module updates at https://discord.com/api/modules/stable/versions.json
2024-08-07T23:34:24.404Z [Modules] No module updates available.
