2024-08-07 16:45:09.194 [info] [main] Log level: Info
2024-08-07 16:45:09.194 [info] [main] Validating found git in: "git"
2024-08-07 16:45:09.194 [info] [main] Using git "2.46.0" from "git"
2024-08-07 16:45:09.194 [info] [Model][doInitialScan] Initial repository scan started
2024-08-07 16:45:09.194 [info] > git rev-parse --show-toplevel [7ms]
2024-08-07 16:45:09.194 [info] > git rev-parse --git-dir --git-common-dir [1ms]
2024-08-07 16:45:09.194 [info] [Model][openRepository] Opened repository: /home/urielsantiago/Documents/GitHub/dissertation
2024-08-07 16:45:09.200 [info] > git config --get commit.template [2ms]
2024-08-07 16:45:09.208 [info] > git for-each-ref --format=%(refname)%00%(upstream:short)%00%(objectname)%00%(upstream:track)%00%(upstream:remotename)%00%(upstream:remoteref) refs/heads/dev refs/remotes/dev [4ms]
2024-08-07 16:45:09.212 [info] > git rev-parse --show-toplevel [4ms]
2024-08-07 16:45:09.217 [info] > git status -z -uall [5ms]
2024-08-07 16:45:09.229 [info] > git for-each-ref --format=%(refname)%00%(upstream:short)%00%(objectname)%00%(upstream:track)%00%(upstream:remotename)%00%(upstream:remoteref) refs/heads/dev refs/remotes/dev [8ms]
2024-08-07 16:45:09.233 [info] > git rev-parse --show-toplevel [17ms]
2024-08-07 16:45:09.237 [info] > git config --get commit.template [9ms]
2024-08-07 16:45:09.239 [info] > git rev-parse --show-toplevel [2ms]
2024-08-07 16:45:09.239 [info] > git config --local branch.dev.vscode-merge-base [6ms]
2024-08-07 16:45:09.270 [info] > git for-each-ref --format=%(refname)%00%(upstream:short)%00%(objectname)%00%(upstream:track)%00%(upstream:remotename)%00%(upstream:remoteref) refs/heads/origin/main refs/remotes/origin/main [27ms]
2024-08-07 16:45:09.272 [info] > git rev-parse --show-toplevel [2ms]
2024-08-07 16:45:09.272 [info] > git for-each-ref --format=%(refname)%00%(upstream:short)%00%(objectname)%00%(upstream:track)%00%(upstream:remotename)%00%(upstream:remoteref) refs/heads/dev refs/remotes/dev [6ms]
2024-08-07 16:45:09.281 [info] > git status -z -uall [5ms]
2024-08-07 16:45:09.281 [info] > git rev-parse --show-toplevel [1ms]
2024-08-07 16:45:09.292 [info] > git for-each-ref --format=%(refname)%00%(upstream:short)%00%(objectname)%00%(upstream:track)%00%(upstream:remotename)%00%(upstream:remoteref) refs/heads/dev refs/remotes/dev [7ms]
2024-08-07 16:45:09.297 [info] > git config --local branch.dev.vscode-merge-base [2ms]
2024-08-07 16:45:09.300 [info] > git rev-parse --show-toplevel [9ms]
2024-08-07 16:45:09.306 [info] > git for-each-ref --format=%(refname)%00%(upstream:short)%00%(objectname)%00%(upstream:track)%00%(upstream:remotename)%00%(upstream:remoteref) refs/heads/origin/main refs/remotes/origin/main [5ms]
2024-08-07 16:45:09.307 [info] > git rev-parse --show-toplevel [2ms]
2024-08-07 16:45:09.312 [info] > git rev-parse --show-toplevel [1ms]
2024-08-07 16:45:09.312 [info] [Model][doInitialScan] Initial repository scan completed - repositories (1), closed repositories (0), parent repositories (0), unsafe repositories (0)
2024-08-07 16:45:09.513 [info] > git show --textconv :README.md [6ms]
2024-08-07 16:45:09.514 [info] > git ls-files --stage -- /home/urielsantiago/Documents/GitHub/dissertation/README.md [2ms]
2024-08-07 16:45:09.518 [info] > git cat-file -s e887e8f9414bb3e8afe362ced6ec919f8b5ebf4e [1ms]
2024-08-07 16:45:09.708 [info] > git check-ignore -v -z --stdin [2ms]
2024-08-07 16:45:14.932 [info] > git show --textconv :index.tex [4ms]
2024-08-07 16:45:14.934 [info] > git ls-files --stage -- /home/urielsantiago/Documents/GitHub/dissertation/index.tex [3ms]
2024-08-07 16:45:14.939 [info] > git cat-file -s f7279848b0ac19daf892298de020298f1b873b3a [1ms]
2024-08-07 16:45:18.622 [info] > git config --get commit.template [1ms]
2024-08-07 16:45:18.628 [info] > git for-each-ref --format=%(refname)%00%(upstream:short)%00%(objectname)%00%(upstream:track)%00%(upstream:remotename)%00%(upstream:remoteref) refs/heads/dev refs/remotes/dev [2ms]
2024-08-07 16:45:18.633 [info] > git status -z -uall [1ms]
2024-08-07 16:45:18.640 [info] > git for-each-ref --format=%(refname)%00%(upstream:short)%00%(objectname)%00%(upstream:track)%00%(upstream:remotename)%00%(upstream:remoteref) refs/heads/dev refs/remotes/dev [1ms]
2024-08-07 16:45:18.646 [info] > git config --local branch.dev.vscode-merge-base [1ms]
2024-08-07 16:45:18.651 [info] > git for-each-ref --format=%(refname)%00%(upstream:short)%00%(objectname)%00%(upstream:track)%00%(upstream:remotename)%00%(upstream:remoteref) refs/heads/origin/main refs/remotes/origin/main [1ms]
