2024-08-07 17:15:09.862 [info] [main] Log level: Info
2024-08-07 17:15:09.862 [info] [main] Validating found git in: "git"
2024-08-07 17:15:09.862 [info] [main] Using git "2.46.0" from "git"
2024-08-07 17:15:09.862 [info] [Model][doInitialScan] Initial repository scan started
2024-08-07 17:15:09.862 [info] > git rev-parse --show-toplevel [5ms]
2024-08-07 17:15:09.872 [info] > git rev-parse --git-dir --git-common-dir [10ms]
2024-08-07 17:15:09.876 [info] [Model][openRepository] Opened repository: /home/urielsantiago/Documents/GitHub/dissertation
2024-08-07 17:15:09.898 [info] > git rev-parse --show-toplevel [6ms]
2024-08-07 17:15:09.899 [info] > git config --get commit.template [11ms]
2024-08-07 17:15:09.913 [info] > git for-each-ref --format=%(refname)%00%(upstream:short)%00%(objectname)%00%(upstream:track)%00%(upstream:remotename)%00%(upstream:remoteref) refs/heads/dev refs/remotes/dev [2ms]
2024-08-07 17:15:09.918 [info] > git rev-parse --show-toplevel [12ms]
2024-08-07 17:15:10.031 [info] > git status -z -uall [113ms]
2024-08-07 17:15:10.031 [info] > git rev-parse --show-toplevel [103ms]
2024-08-07 17:15:10.057 [info] > git for-each-ref --format=%(refname)%00%(upstream:short)%00%(objectname)%00%(upstream:track)%00%(upstream:remotename)%00%(upstream:remoteref) refs/heads/dev refs/remotes/dev [20ms]
2024-08-07 17:15:10.064 [info] > git config --local branch.dev.vscode-merge-base [2ms]
2024-08-07 17:15:10.070 [info] > git config --get commit.template [13ms]
2024-08-07 17:15:10.070 [info] > git rev-parse --show-toplevel [19ms]
2024-08-07 17:15:10.090 [info] > git for-each-ref --format=%(refname)%00%(upstream:short)%00%(objectname)%00%(upstream:track)%00%(upstream:remotename)%00%(upstream:remoteref) refs/heads/origin/main refs/remotes/origin/main [21ms]
2024-08-07 17:15:10.142 [info] > git rev-parse --show-toplevel [66ms]
2024-08-07 17:15:10.161 [info] > git for-each-ref --format=%(refname)%00%(upstream:short)%00%(objectname)%00%(upstream:track)%00%(upstream:remotename)%00%(upstream:remoteref) refs/heads/dev refs/remotes/dev [66ms]
2024-08-07 17:15:10.168 [info] > git rev-parse --show-toplevel [7ms]
2024-08-07 17:15:10.175 [info] > git status -z -uall [8ms]
2024-08-07 17:15:10.175 [info] > git rev-parse --show-toplevel [1ms]
2024-08-07 17:15:10.219 [info] > git for-each-ref --format=%(refname)%00%(upstream:short)%00%(objectname)%00%(upstream:track)%00%(upstream:remotename)%00%(upstream:remoteref) refs/heads/dev refs/remotes/dev [39ms]
2024-08-07 17:15:10.230 [info] > git rev-parse --show-toplevel [43ms]
2024-08-07 17:15:10.237 [info] > git config --local branch.dev.vscode-merge-base [13ms]
2024-08-07 17:15:10.242 [info] > git rev-parse --show-toplevel [6ms]
2024-08-07 17:15:10.242 [info] [Model][doInitialScan] Initial repository scan completed - repositories (1), closed repositories (0), parent repositories (0), unsafe repositories (0)
2024-08-07 17:15:10.244 [info] > git for-each-ref --format=%(refname)%00%(upstream:short)%00%(objectname)%00%(upstream:track)%00%(upstream:remotename)%00%(upstream:remoteref) refs/heads/origin/main refs/remotes/origin/main [3ms]
2024-08-07 17:15:10.387 [info] > git check-ignore -v -z --stdin [1ms]
2024-08-07 17:15:10.490 [info] > git show --textconv :sections/04-encoding_analysis_overview.tex [6ms]
2024-08-07 17:15:10.491 [info] > git ls-files --stage -- /home/urielsantiago/Documents/GitHub/dissertation/sections/04-encoding_analysis_overview.tex [1ms]
2024-08-07 17:15:10.496 [info] > git cat-file -s ad5c865033fabdd1e2a415e98be630649cd320f3 [1ms]
2024-08-07 17:15:15.455 [info] > git check-ignore -v -z --stdin [2ms]
2024-08-07 17:15:16.857 [info] > git config --get commit.template [5ms]
2024-08-07 17:15:16.858 [info] > git for-each-ref --format=%(refname)%00%(upstream:short)%00%(objectname)%00%(upstream:track)%00%(upstream:remotename)%00%(upstream:remoteref) refs/heads/dev refs/remotes/dev [1ms]
2024-08-07 17:15:16.864 [info] > git status -z -uall [2ms]
2024-08-07 17:15:16.871 [info] > git for-each-ref --format=%(refname)%00%(upstream:short)%00%(objectname)%00%(upstream:track)%00%(upstream:remotename)%00%(upstream:remoteref) refs/heads/dev refs/remotes/dev [1ms]
2024-08-07 17:15:16.877 [info] > git config --local branch.dev.vscode-merge-base [1ms]
2024-08-07 17:15:16.882 [info] > git for-each-ref --format=%(refname)%00%(upstream:short)%00%(objectname)%00%(upstream:track)%00%(upstream:remotename)%00%(upstream:remoteref) refs/heads/origin/main refs/remotes/origin/main [0ms]
