2024-08-07 23:07:53.014 [info] [main] Log level: Info
2024-08-07 23:07:53.014 [info] [main] Validating found git in: "git"
2024-08-07 23:07:53.014 [info] [main] Using git "2.46.0" from "git"
2024-08-07 23:07:53.014 [info] [Model][doInitialScan] Initial repository scan started
2024-08-07 23:07:53.014 [info] > git rev-parse --show-toplevel [2ms]
2024-08-07 23:07:53.014 [info] > git rev-parse --git-dir --git-common-dir [1ms]
2024-08-07 23:07:53.014 [info] [Model][openRepository] Opened repository: /home/urielsantiago/Documents/GitHub/dissertation
2024-08-07 23:07:53.014 [info] > git config --get commit.template [10ms]
2024-08-07 23:07:53.084 [info] > git for-each-ref --format=%(refname)%00%(upstream:short)%00%(objectname)%00%(upstream:track)%00%(upstream:remotename)%00%(upstream:remoteref) refs/heads/dev refs/remotes/dev [65ms]
2024-08-07 23:07:53.117 [info] > git status -z -uall [29ms]
2024-08-07 23:07:53.134 [info] > git for-each-ref --format=%(refname)%00%(upstream:short)%00%(objectname)%00%(upstream:track)%00%(upstream:remotename)%00%(upstream:remoteref) refs/heads/dev refs/remotes/dev [11ms]
2024-08-07 23:07:53.140 [info] > git rev-parse --show-toplevel [45ms]
2024-08-07 23:07:53.147 [info] > git config --local branch.dev.vscode-merge-base [7ms]
2024-08-07 23:07:53.152 [info] > git config --get commit.template [17ms]
2024-08-07 23:07:53.159 [info] > git for-each-ref --format=%(refname)%00%(upstream:short)%00%(objectname)%00%(upstream:track)%00%(upstream:remotename)%00%(upstream:remoteref) refs/heads/origin/main refs/remotes/origin/main [8ms]
2024-08-07 23:07:53.159 [info] > git rev-parse --show-toplevel [13ms]
2024-08-07 23:07:53.189 [info] > git rev-parse --show-toplevel [15ms]
2024-08-07 23:07:53.190 [info] > git for-each-ref --format=%(refname)%00%(upstream:short)%00%(objectname)%00%(upstream:track)%00%(upstream:remotename)%00%(upstream:remoteref) refs/heads/dev refs/remotes/dev [20ms]
2024-08-07 23:07:53.252 [info] > git status -z -uall [58ms]
2024-08-07 23:07:53.262 [info] > git for-each-ref --format=%(refname)%00%(upstream:short)%00%(objectname)%00%(upstream:track)%00%(upstream:remotename)%00%(upstream:remoteref) refs/heads/dev refs/remotes/dev [2ms]
2024-08-07 23:07:53.268 [info] > git rev-parse --show-toplevel [62ms]
2024-08-07 23:07:53.274 [info] > git config --local branch.dev.vscode-merge-base [7ms]
2024-08-07 23:07:53.281 [info] > git rev-parse --show-toplevel [7ms]
2024-08-07 23:07:53.318 [info] > git for-each-ref --format=%(refname)%00%(upstream:short)%00%(objectname)%00%(upstream:track)%00%(upstream:remotename)%00%(upstream:remoteref) refs/heads/origin/main refs/remotes/origin/main [38ms]
2024-08-07 23:07:53.318 [info] > git rev-parse --show-toplevel [33ms]
2024-08-07 23:07:53.331 [info] > git rev-parse --show-toplevel [7ms]
2024-08-07 23:07:53.338 [info] > git rev-parse --show-toplevel [2ms]
2024-08-07 23:07:53.351 [info] > git rev-parse --show-toplevel [8ms]
2024-08-07 23:07:53.351 [info] [Model][doInitialScan] Initial repository scan completed - repositories (1), closed repositories (0), parent repositories (0), unsafe repositories (0)
2024-08-07 23:07:53.515 [info] > git check-ignore -v -z --stdin [1ms]
2024-08-07 23:07:53.567 [info] > git show --textconv :index.tex [5ms]
2024-08-07 23:07:53.568 [info] > git ls-files --stage -- /home/urielsantiago/Documents/GitHub/dissertation/index.tex [1ms]
2024-08-07 23:07:53.573 [info] > git cat-file -s f7279848b0ac19daf892298de020298f1b873b3a [1ms]
2024-08-07 23:08:06.302 [info] > git show --textconv :index.tex [5ms]
2024-08-07 23:08:06.303 [info] > git ls-files --stage -- /home/urielsantiago/Documents/GitHub/dissertation/index.tex [1ms]
2024-08-07 23:08:06.309 [info] > git cat-file -s f7279848b0ac19daf892298de020298f1b873b3a [1ms]
2024-08-07 23:08:17.467 [info] > git merge-base refs/heads/dev refs/remotes/origin/main [2ms]
2024-08-07 23:08:17.478 [info] > git log --format=%H%n%aN%n%aE%n%at%n%ct%n%P%n%D%n%B -z --shortstat --diff-merges=first-parent 2edc31bc99c66441035a7adae196f3b3998eaeac.. --topo-order --decorate=full refs/heads/dev refs/remotes/origin/main [1ms]
2024-08-07 23:08:17.484 [info] > git show -s --decorate=full --shortstat --format=%H%n%aN%n%aE%n%at%n%ct%n%P%n%D%n%B -z 2edc31bc99c66441035a7adae196f3b3998eaeac [12ms]
2024-08-07 23:08:17.533 [info] > git merge-base refs/heads/dev refs/remotes/origin/main [2ms]
2024-08-07 23:08:17.553 [info] > git log --format=%H%n%aN%n%aE%n%at%n%ct%n%P%n%D%n%B -z --shortstat --diff-merges=first-parent 2edc31bc99c66441035a7adae196f3b3998eaeac.. --topo-order --decorate=full refs/heads/dev refs/remotes/origin/main [1ms]
2024-08-07 23:08:17.559 [info] > git show -s --decorate=full --shortstat --format=%H%n%aN%n%aE%n%at%n%ct%n%P%n%D%n%B -z 2edc31bc99c66441035a7adae196f3b3998eaeac [11ms]
2024-08-07 23:08:18.040 [info] > git check-ignore -v -z --stdin [1ms]
