2024-07-31 22:36:01 Loading main app package /usr/lib/obsidian/obsidian.asar
2024-07-31 22:36:01 Checking for update using Github
2024-07-31 22:36:01 Success.
2024-07-31 22:36:01 Latest version is 1.6.7
2024-07-31 22:36:01 App is up to date.
2024-07-31 23:01:48 Loading main app package /usr/lib/obsidian/obsidian.asar
2024-07-31 23:01:48 Checking for update using Github
2024-07-31 23:01:48 Success.
2024-07-31 23:01:48 Latest version is 1.6.7
2024-07-31 23:01:48 App is up to date.
2024-07-31 23:04:50 Loading main app package /usr/lib/obsidian/obsidian.asar
2024-07-31 23:04:51 Checking for update using Github
2024-07-31 23:04:51 Success.
2024-07-31 23:04:51 Latest version is 1.6.7
2024-07-31 23:04:51 App is up to date.
2024-08-01 00:33:03 Loading main app package /usr/lib/obsidian/obsidian.asar
2024-08-01 00:33:03 Checking for update using Github
2024-08-01 00:33:03 Success.
2024-08-01 00:33:03 Latest version is 1.6.7
2024-08-01 00:33:03 App is up to date.
2024-08-01 00:54:17 Loading main app package /usr/lib/obsidian/obsidian.asar
2024-08-01 00:54:17 Checking for update using Github
2024-08-01 00:54:17 Success.
2024-08-01 00:54:17 Latest version is 1.6.7
2024-08-01 00:54:17 App is up to date.
2024-08-01 01:54:17 Checking for update using Github
2024-08-01 01:54:17 Success.
2024-08-01 01:54:17 Latest version is 1.6.7
2024-08-01 01:54:17 App is up to date.
2024-08-01 09:52:49 Loading main app package /usr/lib/obsidian/obsidian.asar
2024-08-01 09:52:49 Checking for update using Github
2024-08-01 09:52:49 Success.
2024-08-01 09:52:49 Latest version is 1.6.7
2024-08-01 09:52:49 App is up to date.
2024-08-01 11:14:07 Checking for update using Github
2024-08-01 11:14:07 Success.
2024-08-01 11:14:07 Latest version is 1.6.7
2024-08-01 11:14:07 App is up to date.
2024-08-01 12:14:07 Checking for update using Github
2024-08-01 12:14:07 Success.
2024-08-01 12:14:07 Latest version is 1.6.7
2024-08-01 12:14:07 App is up to date.
2024-08-01 21:27:31 Loading main app package /usr/lib/obsidian/obsidian.asar
2024-08-01 21:27:31 Checking for update using Github
2024-08-01 21:27:31 Success.
2024-08-01 21:27:31 Latest version is 1.6.7
2024-08-01 21:27:31 App is up to date.
2024-08-01 22:27:31 Checking for update using Github
2024-08-01 22:27:31 Success.
2024-08-01 22:27:31 Latest version is 1.6.7
2024-08-01 22:27:31 App is up to date.
2024-08-01 23:38:48 Checking for update using Github
2024-08-01 23:38:48 Success.
2024-08-01 23:38:48 Latest version is 1.6.7
2024-08-01 23:38:48 App is up to date.
2024-08-02 08:36:16 Loading main app package /usr/lib/obsidian/obsidian.asar
2024-08-02 08:36:16 Checking for update using Github
2024-08-02 08:36:16 Success.
2024-08-02 08:36:16 Latest version is 1.6.7
2024-08-02 08:36:16 App is up to date.
2024-08-02 09:36:16 Checking for update using Github
2024-08-02 09:36:16 Success.
2024-08-02 09:36:16 Latest version is 1.6.7
2024-08-02 09:36:16 App is up to date.
2024-08-02 10:36:16 Checking for update using Github
2024-08-02 10:36:16 Success.
2024-08-02 10:36:16 Latest version is 1.6.7
2024-08-02 10:36:16 App is up to date.
2024-08-02 12:31:08 Checking for update using Github
2024-08-02 12:31:08 Success.
2024-08-02 12:31:08 Latest version is 1.6.7
2024-08-02 12:31:08 App is up to date.
2024-08-02 13:04:01 Loading main app package /usr/lib/obsidian/obsidian.asar
2024-08-02 13:04:01 Checking for update using Github
2024-08-02 13:04:02 Success.
2024-08-02 13:04:02 Latest version is 1.6.7
2024-08-02 13:04:02 App is up to date.
2024-08-02 13:10:34 Loading main app package /usr/lib/obsidian/obsidian.asar
2024-08-02 13:10:34 Checking for update using Github
2024-08-02 13:10:34 Success.
2024-08-02 13:10:34 Latest version is 1.6.7
2024-08-02 13:10:34 App is up to date.
2024-08-02 14:55:50 Loading main app package /usr/lib/obsidian/obsidian.asar
2024-08-02 14:55:50 Checking for update using Github
2024-08-02 14:55:50 Success.
2024-08-02 14:55:50 Latest version is 1.6.7
2024-08-02 14:55:50 App is up to date.
2024-08-03 01:18:37 Loading main app package /usr/lib/obsidian/obsidian.asar
2024-08-03 01:18:37 Checking for update using Github
2024-08-03 01:18:37 Success.
2024-08-03 01:18:37 Latest version is 1.6.7
2024-08-03 01:18:37 App is up to date.
2024-08-03 02:18:37 Checking for update using Github
2024-08-03 02:18:37 Success.
2024-08-03 02:18:37 Latest version is 1.6.7
2024-08-03 02:18:37 App is up to date.
2024-08-03 03:30:54 Loading main app package /usr/lib/obsidian/obsidian.asar
2024-08-03 03:30:54 Checking for update using Github
2024-08-03 03:30:54 Success.
2024-08-03 03:30:54 Latest version is 1.6.7
2024-08-03 03:30:54 App is up to date.
2024-08-03 04:30:54 Checking for update using Github
2024-08-03 04:30:54 Success.
2024-08-03 04:30:54 Latest version is 1.6.7
2024-08-03 04:30:54 App is up to date.
2024-08-03 05:30:54 Checking for update using Github
2024-08-03 05:30:54 Success.
2024-08-03 05:30:54 Latest version is 1.6.7
2024-08-03 05:30:54 App is up to date.
2024-08-03 09:22:39 Loading main app package /usr/lib/obsidian/obsidian.asar
2024-08-03 09:22:39 Checking for update using Github
2024-08-03 09:22:39 Success.
2024-08-03 09:22:39 Latest version is 1.6.7
2024-08-03 09:22:39 App is up to date.
2024-08-03 11:57:57 Loading main app package /usr/lib/obsidian/obsidian.asar
2024-08-03 11:57:57 Checking for update using Github
2024-08-03 11:58:03 Success.
2024-08-03 11:58:03 Latest version is 1.6.7
2024-08-03 11:58:03 App is up to date.
2024-08-03 12:23:06 Loading main app package /usr/lib/obsidian/obsidian.asar
2024-08-03 12:23:06 Checking for update using Github
2024-08-03 12:23:06 Success.
2024-08-03 12:23:06 Latest version is 1.6.7
2024-08-03 12:23:06 App is up to date.
2024-08-03 13:23:06 Checking for update using Github
2024-08-03 13:23:06 Success.
2024-08-03 13:23:06 Latest version is 1.6.7
2024-08-03 13:23:06 App is up to date.
2024-08-03 14:23:06 Checking for update using Github
2024-08-03 14:23:07 Success.
2024-08-03 14:23:07 Latest version is 1.6.7
2024-08-03 14:23:07 App is up to date.
2024-08-03 23:49:21 Loading main app package /usr/lib/obsidian/obsidian.asar
2024-08-03 23:49:22 Checking for update using Github
2024-08-03 23:49:22 Success.
2024-08-03 23:49:22 Latest version is 1.6.7
2024-08-03 23:49:22 App is up to date.
2024-08-04 00:49:21 Checking for update using Github
2024-08-04 00:49:22 Success.
2024-08-04 00:49:22 Latest version is 1.6.7
2024-08-04 00:49:22 App is up to date.
2024-08-04 01:49:22 Checking for update using Github
2024-08-04 01:49:22 Success.
2024-08-04 01:49:22 Latest version is 1.6.7
2024-08-04 01:49:22 App is up to date.
2024-08-04 03:15:07 Checking for update using Github
2024-08-04 03:15:08 Success.
2024-08-04 03:15:08 Latest version is 1.6.7
2024-08-04 03:15:08 App is up to date.
2024-08-04 04:15:08 Checking for update using Github
2024-08-04 04:15:08 Success.
2024-08-04 04:15:08 Latest version is 1.6.7
2024-08-04 04:15:08 App is up to date.
2024-08-04 06:06:58 Loading main app package /usr/lib/obsidian/obsidian.asar
2024-08-04 06:06:58 Checking for update using Github
2024-08-04 06:06:59 Success.
2024-08-04 06:06:59 Latest version is 1.6.7
2024-08-04 06:06:59 App is up to date.
2024-08-04 06:38:42 Loading main app package /usr/lib/obsidian/obsidian.asar
2024-08-04 06:38:42 Checking for update using Github
2024-08-04 06:38:47 Success.
2024-08-04 06:38:47 Latest version is 1.6.7
2024-08-04 06:38:47 App is up to date.
2024-08-04 07:46:40 Loading main app package /usr/lib/obsidian/obsidian.asar
2024-08-04 07:46:40 Checking for update using Github
2024-08-04 07:46:40 Success.
2024-08-04 07:46:40 Latest version is 1.6.7
2024-08-04 07:46:40 App is up to date.
2024-08-04 23:42:58 Loading main app package /usr/lib/obsidian/obsidian.asar
2024-08-04 23:42:58 Checking for update using Github
2024-08-04 23:42:59 Success.
2024-08-04 23:42:59 Latest version is 1.6.7
2024-08-04 23:42:59 App is up to date.
2024-08-05 00:42:58 Checking for update using Github
2024-08-05 00:42:58 Success.
2024-08-05 00:42:58 Latest version is 1.6.7
2024-08-05 00:42:58 App is up to date.
2024-08-05 01:42:58 Checking for update using Github
2024-08-05 01:42:58 Success.
2024-08-05 01:42:58 Latest version is 1.6.7
2024-08-05 01:42:58 App is up to date.
2024-08-05 02:42:58 Checking for update using Github
2024-08-05 02:42:59 Success.
2024-08-05 02:42:59 Latest version is 1.6.7
2024-08-05 02:42:59 App is up to date.
2024-08-05 03:42:58 Checking for update using Github
2024-08-05 03:42:59 Success.
2024-08-05 03:42:59 Latest version is 1.6.7
2024-08-05 03:42:59 App is up to date.
2024-08-05 10:07:31 Loading main app package /usr/lib/obsidian/obsidian.asar
2024-08-05 10:07:31 Checking for update using Github
2024-08-05 10:07:31 Success.
2024-08-05 10:07:31 Latest version is 1.6.7
2024-08-05 10:07:31 App is up to date.
2024-08-05 11:07:31 Checking for update using Github
2024-08-05 11:07:31 Success.
2024-08-05 11:07:31 Latest version is 1.6.7
2024-08-05 11:07:31 App is up to date.
2024-08-05 12:07:31 Checking for update using Github
2024-08-05 12:07:31 Success.
2024-08-05 12:07:31 Latest version is 1.6.7
2024-08-05 12:07:31 App is up to date.
2024-08-05 13:07:31 Checking for update using Github
2024-08-05 13:07:31 Success.
2024-08-05 13:07:31 Latest version is 1.6.7
2024-08-05 13:07:31 App is up to date.
2024-08-05 14:07:31 Checking for update using Github
2024-08-05 14:07:31 Success.
2024-08-05 14:07:31 Latest version is 1.6.7
2024-08-05 14:07:31 App is up to date.
2024-08-05 15:07:31 Checking for update using Github
2024-08-05 15:07:31 Success.
2024-08-05 15:07:31 Latest version is 1.6.7
2024-08-05 15:07:31 App is up to date.
2024-08-05 16:07:31 Checking for update using Github
2024-08-05 16:07:31 Success.
2024-08-05 16:07:31 Latest version is 1.6.7
2024-08-05 16:07:31 App is up to date.
2024-08-05 17:07:31 Checking for update using Github
2024-08-05 17:07:32 Success.
2024-08-05 17:07:32 Latest version is 1.6.7
2024-08-05 17:07:32 App is up to date.
2024-08-05 18:07:31 Checking for update using Github
2024-08-05 18:07:32 Success.
2024-08-05 18:07:32 Latest version is 1.6.7
2024-08-05 18:07:32 App is up to date.
2024-08-05 19:07:32 Checking for update using Github
2024-08-05 19:07:32 Success.
2024-08-05 19:07:32 Latest version is 1.6.7
2024-08-05 19:07:32 App is up to date.
2024-08-05 20:07:32 Checking for update using Github
2024-08-05 20:07:32 Success.
2024-08-05 20:07:32 Latest version is 1.6.7
2024-08-05 20:07:32 App is up to date.
2024-08-05 21:07:32 Checking for update using Github
2024-08-05 21:07:32 Success.
2024-08-05 21:07:32 Latest version is 1.6.7
2024-08-05 21:07:32 App is up to date.
2024-08-05 22:07:32 Checking for update using Github
2024-08-05 22:07:32 Success.
2024-08-05 22:07:32 Latest version is 1.6.7
2024-08-05 22:07:32 App is up to date.
2024-08-05 23:07:32 Checking for update using Github
2024-08-05 23:07:32 Success.
2024-08-05 23:07:32 Latest version is 1.6.7
2024-08-05 23:07:32 App is up to date.
2024-08-06 06:39:36 Loading main app package /usr/lib/obsidian/obsidian.asar
2024-08-06 06:39:36 Checking for update using Github
2024-08-06 06:39:36 Success.
2024-08-06 06:39:36 Latest version is 1.6.7
2024-08-06 06:39:36 App is up to date.
2024-08-06 07:39:36 Checking for update using Github
2024-08-06 07:39:36 Success.
2024-08-06 07:39:36 Latest version is 1.6.7
2024-08-06 07:39:36 App is up to date.
2024-08-06 13:04:04 Loading main app package /usr/lib/obsidian/obsidian.asar
2024-08-06 13:04:04 Checking for update using Github
2024-08-06 13:04:04 Success.
2024-08-06 13:04:04 Latest version is 1.6.7
2024-08-06 13:04:04 App is up to date.
2024-08-06 14:04:04 Checking for update using Github
2024-08-06 14:04:04 Success.
2024-08-06 14:04:04 Latest version is 1.6.7
2024-08-06 14:04:04 App is up to date.
2024-08-06 15:00:49 Loading main app package /usr/lib/obsidian/obsidian.asar
2024-08-06 15:00:49 Checking for update using Github
2024-08-06 15:00:49 Success.
2024-08-06 15:00:49 Latest version is 1.6.7
2024-08-06 15:00:49 App is up to date.
2024-08-06 16:00:49 Checking for update using Github
2024-08-06 16:00:49 Success.
2024-08-06 16:00:49 Latest version is 1.6.7
2024-08-06 16:00:49 App is up to date.
2024-08-07 01:41:34 Loading main app package /usr/lib/obsidian/obsidian.asar
2024-08-07 01:41:34 Checking for update using Github
2024-08-07 01:41:34 Success.
2024-08-07 01:41:34 Latest version is 1.6.7
2024-08-07 01:41:34 App is up to date.
2024-08-07 02:32:37 Loading main app package /usr/lib/obsidian/obsidian.asar
2024-08-07 02:32:37 Checking for update using Github
2024-08-07 02:32:38 Success.
2024-08-07 02:32:38 Latest version is 1.6.7
2024-08-07 02:32:38 App is up to date.
2024-08-07 03:32:37 Checking for update using Github
2024-08-07 03:32:38 Success.
2024-08-07 03:32:38 Latest version is 1.6.7
2024-08-07 03:32:38 App is up to date.
2024-08-07 05:16:38 Checking for update using Github
2024-08-07 05:16:38 Success.
2024-08-07 05:16:38 Latest version is 1.6.7
2024-08-07 05:16:38 App is up to date.
2024-08-07 06:16:39 Checking for update using Github
2024-08-07 06:16:39 Success.
2024-08-07 06:16:39 Latest version is 1.6.7
2024-08-07 06:16:39 App is up to date.
2024-08-07 07:16:39 Checking for update using Github
2024-08-07 07:16:39 Success.
2024-08-07 07:16:39 Latest version is 1.6.7
2024-08-07 07:16:39 App is up to date.
2024-08-07 08:22:07 Loading main app package /usr/lib/obsidian/obsidian.asar
2024-08-07 08:22:08 Checking for update using Github
2024-08-07 08:22:08 Success.
2024-08-07 08:22:08 Latest version is 1.6.7
2024-08-07 08:22:08 App is up to date.
2024-08-07 13:22:00 Loading main app package /usr/lib/obsidian/obsidian.asar
2024-08-07 13:22:00 Checking for update using Github
2024-08-07 13:22:00 Success.
2024-08-07 13:22:00 Latest version is 1.6.7
2024-08-07 13:22:00 App is up to date.
2024-08-07 14:22:00 Checking for update using Github
2024-08-07 14:22:00 Success.
2024-08-07 14:22:00 Latest version is 1.6.7
2024-08-07 14:22:00 App is up to date.
2024-08-07 23:17:53 Loading main app package /usr/lib/obsidian/obsidian.asar
2024-08-07 23:17:53 Checking for update using Github
2024-08-07 23:17:53 Success.
2024-08-07 23:17:53 Latest version is 1.6.7
2024-08-07 23:17:53 App is up to date.
2024-08-08 00:17:53 Checking for update using Github
2024-08-08 00:17:53 Success.
2024-08-08 00:17:53 Latest version is 1.6.7
2024-08-08 00:17:53 App is up to date.
2024-08-08 01:17:53 Checking for update using Github
2024-08-08 01:17:53 Success.
2024-08-08 01:17:53 Latest version is 1.6.7
2024-08-08 01:17:53 App is up to date.
2024-08-08 02:17:53 Checking for update using Github
2024-08-08 02:17:54 Success.
2024-08-08 02:17:54 Latest version is 1.6.7
2024-08-08 02:17:54 App is up to date.
2024-08-08 10:14:44 Checking for update using Github
2024-08-08 10:14:44 Success.
2024-08-08 10:14:44 Latest version is 1.6.7
2024-08-08 10:14:44 App is up to date.
2024-08-08 11:14:44 Checking for update using Github
2024-08-08 11:14:44 Success.
2024-08-08 11:14:44 Latest version is 1.6.7
2024-08-08 11:14:44 App is up to date.
2024-08-08 12:14:44 Checking for update using Github
2024-08-08 12:14:44 Success.
2024-08-08 12:14:44 Latest version is 1.6.7
2024-08-08 12:14:44 App is up to date.
2024-08-10 01:03:28 Loading main app package /usr/lib/obsidian/obsidian.asar
2024-08-10 01:03:28 Checking for update using Github
2024-08-10 01:03:28 Success.
2024-08-10 01:03:28 Latest version is 1.6.7
2024-08-10 01:03:28 App is up to date.
2024-08-10 01:19:35 Loading main app package /usr/lib/obsidian/obsidian.asar
2024-08-10 01:19:36 Checking for update using Github
2024-08-10 01:19:36 Success.
2024-08-10 01:19:36 Latest version is 1.6.7
2024-08-10 01:19:36 App is up to date.
2024-08-10 01:43:41 Loading main app package /usr/lib/obsidian/obsidian.asar
2024-08-10 01:43:41 Checking for update using Github
2024-08-10 01:43:41 Success.
2024-08-10 01:43:41 Latest version is 1.6.7
2024-08-10 01:43:41 App is up to date.
2024-08-10 02:30:12 Loading main app package /usr/lib/obsidian/obsidian.asar
2024-08-10 02:30:12 Checking for update using Github
2024-08-10 02:30:12 Success.
2024-08-10 02:30:12 Latest version is 1.6.7
2024-08-10 02:30:12 App is up to date.
2024-08-10 02:43:24 Loading main app package /usr/lib/obsidian/obsidian.asar
2024-08-10 02:43:24 Checking for update using Github
2024-08-10 02:43:24 Success.
2024-08-10 02:43:24 Latest version is 1.6.7
2024-08-10 02:43:24 App is up to date.
2024-08-11 06:40:07 Loading main app package /usr/lib/obsidian/obsidian.asar
2024-08-11 06:40:07 Checking for update using Github
2024-08-11 06:40:07 Success.
2024-08-11 06:40:07 Latest version is 1.6.7
2024-08-11 06:40:07 App is up to date.
2024-08-11 06:42:17 Loading main app package /usr/lib/obsidian/obsidian.asar
2024-08-11 06:42:17 Checking for update using Github
2024-08-11 06:42:17 Success.
2024-08-11 06:42:17 Latest version is 1.6.7
2024-08-11 06:42:17 App is up to date.
2024-08-11 07:42:17 Checking for update using Github
2024-08-11 07:42:17 Success.
2024-08-11 07:42:17 Latest version is 1.6.7
2024-08-11 07:42:17 App is up to date.
2024-08-11 08:42:17 Checking for update using Github
2024-08-11 08:42:17 Success.
2024-08-11 08:42:17 Latest version is 1.6.7
2024-08-11 08:42:17 App is up to date.
2024-08-11 09:42:17 Checking for update using Github
2024-08-11 09:42:18 Success.
2024-08-11 09:42:18 Latest version is 1.6.7
2024-08-11 09:42:18 App is up to date.
2024-08-11 10:42:17 Checking for update using Github
2024-08-11 10:42:18 Success.
2024-08-11 10:42:18 Latest version is 1.6.7
2024-08-11 10:42:18 App is up to date.
2024-08-11 11:42:17 Checking for update using Github
2024-08-11 11:42:18 Success.
2024-08-11 11:42:18 Latest version is 1.6.7
2024-08-11 11:42:18 App is up to date.
2024-08-11 12:42:18 Checking for update using Github
2024-08-11 12:42:18 Success.
2024-08-11 12:42:18 Latest version is 1.6.7
2024-08-11 12:42:18 App is up to date.
2024-08-11 13:42:18 Checking for update using Github
2024-08-11 13:42:18 Success.
2024-08-11 13:42:18 Latest version is 1.6.7
2024-08-11 13:42:18 App is up to date.
2024-08-12 03:36:01 Loading main app package /usr/lib/obsidian/obsidian.asar
2024-08-12 03:36:01 Checking for update using Github
2024-08-12 03:36:01 Success.
2024-08-12 03:36:01 Latest version is 1.6.7
2024-08-12 03:36:01 App is up to date.
