[17:25:30.030][Logger] New log placeholder %WS1% registered for /home/urielsantiago/Documents/GitHub/dissertation .
[17:25:30.030][Extension] Initializing LaTeX Workshop.
[17:25:30.076][Build][Recipe] Set $LATEXWORKSHOP_DOCKER_LATEX: ""
[17:25:30.077][Build][Recipe] Set $LATEXWORKSHOP_DOCKER_PATH: "docker"
[17:25:30.095][Server] Creating LaTeX Workshop http and websocket server.
[17:25:30.120][Format][Bib] Bibtex format config: {"tab":"  ","case":"lowercase","left":"{","right":"}","trailingComma":false,"sort":["key"],"alignOnEqual":true,"sortFields":false,"fieldsOrder":[],"firstEntries":["string","xdata"]}
[17:25:30.134][Server] Server successfully started: {"address":"127.0.0.1","family":"IPv4","port":35357} .
[17:25:30.137][Extension] Extension root: /home/urielsantiago/.vscode-oss/extensions/james-yu.latex-workshop-10.1.0-universal
[17:25:30.138][Extension] $PATH: /home/urielsantiago/usr/bin/site_perl:/home/urielsantiago/usr/bin/vendor_perl:/home/urielsantiago/usr/bin/core_perl:/home/urielsantiago/go/bin:/home/urielsantiago/.local/bin:/usr/local/sbin:/usr/local/bin:/usr/bin:/usr/lib/jvm/default/bin:/usr/bin/site_perl:/usr/bin/vendor_perl:/usr/bin/core_perl:/var/lib/snapd/snap/bin
[17:25:30.138][Extension] $SHELL: /bin/bash
[17:25:30.138][Extension] $LANG: en_US.UTF-8
[17:25:30.138][Extension] $LC_ALL: undefined
[17:25:30.138][Extension] process.platform: linux
[17:25:30.138][Extension] process.arch: x64
[17:25:30.138][Extension] vscode.env.appName: Code - OSS
[17:25:30.138][Extension] vscode.env.remoteName: undefined
[17:25:30.138][Extension] vscode.env.uiKind: 1
[17:25:30.156][Extension] Trigger characters for intellisense of LaTeX documents: ["\\",",","{","}"]
[17:25:30.157][Root] Current workspace folders: ["file://%WS1%"]
[17:25:30.157][Extension] LaTeX Workshop initialized.
[17:25:30.158][Root] Found subfile root %WS1%/index.tex from active.
[17:25:30.158][Root] Root file changed: from %WS1%/index.tex to %WS1%/index.tex, langID latex . Refresh dependencies
[17:25:30.158][Event] ROOT_FILE_CHANGED: "%WS1%/index.tex"
[17:25:30.158][Cacher][Watcher] Reset.
[17:25:30.158][Cacher][Watcher] Reset.
[17:25:30.159][Cacher] Adding %WS1%/index.tex .
[17:25:30.159][Cacher][Watcher] Watched %WS1%/index.tex with a new .* watcher on %WS1% .
[17:25:30.160][Event] FILE_WATCHED: "%WS1%/index.tex"
[17:25:30.160][Cacher] Caching %WS1%/index.tex .
[17:25:30.160][Event] ROOT_FILE_SEARCHED
[17:25:30.162][Server] valdOrigin is http://127.0.0.1:35357
[17:25:30.250][Cacher] Input %WS1%/sections/01-introduction.tex from %WS1%/index.tex .
[17:25:30.251][Cacher] Adding %WS1%/sections/01-introduction.tex .
[17:25:30.251][Cacher][Watcher] Watched %WS1%/sections/01-introduction.tex with a new .* watcher on %WS1%/sections .
[17:25:30.251][Event] FILE_WATCHED: "%WS1%/sections/01-introduction.tex"
[17:25:30.251][Cacher] Caching %WS1%/sections/01-introduction.tex .
[17:25:30.266][Viewer][Panel] Internal PDF viewer at http://127.0.0.1:35357/viewer.html?file=pdf..ZmlsZSUzQSUyRiUyRiUyRmhvbWUlMkZ1cmllbHNhbnRpYWdvJTJGRG9jdW1lbnRzJTJGR2l0SHViJTJGZGlzc2VydGF0aW9uJTJGaW5kZXgucGRm .
[17:25:30.267][Cacher][Watcher] Watched %WS1%/index.pdf with a new .pdf watcher on %WS1% .
[17:25:30.267][Event] FILE_WATCHED: "%WS1%/index.pdf"
[17:25:30.288][Cacher] Input %WS1%/sections/02-computational_law.tex from %WS1%/index.tex .
[17:25:30.289][Cacher] Adding %WS1%/sections/02-computational_law.tex .
[17:25:30.289][Cacher][Watcher] Watched %WS1%/sections/02-computational_law.tex by the .* watcher.
[17:25:30.289][Event] FILE_WATCHED: "%WS1%/sections/02-computational_law.tex"
[17:25:30.290][Cacher] Caching %WS1%/sections/02-computational_law.tex .
[17:25:30.296][Cacher] Updated inputs of %WS1%/sections/01-introduction.tex .
[17:25:30.297][Cacher] Parse LaTeX AST: %WS1%/sections/01-introduction.tex .
[17:25:30.317][Cacher] Input %WS1%/sections/03-legal_computability.tex from %WS1%/index.tex .
[17:25:30.318][Cacher] Adding %WS1%/sections/03-legal_computability.tex .
[17:25:30.318][Cacher][Watcher] Watched %WS1%/sections/03-legal_computability.tex by the .* watcher.
[17:25:30.318][Event] FILE_WATCHED: "%WS1%/sections/03-legal_computability.tex"
[17:25:30.319][Cacher] Caching %WS1%/sections/03-legal_computability.tex .
[17:25:30.329][Cacher] Updated inputs of %WS1%/sections/02-computational_law.tex .
[17:25:30.330][Cacher] Parse LaTeX AST: %WS1%/sections/02-computational_law.tex .
[17:25:30.359][Cacher] Input %WS1%/sections/04-encoding_analysis_overview.tex from %WS1%/index.tex .
[17:25:30.360][Cacher] Adding %WS1%/sections/04-encoding_analysis_overview.tex .
[17:25:30.360][Cacher][Watcher] Watched %WS1%/sections/04-encoding_analysis_overview.tex by the .* watcher.
[17:25:30.361][Event] FILE_WATCHED: "%WS1%/sections/04-encoding_analysis_overview.tex"
[17:25:30.361][Cacher] Caching %WS1%/sections/04-encoding_analysis_overview.tex .
[17:25:30.385][Cacher] Input %WS1%/sections/07-relevance_testing.tex from %WS1%/index.tex .
[17:25:30.386][Cacher] Adding %WS1%/sections/07-relevance_testing.tex .
[17:25:30.386][Cacher][Watcher] Watched %WS1%/sections/07-relevance_testing.tex by the .* watcher.
[17:25:30.386][Event] FILE_WATCHED: "%WS1%/sections/07-relevance_testing.tex"
[17:25:30.386][Cacher] Caching %WS1%/sections/07-relevance_testing.tex .
[17:25:30.387][Cacher] Updated inputs of %WS1%/index.tex .
[17:25:30.387][Cacher] Parse LaTeX AST: %WS1%/index.tex .
[17:25:30.387][Cacher] Updated inputs of %WS1%/sections/03-legal_computability.tex .
[17:25:30.387][Cacher] Parse LaTeX AST: %WS1%/sections/03-legal_computability.tex .
[17:25:30.399][Cacher] Updated inputs of %WS1%/sections/04-encoding_analysis_overview.tex .
[17:25:30.399][Cacher] Parse LaTeX AST: %WS1%/sections/04-encoding_analysis_overview.tex .
[17:25:30.415][Cacher] Parsed LaTeX AST in 117.84 ms: %WS1%/sections/01-introduction.tex .
[17:25:30.415][File] Calling kpsewhich to resolve subfiles.cls .
[17:25:30.454][File] kpsewhich returned with '/usr/share/texmf-dist/tex/latex/subfiles/subfiles.cls'.
[17:25:30.461][Cacher] Updated elements in 46.17 ms: %WS1%/sections/01-introduction.tex .
[17:25:30.462][Event] FILE_PARSED: "%WS1%/sections/01-introduction.tex"
[17:25:30.489][Cacher] Parsed LaTeX AST in 158.99 ms: %WS1%/sections/02-computational_law.tex .
[17:25:30.489][File] kpsewhich cache hit on subfiles.cls: /usr/share/texmf-dist/tex/latex/subfiles/subfiles.cls .
[17:25:30.495][Cacher] Updated elements in 5.58 ms: %WS1%/sections/02-computational_law.tex .
[17:25:30.495][Event] FILE_PARSED: "%WS1%/sections/02-computational_law.tex"
[17:25:30.497][Cacher] Parsed LaTeX AST in 110.02 ms: %WS1%/index.tex .
[17:25:30.498][File] Calling kpsewhich to resolve article.cls .
[17:25:30.538][File] kpsewhich returned with '/usr/share/texmf-dist/tex/latex/base/article.cls'.
[17:25:30.540][Cacher] Bib %WS1%/bibliography.bib from %WS1%/index.tex .
[17:25:30.541][Intelli][Citation] Parsing .bib entries from %WS1%/bibliography.bib
[17:25:30.541][Intelli][Citation] Parse BibTeX AST from %WS1%/bibliography.bib .
[17:25:30.541][Cacher][Watcher] Watched %WS1%/bibliography.bib with a new .bib watcher on %WS1% .
[17:25:30.541][Event] FILE_WATCHED: "%WS1%/bibliography.bib"
[17:25:30.541][Cacher] Updated elements in 44.00 ms: %WS1%/index.tex .
[17:25:30.542][Event] FILE_PARSED: "%WS1%/index.tex"
[17:25:30.552][Cacher] Parsed LaTeX AST in 164.85 ms: %WS1%/sections/03-legal_computability.tex .
[17:25:30.553][File] kpsewhich cache hit on subfiles.cls: /usr/share/texmf-dist/tex/latex/subfiles/subfiles.cls .
[17:25:30.558][Cacher] Updated elements in 5.69 ms: %WS1%/sections/03-legal_computability.tex .
[17:25:30.559][Event] FILE_PARSED: "%WS1%/sections/03-legal_computability.tex"
[17:25:30.588][Cacher] Updated inputs of %WS1%/sections/07-relevance_testing.tex .
[17:25:30.588][Cacher] Parse LaTeX AST: %WS1%/sections/07-relevance_testing.tex .
[17:25:30.588][Cacher] Parsing .fls %WS1%/index.fls .
[17:25:30.655][Cacher] Parsed LaTeX AST in 256.29 ms: %WS1%/sections/04-encoding_analysis_overview.tex .
[17:25:30.656][File] kpsewhich cache hit on subfiles.cls: /usr/share/texmf-dist/tex/latex/subfiles/subfiles.cls .
[17:25:30.666][Cacher] Updated elements in 10.31 ms: %WS1%/sections/04-encoding_analysis_overview.tex .
[17:25:30.666][Event] FILE_PARSED: "%WS1%/sections/04-encoding_analysis_overview.tex"
[17:25:30.669][Intelli][Citation] Parsed 60 bib entries from %WS1%/bibliography.bib .
[17:25:30.669][Event] FILE_PARSED: "%WS1%/bibliography.bib"
[17:25:30.688][Cacher] Parsed LaTeX AST in 99.40 ms: %WS1%/sections/07-relevance_testing.tex .
[17:25:30.688][File] kpsewhich cache hit on subfiles.cls: /usr/share/texmf-dist/tex/latex/subfiles/subfiles.cls .
[17:25:30.689][Cacher] Updated elements in 1.05 ms: %WS1%/sections/07-relevance_testing.tex .
[17:25:30.689][Event] FILE_PARSED: "%WS1%/sections/07-relevance_testing.tex"
[17:25:30.690][Structure] Structure force updated with 0 root sections for %WS1%/index.tex .
[17:25:30.690][Event] STRUCTURE_UPDATED
[17:25:30.693][Structure] Structure force updated with 6 root sections for %WS1%/index.tex .
[17:25:30.694][Event] STRUCTURE_UPDATED
[17:25:30.716][Cacher] Adding %WS1%/images/box_threshold_tests.png .
[17:25:30.716][Cacher][Watcher] Watched %WS1%/images/box_threshold_tests.png with a new .* watcher on %WS1%/images .
[17:25:30.716][Event] FILE_WATCHED: "%WS1%/images/box_threshold_tests.png"
[17:25:30.718][Cacher] Adding %WS1%/images/example_class_hierarchy.png .
[17:25:30.719][Cacher][Watcher] Watched %WS1%/images/example_class_hierarchy.png by the .* watcher.
[17:25:30.719][Event] FILE_WATCHED: "%WS1%/images/example_class_hierarchy.png"
[17:25:30.719][Cacher] Adding %WS1%/images/init_class_diagram.png .
[17:25:30.719][Cacher][Watcher] Watched %WS1%/images/init_class_diagram.png by the .* watcher.
[17:25:30.720][Event] FILE_WATCHED: "%WS1%/images/init_class_diagram.png"
[17:25:30.722][Cacher] Found .aux %WS1%/index.aux from .fls %WS1%/index.fls , parsing.
[17:25:30.723][Cacher] Parsed .aux %WS1%/index.aux .
[17:25:30.723][Cacher] Parsed .fls %WS1%/index.fls .
[17:25:30.735][Viewer] Handle data type: open
[17:25:30.778][Server] Preview PDF file: file://%WS1%/index.pdf
[17:25:30.902][Viewer] Handle data type: loaded
[17:25:30.902][Event] VIEWER_PAGE_LOADED
[17:25:33.106][Commander] BUILD command invoked.
[17:25:33.106][Build] The document of the active editor: file://%WS1%/sections/04-encoding_analysis_overview.tex
[17:25:33.106][Build] The languageId of the document: latex
[17:25:33.106][Root] Current workspace folders: ["file://%WS1%"]
[17:25:33.107][Root] Found subfile root %WS1%/index.tex from active.
[17:25:33.107][Root] Keep using the same root file: %WS1%/index.tex
[17:25:33.107][Event] ROOT_FILE_SEARCHED
[17:25:33.107][Event] STRUCTURE_UPDATED
[17:25:35.320][Build] Building root file: %WS1%/sections/04-encoding_analysis_overview.tex
[17:25:35.321][Build][Recipe] Build root file %WS1%/sections/04-encoding_analysis_overview.tex
[17:25:35.326][Build][Recipe] Preparing to run recipe: latexmk.
[17:25:35.326][Build][Recipe] Prepared 1 tools.
[17:25:35.334][Build][Recipe] outDir: %WS1% .
[17:25:35.335][Build] Recipe step 1 The command is latexmk:["-synctex=1","-interaction=nonstopmode","-file-line-error","-pdf","-outdir=%WS1%/sections","%WS1%/sections/04-encoding_analysis_overview"].
[17:25:35.335][Build] env: {}
[17:25:35.335][Build] root: %WS1%/sections/04-encoding_analysis_overview.tex
[17:25:35.335][Build] cwd: %WS1%
[17:25:35.340][Build] LaTeX build process spawned with PID 5494.
[17:25:35.406][Build] Recipe returns with error code 12/null on PID 5494.
[17:25:35.406][Build] Does the executable exist? $PATH: /home/urielsantiago/usr/bin/site_perl:/home/urielsantiago/usr/bin/vendor_perl:/home/urielsantiago/usr/bin/core_perl:/home/urielsantiago/go/bin:/home/urielsantiago/.local/bin:/usr/local/sbin:/usr/local/bin:/usr/bin:/usr/lib/jvm/default/bin:/usr/bin/site_perl:/usr/bin/vendor_perl:/usr/bin/core_perl:/var/lib/snapd/snap/bin, $Path: undefined, $SHELL: /bin/bash
[17:25:35.406][Build] Latexmk: Sometimes, the -f option can be used to get latexmk
  to try to force complete processing.
  But normally, you will need to correct the file(s) that caused the
  error, and then rerun latexmk.
  In some cases, it is best to clean out generated files before rerunning
  latexmk after you've corrected the files.

[17:25:35.406][Build] Cleaning auxiliary files and retrying build after toolchain error.
[17:25:35.407][Cleaner] Clean temporary files command The command is latexmk:["-outdir=%WS1%/sections","-c","%WS1%/sections/04-encoding_analysis_overview.tex"].
[17:25:35.412][Build] Recipe step 1 The command is latexmk:["-synctex=1","-interaction=nonstopmode","-file-line-error","-pdf","-outdir=%WS1%/sections","%WS1%/sections/04-encoding_analysis_overview"].
[17:25:35.412][Build] env: {}
[17:25:35.412][Build] root: %WS1%/sections/04-encoding_analysis_overview.tex
[17:25:35.412][Build] cwd: %WS1%
[17:25:35.416][Build] LaTeX build process spawned with PID 5496.
[17:25:35.470][Event] AUTO_CLEANED
[17:25:39.169][Parser][TexLog] Logged 13 messages.
[17:25:39.169][Build] Recipe returns with error code 12/null on PID 5496.
[17:25:39.170][Build] Does the executable exist? $PATH: /home/urielsantiago/usr/bin/site_perl:/home/urielsantiago/usr/bin/vendor_perl:/home/urielsantiago/usr/bin/core_perl:/home/urielsantiago/go/bin:/home/urielsantiago/.local/bin:/usr/local/sbin:/usr/local/bin:/usr/bin:/usr/lib/jvm/default/bin:/usr/bin/site_perl:/usr/bin/vendor_perl:/usr/bin/core_perl:/var/lib/snapd/snap/bin, $Path: undefined, $SHELL: /bin/bash
[17:25:39.170][Build] Latexmk: Sometimes, the -f option can be used to get latexmk
  to try to force complete processing.
  But normally, you will need to correct the file(s) that caused the
  error, and then rerun latexmk.
  In some cases, it is best to clean out generated files before rerunning
  latexmk after you've corrected the files.

[17:25:48.918][Commander] BUILD command invoked.
[17:25:48.919][Build] The document of the active editor: output:extension-output-James-Yu.latex-workshop-%232-LaTeX Compiler
[17:25:48.919][Build] The languageId of the document: Log
[17:25:48.919][Build] Cannot find LaTeX root file. See https://github.com/James-Yu/LaTeX-Workshop/wiki/Compile#the-root-file
[17:25:50.450][Commander] VIEW command invoked with mode: file://%WS1%/sections/04-encoding_analysis_overview.tex.
[17:25:50.450][Commander] Active document is not a TeX file.
[17:25:51.739][Commander] BUILD command invoked.
[17:25:51.739][Build] The document of the active editor: output:extension-output-James-Yu.latex-workshop-%232-LaTeX Compiler
[17:25:51.740][Build] The languageId of the document: Log
[17:25:51.740][Build] Cannot find LaTeX root file. See https://github.com/James-Yu/LaTeX-Workshop/wiki/Compile#the-root-file
[17:26:00.853][Commander] BUILD command invoked.
[17:26:00.854][Build] The document of the active editor: output:extension-output-James-Yu.latex-workshop-%232-LaTeX Compiler
[17:26:00.854][Build] The languageId of the document: Log
[17:26:00.854][Build] Cannot find LaTeX root file. See https://github.com/James-Yu/LaTeX-Workshop/wiki/Compile#the-root-file
[17:26:04.989][Commander] CLEAN command invoked.
[17:26:04.989][Root] Current workspace folders: ["file://%WS1%"]
[17:26:04.990][Root] The active document cannot be used as the root file: output:extension-output-James-Yu.latex-workshop-%232-LaTeX Compiler
[17:26:04.990][Root] The active document cannot be used as the root file: output:extension-output-James-Yu.latex-workshop-%232-LaTeX Compiler
[17:26:04.992][Root] Current workspaceRootDir: file://%WS1% .
[17:26:05.062][Root] Found files that might be root including the current root: %WS1%/sections/08-threshold_testing.tex,%WS1%/sections/07-relevance_testing.tex,%WS1%/sections/04-encoding_analysis_overview.tex,%WS1%/sections/03-legal_computability.tex,%WS1%/sections/02-computational_law.tex,%WS1%/sections/01-introduction.tex,%WS1%/proposal/proposal.tex,%WS1%/lecture_outline/outline_qdai.tex,%WS1%/lecture_outline/outline.tex,%WS1%/index.tex,%WS1%/debates/debates.tex,%WS1%/presentations/02-crs_jul18/presentation_02_jul18.tex,%WS1%/presentations/01-crs_feb01/presentation_01_feb01.tex,%WS1%/presentations/02-crs_jul18/crs_july04_submission.tex,%WS1%/asli/asli.tex,%WS1%/asli/presentation/asli_presentation.tex .
[17:26:05.062][Root] Keep using the same root file: %WS1%/index.tex
[17:26:05.062][Event] ROOT_FILE_SEARCHED
[17:26:05.062][Event] STRUCTURE_UPDATED
[17:26:05.063][Cleaner] Clean temporary files command The command is latexmk:["-outdir=%WS1%","-c","%WS1%/index.tex"].
[17:26:07.243][Commander] CLEAN command invoked.
[17:26:07.243][Root] Current workspace folders: ["file://%WS1%"]
[17:26:07.244][Root] The active document cannot be used as the root file: output:extension-output-James-Yu.latex-workshop-%232-LaTeX Compiler
[17:26:07.244][Root] The active document cannot be used as the root file: output:extension-output-James-Yu.latex-workshop-%232-LaTeX Compiler
[17:26:07.244][Root] Current workspaceRootDir: file://%WS1% .
[17:26:07.287][Root] Found files that might be root including the current root: %WS1%/index.tex,%WS1%/debates/debates.tex,%WS1%/asli/presentation/asli_presentation.tex,%WS1%/asli/asli.tex,%WS1%/lecture_outline/outline.tex,%WS1%/lecture_outline/outline_qdai.tex,%WS1%/proposal/proposal.tex,%WS1%/sections/01-introduction.tex,%WS1%/sections/02-computational_law.tex,%WS1%/presentations/02-crs_jul18/crs_july04_submission.tex,%WS1%/presentations/02-crs_jul18/presentation_02_jul18.tex,%WS1%/presentations/01-crs_feb01/presentation_01_feb01.tex,%WS1%/sections/03-legal_computability.tex,%WS1%/sections/04-encoding_analysis_overview.tex,%WS1%/sections/08-threshold_testing.tex,%WS1%/sections/07-relevance_testing.tex .
[17:26:07.287][Root] Keep using the same root file: %WS1%/index.tex
[17:26:07.287][Event] ROOT_FILE_SEARCHED
[17:26:07.287][Event] STRUCTURE_UPDATED
[17:26:07.287][Cleaner] Clean temporary files command The command is latexmk:["-outdir=%WS1%","-c","%WS1%/index.tex"].
[17:26:07.399][Commander] CLEAN command invoked.
[17:26:07.400][Root] Current workspace folders: ["file://%WS1%"]
[17:26:07.400][Root] The active document cannot be used as the root file: output:extension-output-James-Yu.latex-workshop-%232-LaTeX Compiler
[17:26:07.400][Root] The active document cannot be used as the root file: output:extension-output-James-Yu.latex-workshop-%232-LaTeX Compiler
[17:26:07.400][Root] Current workspaceRootDir: file://%WS1% .
[17:26:07.439][Root] Found files that might be root including the current root: %WS1%/index.tex,%WS1%/sections/08-threshold_testing.tex,%WS1%/sections/07-relevance_testing.tex,%WS1%/sections/04-encoding_analysis_overview.tex,%WS1%/sections/03-legal_computability.tex,%WS1%/sections/02-computational_law.tex,%WS1%/sections/01-introduction.tex,%WS1%/proposal/proposal.tex,%WS1%/debates/debates.tex,%WS1%/asli/presentation/asli_presentation.tex,%WS1%/asli/asli.tex,%WS1%/lecture_outline/outline.tex,%WS1%/lecture_outline/outline_qdai.tex,%WS1%/presentations/02-crs_jul18/crs_july04_submission.tex,%WS1%/presentations/02-crs_jul18/presentation_02_jul18.tex,%WS1%/presentations/01-crs_feb01/presentation_01_feb01.tex .
[17:26:07.439][Root] Keep using the same root file: %WS1%/index.tex
[17:26:07.439][Event] ROOT_FILE_SEARCHED
[17:26:07.439][Event] STRUCTURE_UPDATED
[17:26:07.439][Cleaner] Clean temporary files command The command is latexmk:["-outdir=%WS1%","-c","%WS1%/index.tex"].
[17:26:17.453][Commander] KILL command invoked.
[17:26:17.453][Build][Recipe] LaTeX build process to kill is not found.
[17:26:18.912][Commander] KILL command invoked.
[17:26:18.913][Build][Recipe] LaTeX build process to kill is not found.
[17:26:28.482][Root] Current workspace folders: ["file://%WS1%"]
[17:26:28.483][Root] Found root file from active editor: %WS1%/index.tex
[17:26:28.483][Root] Keep using the same root file: %WS1%/index.tex
[17:26:28.483][Event] ROOT_FILE_SEARCHED
[17:26:28.484][Event] STRUCTURE_UPDATED
[17:26:28.484][Event] STRUCTURE_UPDATED
[17:26:31.016][Commander] BUILD command invoked.
[17:26:31.016][Build] The document of the active editor: file://%WS1%/index.tex
[17:26:31.016][Build] The languageId of the document: latex
[17:26:31.016][Root] Current workspace folders: ["file://%WS1%"]
[17:26:31.017][Root] Found root file from active editor: %WS1%/index.tex
[17:26:31.017][Root] Keep using the same root file: %WS1%/index.tex
[17:26:31.017][Event] ROOT_FILE_SEARCHED
[17:26:31.017][Event] STRUCTURE_UPDATED
[17:26:31.018][Build] Building root file: %WS1%/index.tex
[17:26:31.018][Build][Recipe] Build root file %WS1%/index.tex
[17:26:31.019][Build][Recipe] Preparing to run recipe: latexmk.
[17:26:31.020][Build][Recipe] Prepared 1 tools.
[17:26:31.021][Build][Recipe] outDir: %WS1% .
[17:26:31.022][Build] Recipe step 1 The command is latexmk:["-synctex=1","-interaction=nonstopmode","-file-line-error","-pdf","-outdir=%WS1%","%WS1%/index"].
[17:26:31.022][Build] env: {}
[17:26:31.022][Build] root: %WS1%/index.tex
[17:26:31.022][Build] cwd: %WS1%
[17:26:31.027][Build] LaTeX build process spawned with PID 5754.
[17:26:34.125][Cacher][Watcher] "change" emitted on %WS1%/index.pdf after polling for 2503 ms.
[17:26:34.126][Event] FILE_CHANGED: "%WS1%/index.pdf"
[17:26:35.929][Cacher][Watcher] "change" emitted on %WS1%/index.pdf after polling for 1752 ms.
[17:26:35.930][Event] FILE_CHANGED: "%WS1%/index.pdf"
[17:26:37.352][Parser][BiberLog] Found BibTeX file %WS1%/bibliography.bib
[17:26:37.352][Parser][BiberLog] Cannot find key Wolfram2019Computational' is invalid - run biber with '--validate_datamodel
[17:26:37.353][Parser][BiberLog] Cannot find key VanEemeren2014Handbook' is invalid - run biber with '--validate_datamodel
[17:26:37.353][Parser][BiberLog] Cannot find key Armgardt2015Present' is invalid - run biber with '--validate_datamodel
[17:26:37.353][Parser][BiberLog] Cannot find key Baptiste2021Ontologies' is invalid - run biber with '--validate_datamodel
[17:26:37.353][Parser][BiberLog] Logged 0 messages.
[17:26:37.356][Parser][TexLog] Logged 27 messages.
[17:26:37.357][Build] Finished a step in recipe with PID 5754.
[17:26:37.357][Build] Successfully built %WS1%/index.tex .
[17:26:37.357][Event] BUILD_DONE
[17:26:37.358][Viewer] Call refreshExistingViewer: "%WS1%/index.pdf" .
[17:26:37.358][Viewer] Refresh PDF viewer: %WS1%/index.pdf
[17:26:37.359][Cacher] Parsing .fls %WS1%/index.fls .
[17:26:37.371][Server] Preview PDF file: file://%WS1%/index.pdf
[17:26:37.374][Cacher] Found .aux %WS1%/index.aux from .fls %WS1%/index.fls , parsing.
[17:26:37.375][Cacher] Parsed .aux %WS1%/index.aux .
[17:26:37.375][Cacher] Parsed .fls %WS1%/index.fls .
[17:26:37.441][Viewer] Handle data type: loaded
[17:26:37.441][Event] VIEWER_PAGE_LOADED
