2024-08-07 23:01:25.856 [info] Started local extension host with pid 8200.
2024-08-07 23:01:26.048 [error] TreeError [SettingsTree] Tree element not found: [object Object]: Error: TreeError [SettingsTree] Tree element not found: [object Object]
    at ai.o (vscode-file://vscode-app/usr/lib/code/out/vs/workbench/workbench.desktop.main.js:99:17429)
    at ai.rerender (vscode-file://vscode-app/usr/lib/code/out/vs/workbench/workbench.desktop.main.js:99:15798)
    at fi.rerender (vscode-file://vscode-app/usr/lib/code/out/vs/workbench/workbench.desktop.main.js:630:6697)
    at $e.bd (vscode-file://vscode-app/usr/lib/code/out/vs/workbench/workbench.desktop.main.js:2324:69351)
    at $e.$c (vscode-file://vscode-app/usr/lib/code/out/vs/workbench/workbench.desktop.main.js:2324:69210)
    at vscode-file://vscode-app/usr/lib/code/out/vs/workbench/workbench.desktop.main.js:2324:68499
    at Set.forEach (<anonymous>)
    at $e.Yc (vscode-file://vscode-app/usr/lib/code/out/vs/workbench/workbench.desktop.main.js:2324:68482)
    at u.value (vscode-file://vscode-app/usr/lib/code/out/vs/workbench/workbench.desktop.main.js:2324:50280)
    at o.B (vscode-file://vscode-app/usr/lib/code/out/vs/workbench/workbench.desktop.main.js:93:732)
    at o.fire (vscode-file://vscode-app/usr/lib/code/out/vs/workbench/workbench.desktop.main.js:93:949)
    at V.zb (vscode-file://vscode-app/usr/lib/code/out/vs/workbench/workbench.desktop.main.js:2308:30016)
    at V.tb (vscode-file://vscode-app/usr/lib/code/out/vs/workbench/workbench.desktop.main.js:2308:27123)
    at u.value (vscode-file://vscode-app/usr/lib/code/out/vs/workbench/workbench.desktop.main.js:2308:17016)
    at o.B (vscode-file://vscode-app/usr/lib/code/out/vs/workbench/workbench.desktop.main.js:93:732)
    at o.fire (vscode-file://vscode-app/usr/lib/code/out/vs/workbench/workbench.desktop.main.js:93:949)
    at d.f (vscode-file://vscode-app/usr/lib/code/out/vs/workbench/workbench.desktop.main.js:689:2448)
    at d.f (vscode-file://vscode-app/usr/lib/code/out/vs/workbench/workbench.desktop.main.js:1462:7200)
    at u.value (vscode-file://vscode-app/usr/lib/code/out/vs/workbench/workbench.desktop.main.js:689:2271)
    at o.B (vscode-file://vscode-app/usr/lib/code/out/vs/workbench/workbench.desktop.main.js:93:732)
    at o.C (vscode-file://vscode-app/usr/lib/code/out/vs/workbench/workbench.desktop.main.js:93:802)
    at o.fire (vscode-file://vscode-app/usr/lib/code/out/vs/workbench/workbench.desktop.main.js:93:1018)
    at g.deltaConfiguration (vscode-file://vscode-app/usr/lib/code/out/vs/workbench/workbench.desktop.main.js:665:11038)
    at c.a (vscode-file://vscode-app/usr/lib/code/out/vs/workbench/workbench.desktop.main.js:1884:14128)
    at c.d (vscode-file://vscode-app/usr/lib/code/out/vs/workbench/workbench.desktop.main.js:1884:1566)
    at c.acceptUsers (vscode-file://vscode-app/usr/lib/code/out/vs/workbench/workbench.desktop.main.js:1884:1499)
    at x.Hb (vscode-file://vscode-app/usr/lib/code/out/vs/workbench/workbench.desktop.main.js:3234:5876)
    at Q.Eb (vscode-file://vscode-app/usr/lib/code/out/vs/workbench/workbench.desktop.main.js:3234:4854)
    at Q.jb (vscode-file://vscode-app/usr/lib/code/out/vs/workbench/workbench.desktop.main.js:3233:25113)
    at Q.ib (vscode-file://vscode-app/usr/lib/code/out/vs/workbench/workbench.desktop.main.js:3233:23956)
2024-08-07 23:01:28.384 [warning] SettingsEditor2: Settings not included in settingsLayout.ts: issueReporter.experimental.auxWindow
2024-08-07 23:01:30.419 [info] [perf] Render performance baseline is 17ms
2024-08-07 23:02:44.986 [error] TreeError [SettingsTree] Tree element not found: [object Object]: Error: TreeError [SettingsTree] Tree element not found: [object Object]
    at ai.o (vscode-file://vscode-app/usr/lib/code/out/vs/workbench/workbench.desktop.main.js:99:17429)
    at ai.rerender (vscode-file://vscode-app/usr/lib/code/out/vs/workbench/workbench.desktop.main.js:99:15798)
    at fi.rerender (vscode-file://vscode-app/usr/lib/code/out/vs/workbench/workbench.desktop.main.js:630:6697)
    at $e.bd (vscode-file://vscode-app/usr/lib/code/out/vs/workbench/workbench.desktop.main.js:2324:69351)
    at $e.$c (vscode-file://vscode-app/usr/lib/code/out/vs/workbench/workbench.desktop.main.js:2324:69210)
    at vscode-file://vscode-app/usr/lib/code/out/vs/workbench/workbench.desktop.main.js:2324:68499
    at Set.forEach (<anonymous>)
    at $e.Yc (vscode-file://vscode-app/usr/lib/code/out/vs/workbench/workbench.desktop.main.js:2324:68482)
    at $e.Xc (vscode-file://vscode-app/usr/lib/code/out/vs/workbench/workbench.desktop.main.js:2324:65774)
    at u.value (vscode-file://vscode-app/usr/lib/code/out/vs/workbench/workbench.desktop.main.js:2324:49951)
    at o.B (vscode-file://vscode-app/usr/lib/code/out/vs/workbench/workbench.desktop.main.js:93:732)
    at o.C (vscode-file://vscode-app/usr/lib/code/out/vs/workbench/workbench.desktop.main.js:93:802)
    at o.fire (vscode-file://vscode-app/usr/lib/code/out/vs/workbench/workbench.desktop.main.js:93:1018)
    at V.Lb (vscode-file://vscode-app/usr/lib/code/out/vs/workbench/workbench.desktop.main.js:2308:34973)
    at V.wb (vscode-file://vscode-app/usr/lib/code/out/vs/workbench/workbench.desktop.main.js:2308:27971)
    at V.reloadLocalUserConfiguration (vscode-file://vscode-app/usr/lib/code/out/vs/workbench/workbench.desktop.main.js:2308:24928)
    at async V.Hb (vscode-file://vscode-app/usr/lib/code/out/vs/workbench/workbench.desktop.main.js:2308:33130)
    at async Promise.all (index 0)
    at async Object.te [as settled] (vscode-file://vscode-app/usr/lib/code/out/vs/workbench/workbench.desktop.main.js:97:24916)
    at async V.updateValue (vscode-file://vscode-app/usr/lib/code/out/vs/workbench/workbench.desktop.main.js:2308:20170)
    at async ki.run (vscode-file://vscode-app/usr/lib/code/out/vs/workbench/workbench.desktop.main.js:2122:32998)
    at async L.u (vscode-file://vscode-app/usr/lib/code/out/vs/workbench/workbench.desktop.main.js:264:20729)
    at async L.run (vscode-file://vscode-app/usr/lib/code/out/vs/workbench/workbench.desktop.main.js:264:20653)
    at async m.r (vscode-file://vscode-app/usr/lib/code/out/vs/workbench/workbench.desktop.main.js:1462:38382)
