2024-08-07 17:25:30.359 [info] [main] Log level: Info
2024-08-07 17:25:30.359 [info] [main] Validating found git in: "git"
2024-08-07 17:25:30.359 [info] [main] Using git "2.46.0" from "git"
2024-08-07 17:25:30.359 [info] [Model][doInitialScan] Initial repository scan started
2024-08-07 17:25:30.359 [info] > git rev-parse --show-toplevel [5ms]
2024-08-07 17:25:30.359 [info] > git rev-parse --git-dir --git-common-dir [2ms]
2024-08-07 17:25:30.359 [info] [Model][openRepository] Opened repository: /home/urielsantiago/Documents/GitHub/dissertation
2024-08-07 17:25:30.368 [info] > git rev-parse --show-toplevel [21ms]
2024-08-07 17:25:30.368 [info] > git config --get commit.template [27ms]
2024-08-07 17:25:30.388 [info] > git for-each-ref --format=%(refname)%00%(upstream:short)%00%(objectname)%00%(upstream:track)%00%(upstream:remotename)%00%(upstream:remoteref) refs/heads/dev refs/remotes/dev [8ms]
2024-08-07 17:25:30.393 [info] > git rev-parse --show-toplevel [8ms]
2024-08-07 17:25:30.463 [info] > git status -z -uall [71ms]
2024-08-07 17:25:30.560 [info] > git for-each-ref --format=%(refname)%00%(upstream:short)%00%(objectname)%00%(upstream:track)%00%(upstream:remotename)%00%(upstream:remoteref) refs/heads/dev refs/remotes/dev [93ms]
2024-08-07 17:25:30.566 [info] > git rev-parse --show-toplevel [162ms]
2024-08-07 17:25:30.576 [info] > git config --local branch.dev.vscode-merge-base [10ms]
2024-08-07 17:25:30.581 [info] > git config --get commit.template [103ms]
2024-08-07 17:25:30.590 [info] > git for-each-ref --format=%(refname)%00%(upstream:short)%00%(objectname)%00%(upstream:track)%00%(upstream:remotename)%00%(upstream:remoteref) refs/heads/origin/main refs/remotes/origin/main [10ms]
2024-08-07 17:25:30.590 [info] > git rev-parse --show-toplevel [16ms]
2024-08-07 17:25:30.608 [info] > git rev-parse --show-toplevel [1ms]
2024-08-07 17:25:30.608 [info] > git for-each-ref --format=%(refname)%00%(upstream:short)%00%(objectname)%00%(upstream:track)%00%(upstream:remotename)%00%(upstream:remoteref) refs/heads/dev refs/remotes/dev [6ms]
2024-08-07 17:25:30.621 [info] > git status -z -uall [8ms]
2024-08-07 17:25:30.630 [info] > git for-each-ref --format=%(refname)%00%(upstream:short)%00%(objectname)%00%(upstream:track)%00%(upstream:remotename)%00%(upstream:remoteref) refs/heads/dev refs/remotes/dev [4ms]
2024-08-07 17:25:30.636 [info] > git rev-parse --show-toplevel [16ms]
2024-08-07 17:25:30.672 [info] > git rev-parse --show-toplevel [31ms]
2024-08-07 17:25:30.673 [info] > git config --local branch.dev.vscode-merge-base [37ms]
2024-08-07 17:25:30.694 [info] > git for-each-ref --format=%(refname)%00%(upstream:short)%00%(objectname)%00%(upstream:track)%00%(upstream:remotename)%00%(upstream:remoteref) refs/heads/origin/main refs/remotes/origin/main [17ms]
2024-08-07 17:25:30.696 [info] > git rev-parse --show-toplevel [10ms]
2024-08-07 17:25:30.712 [info] > git rev-parse --show-toplevel [10ms]
2024-08-07 17:25:30.712 [info] [Model][doInitialScan] Initial repository scan completed - repositories (1), closed repositories (0), parent repositories (0), unsafe repositories (0)
2024-08-07 17:25:30.866 [info] > git check-ignore -v -z --stdin [1ms]
2024-08-07 17:25:30.937 [info] > git show --textconv :sections/04-encoding_analysis_overview.tex [6ms]
2024-08-07 17:25:30.938 [info] > git ls-files --stage -- /home/urielsantiago/Documents/GitHub/dissertation/sections/04-encoding_analysis_overview.tex [1ms]
2024-08-07 17:25:30.945 [info] > git cat-file -s ad5c865033fabdd1e2a415e98be630649cd320f3 [1ms]
2024-08-07 17:25:36.578 [info] > git check-ignore -v -z --stdin [2ms]
2024-08-07 17:25:40.256 [info] > git config --get commit.template [4ms]
2024-08-07 17:25:40.256 [info] > git for-each-ref --format=%(refname)%00%(upstream:short)%00%(objectname)%00%(upstream:track)%00%(upstream:remotename)%00%(upstream:remoteref) refs/heads/dev refs/remotes/dev [1ms]
2024-08-07 17:25:40.262 [info] > git status -z -uall [2ms]
2024-08-07 17:25:40.269 [info] > git for-each-ref --format=%(refname)%00%(upstream:short)%00%(objectname)%00%(upstream:track)%00%(upstream:remotename)%00%(upstream:remoteref) refs/heads/dev refs/remotes/dev [1ms]
2024-08-07 17:25:40.275 [info] > git config --local branch.dev.vscode-merge-base [1ms]
2024-08-07 17:25:40.281 [info] > git for-each-ref --format=%(refname)%00%(upstream:short)%00%(objectname)%00%(upstream:track)%00%(upstream:remotename)%00%(upstream:remoteref) refs/heads/origin/main refs/remotes/origin/main [2ms]
2024-08-07 17:26:06.213 [info] > git config --get commit.template [1ms]
2024-08-07 17:26:06.218 [info] > git for-each-ref --format=%(refname)%00%(upstream:short)%00%(objectname)%00%(upstream:track)%00%(upstream:remotename)%00%(upstream:remoteref) refs/heads/dev refs/remotes/dev [1ms]
2024-08-07 17:26:06.224 [info] > git status -z -uall [2ms]
2024-08-07 17:26:06.232 [info] > git for-each-ref --format=%(refname)%00%(upstream:short)%00%(objectname)%00%(upstream:track)%00%(upstream:remotename)%00%(upstream:remoteref) refs/heads/dev refs/remotes/dev [2ms]
2024-08-07 17:26:06.238 [info] > git config --local branch.dev.vscode-merge-base [2ms]
2024-08-07 17:26:06.243 [info] > git for-each-ref --format=%(refname)%00%(upstream:short)%00%(objectname)%00%(upstream:track)%00%(upstream:remotename)%00%(upstream:remoteref) refs/heads/origin/main refs/remotes/origin/main [1ms]
2024-08-07 17:26:23.507 [info] > git check-ignore -v -z --stdin [1ms]
2024-08-07 17:26:25.361 [info] > git check-ignore -v -z --stdin [0ms]
2024-08-07 17:26:28.706 [info] > git show --textconv :index.tex [4ms]
2024-08-07 17:26:28.707 [info] > git ls-files --stage -- /home/urielsantiago/Documents/GitHub/dissertation/index.tex [1ms]
2024-08-07 17:26:28.712 [info] > git cat-file -s f7279848b0ac19daf892298de020298f1b873b3a [1ms]
2024-08-07 17:26:32.191 [info] > git check-ignore -v -z --stdin [1ms]
2024-08-07 17:26:33.052 [info] > git check-ignore -v -z --stdin [1ms]
2024-08-07 17:26:34.541 [info] > git check-ignore -v -z --stdin [1ms]
2024-08-07 17:26:38.433 [info] > git config --get commit.template [5ms]
2024-08-07 17:26:38.434 [info] > git for-each-ref --format=%(refname)%00%(upstream:short)%00%(objectname)%00%(upstream:track)%00%(upstream:remotename)%00%(upstream:remoteref) refs/heads/dev refs/remotes/dev [1ms]
2024-08-07 17:26:38.439 [info] > git status -z -uall [2ms]
2024-08-07 17:26:38.445 [info] > git for-each-ref --format=%(refname)%00%(upstream:short)%00%(objectname)%00%(upstream:track)%00%(upstream:remotename)%00%(upstream:remoteref) refs/heads/dev refs/remotes/dev [2ms]
2024-08-07 17:26:38.450 [info] > git config --local branch.dev.vscode-merge-base [1ms]
2024-08-07 17:26:38.456 [info] > git for-each-ref --format=%(refname)%00%(upstream:short)%00%(objectname)%00%(upstream:track)%00%(upstream:remotename)%00%(upstream:remoteref) refs/heads/origin/main refs/remotes/origin/main [1ms]
2024-08-07 17:26:46.531 [info] > git check-ignore -v -z --stdin [1ms]
