2024-08-07 16:49:03.920 [info] [main] Log level: Info
2024-08-07 16:49:03.920 [info] [main] Validating found git in: "git"
2024-08-07 16:49:03.920 [info] [main] Using git "2.46.0" from "git"
2024-08-07 16:49:03.920 [info] [Model][doInitialScan] Initial repository scan started
2024-08-07 16:49:03.920 [info] > git rev-parse --show-toplevel [5ms]
2024-08-07 16:49:03.920 [info] > git rev-parse --git-dir --git-common-dir [5ms]
2024-08-07 16:49:03.920 [info] [Model][openRepository] Opened repository: /home/urielsantiago/Documents/GitHub/dissertation
2024-08-07 16:49:03.924 [info] > git config --get commit.template [6ms]
2024-08-07 16:49:03.939 [info] > git for-each-ref --format=%(refname)%00%(upstream:short)%00%(objectname)%00%(upstream:track)%00%(upstream:remotename)%00%(upstream:remoteref) refs/heads/dev refs/remotes/dev [6ms]
2024-08-07 16:49:03.946 [info] > git rev-parse --show-toplevel [8ms]
2024-08-07 16:49:04.034 [info] > git status -z -uall [89ms]
2024-08-07 16:49:04.034 [info] > git rev-parse --show-toplevel [81ms]
2024-08-07 16:49:04.058 [info] > git for-each-ref --format=%(refname)%00%(upstream:short)%00%(objectname)%00%(upstream:track)%00%(upstream:remotename)%00%(upstream:remoteref) refs/heads/dev refs/remotes/dev [19ms]
2024-08-07 16:49:04.071 [info] > git config --local branch.dev.vscode-merge-base [7ms]
2024-08-07 16:49:04.078 [info] > git config --get commit.template [20ms]
2024-08-07 16:49:04.078 [info] > git rev-parse --show-toplevel [27ms]
2024-08-07 16:49:04.101 [info] > git for-each-ref --format=%(refname)%00%(upstream:short)%00%(objectname)%00%(upstream:track)%00%(upstream:remotename)%00%(upstream:remoteref) refs/heads/origin/main refs/remotes/origin/main [24ms]
2024-08-07 16:49:04.153 [info] > git rev-parse --show-toplevel [67ms]
2024-08-07 16:49:04.162 [info] > git for-each-ref --format=%(refname)%00%(upstream:short)%00%(objectname)%00%(upstream:track)%00%(upstream:remotename)%00%(upstream:remoteref) refs/heads/dev refs/remotes/dev [55ms]
2024-08-07 16:49:04.176 [info] > git status -z -uall [9ms]
2024-08-07 16:49:04.183 [info] > git rev-parse --show-toplevel [21ms]
2024-08-07 16:49:04.216 [info] > git for-each-ref --format=%(refname)%00%(upstream:short)%00%(objectname)%00%(upstream:track)%00%(upstream:remotename)%00%(upstream:remoteref) refs/heads/dev refs/remotes/dev [34ms]
2024-08-07 16:49:04.230 [info] > git config --local branch.dev.vscode-merge-base [9ms]
2024-08-07 16:49:04.235 [info] > git rev-parse --show-toplevel [46ms]
2024-08-07 16:49:04.250 [info] > git for-each-ref --format=%(refname)%00%(upstream:short)%00%(objectname)%00%(upstream:track)%00%(upstream:remotename)%00%(upstream:remoteref) refs/heads/origin/main refs/remotes/origin/main [15ms]
2024-08-07 16:49:04.251 [info] > git rev-parse --show-toplevel [11ms]
2024-08-07 16:49:04.259 [info] > git rev-parse --show-toplevel [3ms]
2024-08-07 16:49:04.259 [info] [Model][doInitialScan] Initial repository scan completed - repositories (1), closed repositories (0), parent repositories (0), unsafe repositories (0)
2024-08-07 16:49:04.433 [info] > git check-ignore -v -z --stdin [1ms]
2024-08-07 16:49:04.490 [info] > git show --textconv :index.tex [5ms]
2024-08-07 16:49:04.491 [info] > git ls-files --stage -- /home/urielsantiago/Documents/GitHub/dissertation/index.tex [2ms]
2024-08-07 16:49:04.496 [info] > git cat-file -s f7279848b0ac19daf892298de020298f1b873b3a [1ms]
2024-08-07 16:49:13.074 [info] > git check-ignore -v -z --stdin [1ms]
2024-08-07 16:49:13.605 [info] > git check-ignore -v -z --stdin [0ms]
2024-08-07 16:49:14.575 [info] > git check-ignore -v -z --stdin [1ms]
2024-08-07 16:49:15.152 [info] > git config --get commit.template [7ms]
2024-08-07 16:49:15.152 [info] > git for-each-ref --format=%(refname)%00%(upstream:short)%00%(objectname)%00%(upstream:track)%00%(upstream:remotename)%00%(upstream:remoteref) refs/heads/dev refs/remotes/dev [0ms]
2024-08-07 16:49:15.158 [info] > git status -z -uall [2ms]
2024-08-07 16:49:15.164 [info] > git for-each-ref --format=%(refname)%00%(upstream:short)%00%(objectname)%00%(upstream:track)%00%(upstream:remotename)%00%(upstream:remoteref) refs/heads/dev refs/remotes/dev [1ms]
2024-08-07 16:49:15.169 [info] > git config --local branch.dev.vscode-merge-base [0ms]
2024-08-07 16:49:15.175 [info] > git for-each-ref --format=%(refname)%00%(upstream:short)%00%(objectname)%00%(upstream:track)%00%(upstream:remotename)%00%(upstream:remoteref) refs/heads/origin/main refs/remotes/origin/main [1ms]
2024-08-07 16:59:07.642 [info] > git config --get commit.template [6ms]
2024-08-07 16:59:07.642 [info] > git for-each-ref --format=%(refname)%00%(upstream:short)%00%(objectname)%00%(upstream:track)%00%(upstream:remotename)%00%(upstream:remoteref) refs/heads/dev refs/remotes/dev [1ms]
2024-08-07 16:59:07.648 [info] > git status -z -uall [2ms]
2024-08-07 16:59:07.653 [info] > git for-each-ref --format=%(refname)%00%(upstream:short)%00%(objectname)%00%(upstream:track)%00%(upstream:remotename)%00%(upstream:remoteref) refs/heads/dev refs/remotes/dev [1ms]
2024-08-07 16:59:07.658 [info] > git config --local branch.dev.vscode-merge-base [1ms]
2024-08-07 16:59:07.664 [info] > git for-each-ref --format=%(refname)%00%(upstream:short)%00%(objectname)%00%(upstream:track)%00%(upstream:remotename)%00%(upstream:remoteref) refs/heads/origin/main refs/remotes/origin/main [1ms]
2024-08-07 16:59:31.664 [info] > git check-ignore -v -z --stdin [2ms]
2024-08-07 16:59:44.855 [info] > git rev-parse --show-toplevel [1ms]
2024-08-07 16:59:44.855 [info] fatal: not a git repository (or any of the parent directories): .git
2024-08-07 16:59:52.992 [info] > git show --textconv :sections/04-encoding_analysis_overview.tex [5ms]
2024-08-07 16:59:52.993 [info] > git ls-files --stage -- /home/urielsantiago/Documents/GitHub/dissertation/sections/04-encoding_analysis_overview.tex [1ms]
2024-08-07 16:59:52.998 [info] > git cat-file -s ad5c865033fabdd1e2a415e98be630649cd320f3 [1ms]
2024-08-07 16:59:53.334 [info] > git check-ignore -v -z --stdin [1ms]
2024-08-07 17:10:31.275 [info] > git config --get commit.template [5ms]
2024-08-07 17:10:31.276 [info] > git for-each-ref --format=%(refname)%00%(upstream:short)%00%(objectname)%00%(upstream:track)%00%(upstream:remotename)%00%(upstream:remoteref) refs/heads/dev refs/remotes/dev [1ms]
2024-08-07 17:10:31.283 [info] > git status -z -uall [2ms]
2024-08-07 17:10:31.290 [info] > git for-each-ref --format=%(refname)%00%(upstream:short)%00%(objectname)%00%(upstream:track)%00%(upstream:remotename)%00%(upstream:remoteref) refs/heads/dev refs/remotes/dev [2ms]
2024-08-07 17:10:31.296 [info] > git config --local branch.dev.vscode-merge-base [1ms]
2024-08-07 17:10:31.302 [info] > git for-each-ref --format=%(refname)%00%(upstream:short)%00%(objectname)%00%(upstream:track)%00%(upstream:remotename)%00%(upstream:remoteref) refs/heads/origin/main refs/remotes/origin/main [1ms]
