2024-08-07 16:45:08.680 [info] Extension host with pid 22960 started
2024-08-07 16:45:08.680 [info] Skipping acquiring lock for /home/urielsantiago/.config/Code - OSS/User/workspaceStorage/9f0eefadc40e6f36183d83571cd5a0b2.
2024-08-07 16:45:08.775 [info] ExtensionService#_doActivateExtension vscode.emmet, startup: false, activationEvent: 'onLanguage'
2024-08-07 16:45:08.786 [info] ExtensionService#_doActivateExtension vscode.extension-editing, startup: false, activationEvent: 'onLanguage:markdown'
2024-08-07 16:45:08.795 [info] ExtensionService#_doActivateExtension vscode.markdown-language-features, startup: false, activationEvent: 'onLanguage:markdown'
2024-08-07 16:45:08.993 [info] ExtensionService#_doActivateExtension vscode.git-base, startup: true, activationEvent: '*', root cause: vscode.git
2024-08-07 16:45:09.038 [info] ExtensionService#_doActivateExtension vscode.markdown-math, startup: false, activationEvent: 'api', root cause: vscode.markdown-language-features
2024-08-07 16:45:09.051 [info] ExtensionService#_doActivateExtension vscode.git, startup: true, activationEvent: '*'
2024-08-07 16:45:09.096 [info] ExtensionService#_doActivateExtension vscode.github, startup: true, activationEvent: '*'
2024-08-07 16:45:09.151 [info] Eager extensions activated
2024-08-07 16:45:09.166 [info] ExtensionService#_doActivateExtension vscode.debug-auto-launch, startup: false, activationEvent: 'onStartupFinished'
2024-08-07 16:45:09.168 [info] ExtensionService#_doActivateExtension vscode.merge-conflict, startup: false, activationEvent: 'onStartupFinished'
2024-08-07 16:45:09.243 [info] ExtensionService#_doActivateExtension vscode.github-authentication, startup: false, activationEvent: 'onAuthenticationRequest:github'
2024-08-07 16:45:14.660 [info] ExtensionService#_doActivateExtension James-Yu.latex-workshop, startup: false, activationEvent: 'onLanguage:latex'
2024-08-07 16:45:14.872 [warning] DiagnosticCollection with name 'BibTeX' does already exist.
2024-08-07 16:49:00.838 [info] Extension host terminating: renderer closed the MessagePort
2024-08-07 16:49:00.846 [error] Canceled: Canceled
	at new C (/usr/lib/code/out/vs/workbench/api/node/extensionHostProcess.js:144:35204)
	at E.U (/usr/lib/code/out/vs/workbench/api/node/extensionHostProcess.js:151:6017)
	at B.<computed>.j.charCodeAt.R.CharCode.DollarSign.B.<computed> (/usr/lib/code/out/vs/workbench/api/node/extensionHostProcess.js:151:3107)
	at d.g (/usr/lib/code/out/vs/workbench/api/node/extensionHostProcess.js:154:205942)
	at d.executeCommand (/usr/lib/code/out/vs/workbench/api/node/extensionHostProcess.js:154:205380)
	at A.registerCommand.description (/usr/lib/code/out/vs/workbench/api/node/extensionHostProcess.js:154:204704)
	at d.h (/usr/lib/code/out/vs/workbench/api/node/extensionHostProcess.js:154:206481)
	at d.g (/usr/lib/code/out/vs/workbench/api/node/extensionHostProcess.js:154:205473)
	at d.executeCommand (/usr/lib/code/out/vs/workbench/api/node/extensionHostProcess.js:154:205380)
	at Object.executeCommand (/usr/lib/code/out/vs/workbench/api/node/extensionHostProcess.js:164:23060)
	at i.O [as value] (/usr/lib/code/extensions/git/dist/main.js:2:951642)
	at n.B (/usr/lib/code/out/vs/workbench/api/node/extensionHostProcess.js:83:737)
	at n.C (/usr/lib/code/out/vs/workbench/api/node/extensionHostProcess.js:83:807)
	at n.fire (/usr/lib/code/out/vs/workbench/api/node/extensionHostProcess.js:83:1023)
	at Object.p [as dispose] (/usr/lib/code/extensions/git/dist/main.js:2:972220)
	at /usr/lib/code/extensions/git/dist/main.js:2:978342
	at Array.forEach (<anonymous>)
	at f.dispose (/usr/lib/code/extensions/git/dist/main.js:2:978328)
	at a.<anonymous> (/usr/lib/code/out/vs/workbench/api/node/extensionHostProcess.js:152:4173)
	at a.dispose (/usr/lib/code/out/vs/workbench/api/node/extensionHostProcess.js:152:4270)
	at a.<anonymous> (/usr/lib/code/extensions/git/dist/main.js:2:953940)
	at a.dispose (/usr/lib/code/out/vs/workbench/api/node/extensionHostProcess.js:152:4270)
	at $ (/usr/lib/code/out/vs/workbench/api/node/extensionHostProcess.js:30:744)
	at /usr/lib/code/out/vs/workbench/api/node/extensionHostProcess.js:160:13379
	at /usr/lib/code/out/vs/workbench/api/node/extensionHostProcess.js:30:1112
	at Object.dispose (/usr/lib/code/out/vs/workbench/api/node/extensionHostProcess.js:11:11354)
	at m.eb (/usr/lib/code/out/vs/workbench/api/node/extensionHostProcess.js:160:10056)
	at /usr/lib/code/out/vs/workbench/api/node/extensionHostProcess.js:160:7927
	at Array.map (<anonymous>)
	at m.$ (/usr/lib/code/out/vs/workbench/api/node/extensionHostProcess.js:160:7914)
	at m.terminate (/usr/lib/code/out/vs/workbench/api/node/extensionHostProcess.js:160:8187)
	at $.terminate (/usr/lib/code/out/vs/workbench/api/node/extensionHostProcess.js:164:1513)
	at o (/usr/lib/code/out/vs/workbench/api/node/extensionHostProcess.js:177:10633)
	at MessagePortMain.<anonymous> (/usr/lib/code/out/vs/workbench/api/node/extensionHostProcess.js:177:6825)
	at MessagePortMain.emit (node:events:519:28)
	at MessagePortMain._internalPort.emit (node:electron/js2c/utility_init:2:2619) setContext undefined
2024-08-07 16:49:00.847 [error] Canceled: Canceled
	at new C (/usr/lib/code/out/vs/workbench/api/node/extensionHostProcess.js:144:35204)
	at E.U (/usr/lib/code/out/vs/workbench/api/node/extensionHostProcess.js:151:6017)
	at B.<computed>.j.charCodeAt.R.CharCode.DollarSign.B.<computed> (/usr/lib/code/out/vs/workbench/api/node/extensionHostProcess.js:151:3107)
	at d.g (/usr/lib/code/out/vs/workbench/api/node/extensionHostProcess.js:154:205942)
	at d.executeCommand (/usr/lib/code/out/vs/workbench/api/node/extensionHostProcess.js:154:205380)
	at A.registerCommand.description (/usr/lib/code/out/vs/workbench/api/node/extensionHostProcess.js:154:204704)
	at d.h (/usr/lib/code/out/vs/workbench/api/node/extensionHostProcess.js:154:206481)
	at d.g (/usr/lib/code/out/vs/workbench/api/node/extensionHostProcess.js:154:205473)
	at d.executeCommand (/usr/lib/code/out/vs/workbench/api/node/extensionHostProcess.js:154:205380)
	at Object.executeCommand (/usr/lib/code/out/vs/workbench/api/node/extensionHostProcess.js:164:23060)
	at set hasGitHubRepositories (/usr/lib/code/extensions/github/dist/extension.js:2:322969)
	at /usr/lib/code/extensions/github/dist/extension.js:2:323928
	at i.value (/usr/lib/code/extensions/git/dist/main.js:2:1060193)
	at n.B (/usr/lib/code/out/vs/workbench/api/node/extensionHostProcess.js:83:737)
	at n.C (/usr/lib/code/out/vs/workbench/api/node/extensionHostProcess.js:83:807)
	at n.fire (/usr/lib/code/out/vs/workbench/api/node/extensionHostProcess.js:83:1023)
	at Object.p [as dispose] (/usr/lib/code/extensions/git/dist/main.js:2:972220)
	at /usr/lib/code/extensions/git/dist/main.js:2:978342
	at Array.forEach (<anonymous>)
	at f.dispose (/usr/lib/code/extensions/git/dist/main.js:2:978328)
	at a.<anonymous> (/usr/lib/code/out/vs/workbench/api/node/extensionHostProcess.js:152:4173)
	at a.dispose (/usr/lib/code/out/vs/workbench/api/node/extensionHostProcess.js:152:4270)
	at a.<anonymous> (/usr/lib/code/extensions/git/dist/main.js:2:953940)
	at a.dispose (/usr/lib/code/out/vs/workbench/api/node/extensionHostProcess.js:152:4270)
	at $ (/usr/lib/code/out/vs/workbench/api/node/extensionHostProcess.js:30:744)
	at /usr/lib/code/out/vs/workbench/api/node/extensionHostProcess.js:160:13379
	at /usr/lib/code/out/vs/workbench/api/node/extensionHostProcess.js:30:1112
	at Object.dispose (/usr/lib/code/out/vs/workbench/api/node/extensionHostProcess.js:11:11354)
	at m.eb (/usr/lib/code/out/vs/workbench/api/node/extensionHostProcess.js:160:10056)
	at /usr/lib/code/out/vs/workbench/api/node/extensionHostProcess.js:160:7927
	at Array.map (<anonymous>)
	at m.$ (/usr/lib/code/out/vs/workbench/api/node/extensionHostProcess.js:160:7914)
	at m.terminate (/usr/lib/code/out/vs/workbench/api/node/extensionHostProcess.js:160:8187)
	at $.terminate (/usr/lib/code/out/vs/workbench/api/node/extensionHostProcess.js:164:1513)
	at o (/usr/lib/code/out/vs/workbench/api/node/extensionHostProcess.js:177:10633)
	at MessagePortMain.<anonymous> (/usr/lib/code/out/vs/workbench/api/node/extensionHostProcess.js:177:6825)
	at MessagePortMain.emit (node:events:519:28)
	at MessagePortMain._internalPort.emit (node:electron/js2c/utility_init:2:2619) setContext undefined
2024-08-07 16:49:00.847 [info] Extension host with pid 22960 exiting with code 0
