2024-08-07 23:01:26.372 [info] [main] Log level: Info
2024-08-07 23:01:26.373 [info] [main] Validating found git in: "git"
2024-08-07 23:01:26.373 [info] [main] Using git "2.46.0" from "git"
2024-08-07 23:01:26.373 [info] [Model][doInitialScan] Initial repository scan started
2024-08-07 23:01:26.373 [info] > git rev-parse --show-toplevel [5ms]
2024-08-07 23:01:26.373 [info] > git rev-parse --git-dir --git-common-dir [2ms]
2024-08-07 23:01:26.373 [info] [Model][openRepository] Opened repository: /home/urielsantiago/Documents/GitHub/dissertation
2024-08-07 23:01:26.379 [info] > git config --get commit.template [2ms]
2024-08-07 23:01:26.391 [info] > git rev-parse --show-toplevel [2ms]
2024-08-07 23:01:26.391 [info] > git for-each-ref --format=%(refname)%00%(upstream:short)%00%(objectname)%00%(upstream:track)%00%(upstream:remotename)%00%(upstream:remoteref) refs/heads/dev refs/remotes/dev [7ms]
2024-08-07 23:01:26.402 [info] > git status -z -uall [7ms]
2024-08-07 23:01:26.413 [info] > git for-each-ref --format=%(refname)%00%(upstream:short)%00%(objectname)%00%(upstream:track)%00%(upstream:remotename)%00%(upstream:remoteref) refs/heads/dev refs/remotes/dev [7ms]
2024-08-07 23:01:26.418 [info] > git rev-parse --show-toplevel [15ms]
2024-08-07 23:01:26.423 [info] > git config --local branch.dev.vscode-merge-base [6ms]
2024-08-07 23:01:26.428 [info] > git config --get commit.template [14ms]
2024-08-07 23:01:26.429 [info] > git for-each-ref --format=%(refname)%00%(upstream:short)%00%(objectname)%00%(upstream:track)%00%(upstream:remotename)%00%(upstream:remoteref) refs/heads/origin/main refs/remotes/origin/main [2ms]
2024-08-07 23:01:26.429 [info] > git rev-parse --show-toplevel [7ms]
2024-08-07 23:01:26.444 [info] > git rev-parse --show-toplevel [2ms]
2024-08-07 23:01:26.444 [info] > git for-each-ref --format=%(refname)%00%(upstream:short)%00%(objectname)%00%(upstream:track)%00%(upstream:remotename)%00%(upstream:remoteref) refs/heads/dev refs/remotes/dev [6ms]
2024-08-07 23:01:26.454 [info] > git status -z -uall [6ms]
2024-08-07 23:01:26.461 [info] > git for-each-ref --format=%(refname)%00%(upstream:short)%00%(objectname)%00%(upstream:track)%00%(upstream:remotename)%00%(upstream:remoteref) refs/heads/dev refs/remotes/dev [3ms]
2024-08-07 23:01:26.466 [info] > git rev-parse --show-toplevel [13ms]
2024-08-07 23:01:26.472 [info] > git config --local branch.dev.vscode-merge-base [6ms]
2024-08-07 23:01:26.479 [info] > git for-each-ref --format=%(refname)%00%(upstream:short)%00%(objectname)%00%(upstream:track)%00%(upstream:remotename)%00%(upstream:remoteref) refs/heads/origin/main refs/remotes/origin/main [3ms]
2024-08-07 23:01:26.479 [info] > git rev-parse --show-toplevel [8ms]
2024-08-07 23:01:26.484 [info] > git rev-parse --show-toplevel [1ms]
2024-08-07 23:01:26.492 [info] > git rev-parse --show-toplevel [2ms]
2024-08-07 23:01:26.492 [info] [Model][doInitialScan] Initial repository scan completed - repositories (1), closed repositories (0), parent repositories (0), unsafe repositories (0)
2024-08-07 23:01:26.898 [info] > git check-ignore -v -z --stdin [1ms]
2024-08-07 23:01:33.847 [info] > git show --textconv :index.tex [48ms]
2024-08-07 23:01:33.849 [info] > git ls-files --stage -- /home/urielsantiago/Documents/GitHub/dissertation/index.tex [45ms]
2024-08-07 23:01:33.858 [info] > git cat-file -s f7279848b0ac19daf892298de020298f1b873b3a [5ms]
2024-08-07 23:06:26.075 [info] > git config --get commit.template [2ms]
2024-08-07 23:06:26.080 [info] > git for-each-ref --format=%(refname)%00%(upstream:short)%00%(objectname)%00%(upstream:track)%00%(upstream:remotename)%00%(upstream:remoteref) refs/heads/dev refs/remotes/dev [1ms]
2024-08-07 23:06:26.088 [info] > git status -z -uall [5ms]
2024-08-07 23:06:26.094 [info] > git check-ignore -v -z --stdin [6ms]
2024-08-07 23:06:26.094 [info] > git for-each-ref --format=%(refname)%00%(upstream:short)%00%(objectname)%00%(upstream:track)%00%(upstream:remotename)%00%(upstream:remoteref) refs/heads/dev refs/remotes/dev [1ms]
2024-08-07 23:06:26.099 [info] > git config --local branch.dev.vscode-merge-base [0ms]
2024-08-07 23:06:26.104 [info] > git for-each-ref --format=%(refname)%00%(upstream:short)%00%(objectname)%00%(upstream:track)%00%(upstream:remotename)%00%(upstream:remoteref) refs/heads/origin/main refs/remotes/origin/main [0ms]
2024-08-07 23:06:31.110 [info] > git config --get commit.template [5ms]
2024-08-07 23:06:31.110 [info] > git for-each-ref --format=%(refname)%00%(upstream:short)%00%(objectname)%00%(upstream:track)%00%(upstream:remotename)%00%(upstream:remoteref) refs/heads/dev refs/remotes/dev [1ms]
2024-08-07 23:06:31.116 [info] > git status -z -uall [2ms]
2024-08-07 23:06:31.121 [info] > git for-each-ref --format=%(refname)%00%(upstream:short)%00%(objectname)%00%(upstream:track)%00%(upstream:remotename)%00%(upstream:remoteref) refs/heads/dev refs/remotes/dev [1ms]
2024-08-07 23:06:31.125 [info] > git config --local branch.dev.vscode-merge-base [0ms]
2024-08-07 23:06:31.131 [info] > git for-each-ref --format=%(refname)%00%(upstream:short)%00%(objectname)%00%(upstream:track)%00%(upstream:remotename)%00%(upstream:remoteref) refs/heads/origin/main refs/remotes/origin/main [2ms]
2024-08-07 23:06:36.136 [info] > git config --get commit.template [4ms]
2024-08-07 23:06:36.137 [info] > git for-each-ref --format=%(refname)%00%(upstream:short)%00%(objectname)%00%(upstream:track)%00%(upstream:remotename)%00%(upstream:remoteref) refs/heads/dev refs/remotes/dev [1ms]
2024-08-07 23:06:36.144 [info] > git status -z -uall [3ms]
2024-08-07 23:06:36.151 [info] > git for-each-ref --format=%(refname)%00%(upstream:short)%00%(objectname)%00%(upstream:track)%00%(upstream:remotename)%00%(upstream:remoteref) refs/heads/dev refs/remotes/dev [1ms]
2024-08-07 23:06:36.155 [info] > git config --local branch.dev.vscode-merge-base [1ms]
2024-08-07 23:06:36.160 [info] > git for-each-ref --format=%(refname)%00%(upstream:short)%00%(objectname)%00%(upstream:track)%00%(upstream:remotename)%00%(upstream:remoteref) refs/heads/origin/main refs/remotes/origin/main [1ms]
2024-08-07 23:06:45.165 [info] > git show --textconv :index.tex [5ms]
2024-08-07 23:06:45.165 [info] > git ls-files --stage -- /home/urielsantiago/Documents/GitHub/dissertation/index.tex [1ms]
2024-08-07 23:06:45.170 [info] > git cat-file -s f7279848b0ac19daf892298de020298f1b873b3a [1ms]
